\BOOKMARK [0][-]{chapter.1}{\376\377\0001\000\040\000E\000x\000a\000m\000p\000l\000e\000:\000\040\0000\0000\000-\000h\000e\000l\000l\000o\000-\000w\000o\000r\000l\000d}{}% 1
\BOOKMARK [0][-]{chapter.2}{\376\377\0002\000\040\000B\000e\000n\000c\000h\000m\000a\000r\000k\000i\000n\000g}{}% 2
\BOOKMARK [0][-]{chapter.3}{\376\377\0003\000\040\000C\000o\000n\000t\000r\000i\000b\000u\000t\000o\000r\000\040\000C\000o\000d\000e\000\040\000o\000f\000\040\000C\000o\000n\000d\000u\000c\000t}{}% 3
\BOOKMARK [0][-]{chapter.4}{\376\377\0004\000\040\000M\000o\000d\000e\000l\000M\000e\000a\000s\000l\000e\000s\000M\000i\000x\000i\000n\000g}{}% 4
\BOOKMARK [1][-]{section.4.1}{\376\377\0004\000.\0001\000\040\000O\000v\000e\000r\000v\000i\000e\000w}{chapter.4}% 5
\BOOKMARK [1][-]{section.4.2}{\376\377\0004\000.\0002\000\040\000D\000i\000s\000e\000a\000s\000e\000\040\000S\000t\000a\000t\000e\000s}{chapter.4}% 6
\BOOKMARK [1][-]{section.4.3}{\376\377\0004\000.\0003\000\040\000K\000e\000y\000\040\000F\000e\000a\000t\000u\000r\000e\000s}{chapter.4}% 7
\BOOKMARK [2][-]{subsection.4.3.1}{\376\377\0004\000.\0003\000.\0001\000\040\000D\000i\000s\000e\000a\000s\000e\000\040\000P\000r\000o\000g\000r\000e\000s\000s\000i\000o\000n}{section.4.3}% 8
\BOOKMARK [2][-]{subsection.4.3.2}{\376\377\0004\000.\0003\000.\0002\000\040\000P\000o\000p\000u\000l\000a\000t\000i\000o\000n\000\040\000M\000i\000x\000i\000n\000g}{section.4.3}% 9
\BOOKMARK [2][-]{subsection.4.3.3}{\376\377\0004\000.\0003\000.\0003\000\040\000P\000u\000b\000l\000i\000c\000\040\000H\000e\000a\000l\000t\000h\000\040\000M\000e\000a\000s\000u\000r\000e\000s}{section.4.3}% 10
\BOOKMARK [1][-]{section.4.4}{\376\377\0004\000.\0004\000\040\000P\000a\000r\000a\000m\000e\000t\000e\000r\000s}{chapter.4}% 11
\BOOKMARK [2][-]{subsection.4.4.1}{\376\377\0004\000.\0004\000.\0001\000\040\000D\000i\000s\000e\000a\000s\000e\000\040\000P\000a\000r\000a\000m\000e\000t\000e\000r\000s}{section.4.4}% 12
\BOOKMARK [2][-]{subsection.4.4.2}{\376\377\0004\000.\0004\000.\0002\000\040\000D\000e\000t\000e\000c\000t\000i\000o\000n\000\040\000a\000n\000d\000\040\000I\000s\000o\000l\000a\000t\000i\000o\000n}{section.4.4}% 13
\BOOKMARK [2][-]{subsection.4.4.3}{\376\377\0004\000.\0004\000.\0003\000\040\000C\000o\000n\000t\000a\000c\000t\000\040\000T\000r\000a\000c\000i\000n\000g\000\040\000a\000n\000d\000\040\000Q\000u\000a\000r\000a\000n\000t\000i\000n\000e}{section.4.4}% 14
\BOOKMARK [2][-]{subsection.4.4.4}{\376\377\0004\000.\0004\000.\0004\000\040\000V\000a\000c\000c\000i\000n\000a\000t\000i\000o\000n}{section.4.4}% 15
\BOOKMARK [1][-]{section.4.5}{\376\377\0004\000.\0005\000\040\000U\000s\000a\000g\000e\000\040\000E\000x\000a\000m\000p\000l\000e}{chapter.4}% 16
\BOOKMARK [1][-]{section.4.6}{\376\377\0004\000.\0006\000\040\000D\000i\000f\000f\000e\000r\000e\000n\000c\000e\000s\000\040\000f\000r\000o\000m\000\040\000O\000t\000h\000e\000r\000\040\000M\000o\000d\000e\000l\000s}{chapter.4}% 17
\BOOKMARK [2][-]{subsection.4.6.1}{\376\377\0004\000.\0006\000.\0001\000\040\000v\000s\000.\000\040\000M\000o\000d\000e\000l\000M\000e\000a\000s\000l\000e\000s\000S\000c\000h\000o\000o\000l}{section.4.6}% 18
\BOOKMARK [2][-]{subsection.4.6.2}{\376\377\0004\000.\0006\000.\0002\000\040\000v\000s\000.\000\040\000M\000o\000d\000e\000l\000S\000E\000I\000R\000M\000i\000x\000i\000n\000g\000Q\000u\000a\000r\000a\000n\000t\000i\000n\000e}{section.4.6}% 19
\BOOKMARK [1][-]{section.4.7}{\376\377\0004\000.\0007\000\040\000T\000e\000s\000t\000i\000n\000g}{chapter.4}% 20
\BOOKMARK [0][-]{chapter.5}{\376\377\0005\000\040\000M\000o\000d\000e\000l\000M\000e\000a\000s\000l\000e\000s\000M\000i\000x\000i\000n\000g\000R\000i\000s\000k\000Q\000u\000a\000r\000a\000n\000t\000i\000n\000e}{}% 21
\BOOKMARK [1][-]{section.5.1}{\376\377\0005\000.\0001\000\040\000O\000v\000e\000r\000v\000i\000e\000w}{chapter.5}% 22
\BOOKMARK [2][-]{subsection.5.1.1}{\376\377\0005\000.\0001\000.\0001\000\040\000K\000e\000y\000\040\000F\000e\000a\000t\000u\000r\000e\000s}{section.5.1}% 23
\BOOKMARK [1][-]{section.5.2}{\376\377\0005\000.\0002\000\040\000D\000i\000s\000e\000a\000s\000e\000\040\000S\000t\000a\000t\000e\000s}{chapter.5}% 24
\BOOKMARK [1][-]{section.5.3}{\376\377\0005\000.\0003\000\040\000R\000i\000s\000k\000\040\000C\000l\000a\000s\000s\000i\000f\000i\000c\000a\000t\000i\000o\000n\000\040\000S\000y\000s\000t\000e\000m}{chapter.5}% 25
\BOOKMARK [2][-]{subsection.5.3.1}{\376\377\0005\000.\0003\000.\0001\000\040\000H\000i\000g\000h\000\040\000R\000i\000s\000k}{section.5.3}% 26
\BOOKMARK [2][-]{subsection.5.3.2}{\376\377\0005\000.\0003\000.\0002\000\040\000M\000e\000d\000i\000u\000m\000\040\000R\000i\000s\000k}{section.5.3}% 27
\BOOKMARK [2][-]{subsection.5.3.3}{\376\377\0005\000.\0003\000.\0003\000\040\000L\000o\000w\000\040\000R\000i\000s\000k}{section.5.3}% 28
\BOOKMARK [1][-]{section.5.4}{\376\377\0005\000.\0004\000\040\000E\000n\000h\000a\000n\000c\000e\000d\000\040\000D\000e\000t\000e\000c\000t\000i\000o\000n}{chapter.5}% 29
\BOOKMARK [1][-]{section.5.5}{\376\377\0005\000.\0005\000\040\000P\000a\000r\000a\000m\000e\000t\000e\000r\000s}{chapter.5}% 30
\BOOKMARK [2][-]{subsection.5.5.1}{\376\377\0005\000.\0005\000.\0001\000\040\000D\000i\000s\000e\000a\000s\000e\000\040\000P\000a\000r\000a\000m\000e\000t\000e\000r\000s}{section.5.5}% 31
\BOOKMARK [2][-]{subsection.5.5.2}{\376\377\0005\000.\0005\000.\0002\000\040\000D\000e\000t\000e\000c\000t\000i\000o\000n\000\040\000a\000n\000d\000\040\000I\000s\000o\000l\000a\000t\000i\000o\000n}{section.5.5}% 32
\BOOKMARK [2][-]{subsection.5.5.3}{\376\377\0005\000.\0005\000.\0003\000\040\000R\000i\000s\000k\000-\000b\000a\000s\000e\000d\000\040\000Q\000u\000a\000r\000a\000n\000t\000i\000n\000e}{section.5.5}% 33
\BOOKMARK [2][-]{subsection.5.5.4}{\376\377\0005\000.\0005\000.\0004\000\040\000C\000o\000n\000t\000a\000c\000t\000\040\000T\000r\000a\000c\000i\000n\000g}{section.5.5}% 34
\BOOKMARK [2][-]{subsection.5.5.5}{\376\377\0005\000.\0005\000.\0005\000\040\000V\000a\000c\000c\000i\000n\000a\000t\000i\000o\000n}{section.5.5}% 35
\BOOKMARK [1][-]{section.5.6}{\376\377\0005\000.\0006\000\040\000U\000s\000a\000g\000e\000\040\000E\000x\000a\000m\000p\000l\000e}{chapter.5}% 36
\BOOKMARK [1][-]{section.5.7}{\376\377\0005\000.\0007\000\040\000D\000i\000f\000f\000e\000r\000e\000n\000c\000e\000s\000\040\000f\000r\000o\000m\000\040\000O\000t\000h\000e\000r\000\040\000M\000o\000d\000e\000l\000s}{chapter.5}% 37
\BOOKMARK [2][-]{subsection.5.7.1}{\376\377\0005\000.\0007\000.\0001\000\040\000v\000s\000.\000\040\000M\000o\000d\000e\000l\000M\000e\000a\000s\000l\000e\000s\000M\000i\000x\000i\000n\000g}{section.5.7}% 38
\BOOKMARK [2][-]{subsection.5.7.2}{\376\377\0005\000.\0007\000.\0002\000\040\000v\000s\000.\000\040\000M\000o\000d\000e\000l\000M\000e\000a\000s\000l\000e\000s\000S\000c\000h\000o\000o\000l}{section.5.7}% 39
\BOOKMARK [1][-]{section.5.8}{\376\377\0005\000.\0008\000\040\000T\000e\000s\000t\000i\000n\000g}{chapter.5}% 40
\BOOKMARK [1][-]{section.5.9}{\376\377\0005\000.\0009\000\040\000A\000p\000p\000l\000i\000c\000a\000t\000i\000o\000n\000s}{chapter.5}% 41
\BOOKMARK [1][-]{section.5.10}{\376\377\0005\000.\0001\0000\000\040\000I\000m\000p\000l\000e\000m\000e\000n\000t\000a\000t\000i\000o\000n\000\040\000N\000o\000t\000e\000s}{chapter.5}% 42
\BOOKMARK [0][-]{chapter.6}{\376\377\0006\000\040\000e\000p\000i\000w\000o\000r\000l\000d\000\040\000c\000+\000+\000\040\000t\000e\000m\000p\000l\000a\000t\000e\000\040\000l\000i\000b\000r\000a\000r\000y}{}% 43
\BOOKMARK [1][-]{section.6.1}{\376\377\0006\000.\0001\000\040\000M\000a\000i\000n\000\040\000f\000e\000a\000t\000u\000r\000e\000s}{chapter.6}% 44
\BOOKMARK [1][-]{section.6.2}{\376\377\0006\000.\0002\000\040\000A\000l\000g\000o\000r\000i\000t\000h\000m}{chapter.6}% 45
\BOOKMARK [1][-]{section.6.3}{\376\377\0006\000.\0003\000\040\000H\000e\000l\000l\000o\000\040\000w\000o\000r\000l\000d\000\040\000\050\000C\000+\000+\000\051}{chapter.6}% 46
\BOOKMARK [1][-]{section.6.4}{\376\377\0006\000.\0004\000\040\000S\000u\000r\000v\000e\000i\000l\000l\000a\000n\000c\000e\000\040\000s\000i\000m\000u\000l\000a\000t\000i\000o\000n}{chapter.6}% 47
\BOOKMARK [2][-]{subsection.6.4.1}{\376\377\0006\000.\0004\000.\0001\000\040\000P\000r\000e\000l\000i\000m\000i\000n\000a\000r\000y\000\040\000r\000e\000s\000u\000l\000t\000s}{section.6.4}% 48
\BOOKMARK [2][-]{subsection.6.4.2}{\376\377\0006\000.\0004\000.\0002\000\040\000C\000a\000s\000e\000s\000\040\000d\000e\000t\000e\000c\000t\000e\000d}{section.6.4}% 49
\BOOKMARK [0][-]{chapter.7}{\376\377\0007\000\040\000G\000e\000n\000e\000r\000a\000l\000\040\000p\000a\000r\000a\000m\000e\000t\000e\000r\000s}{}% 50
\BOOKMARK [1][-]{section.7.1}{\376\377\0007\000.\0001\000\040\000C\000o\000m\000p\000a\000r\000t\000m\000e\000n\000t\000a\000l\000\040\000M\000o\000d\000e\000l\000s}{chapter.7}% 51
\BOOKMARK [2][-]{subsection.7.1.1}{\376\377\0007\000.\0001\000.\0001\000\040\000S\000I\000R\000\040\000M\000o\000d\000e\000l}{section.7.1}% 52
\BOOKMARK [2][-]{subsection.7.1.2}{\376\377\0007\000.\0001\000.\0002\000\040\000S\000E\000I\000R\000\040\000M\000o\000d\000e\000l}{section.7.1}% 53
\BOOKMARK [1][-]{section.7.2}{\376\377\0007\000.\0002\000\040\000A\000g\000e\000n\000t\000-\000B\000a\000s\000e\000d\000\040\000M\000o\000d\000e\000l\000\040\000A\000p\000p\000r\000o\000a\000c\000h}{chapter.7}% 54
\BOOKMARK [2][-]{subsection.7.2.1}{\376\377\0007\000.\0002\000.\0001\000\040\000M\000a\000t\000h\000e\000m\000a\000t\000i\000c\000a\000l\000\040\000p\000r\000e\000l\000i\000m\000i\000n\000a\000r\000i\000e\000s}{section.7.2}% 55
\BOOKMARK [2][-]{subsection.7.2.2}{\376\377\0007\000.\0002\000.\0002\000\040\000S\000i\000m\000u\000l\000a\000t\000i\000o\000n\000\040\000s\000t\000u\000d\000y}{section.7.2}% 56
\BOOKMARK [1][-]{section.7.3}{\376\377\0007\000.\0003\000\040\000C\000o\000m\000p\000a\000r\000i\000n\000g\000\040\000A\000B\000M\000\040\000w\000i\000t\000h\000\040\000C\000o\000m\000p\000a\000r\000t\000m\000e\000n\000t\000a\000l\000\040\000M\000o\000d\000e\000l\000s}{chapter.7}% 57
\BOOKMARK [2][-]{subsection.7.3.1}{\376\377\0007\000.\0003\000.\0001\000\040\000S\000I\000R}{section.7.3}% 58
\BOOKMARK [2][-]{subsection.7.3.2}{\376\377\0007\000.\0003\000.\0002\000\040\000S\000E\000I\000R}{section.7.3}% 59
\BOOKMARK [2][-]{subsection.7.3.3}{\376\377\0007\000.\0003\000.\0003\000\040\000R\000a\000t\000e\000s}{section.7.3}% 60
\BOOKMARK [0][-]{chapter.8}{\376\377\0008\000\040\000M\000I\000T\000\040\000L\000i\000c\000e\000n\000s\000e}{}% 61
\BOOKMARK [0][-]{chapter.9}{\376\377\0009\000\040\000m\000o\000d\000e\000l\0001}{}% 62
\BOOKMARK [0][-]{chapter.10}{\376\377\0001\0000\000\040\000M\000i\000x\000i\000n\000g\000\040\000p\000r\000o\000b\000a\000b\000i\000l\000i\000t\000i\000e\000s\000\040\000i\000n\000\040\000c\000o\000n\000n\000e\000c\000t\000e\000d\000\040\000m\000o\000d\000e\000l}{}% 63
\BOOKMARK [1][-]{section.10.1}{\376\377\0001\0000\000.\0001\000\040\000C\000a\000s\000e\000\040\0001\000:\000\040\000N\000o\000\040\000g\000r\000o\000u\000p\000i\000n\000g}{chapter.10}% 64
\BOOKMARK [1][-]{section.10.2}{\376\377\0001\0000\000.\0002\000\040\000C\000a\000s\000e\000\040\0002\000:\000\040\000G\000r\000o\000u\000p\000i\000n\000g}{chapter.10}% 65
\BOOKMARK [0][-]{chapter.11}{\376\377\0001\0001\000\040\000E\000P\000I\000\040\000S\000i\000m\000u\000l\000a\000t\000o\000r}{}% 66
\BOOKMARK [1][-]{section.11.1}{\376\377\0001\0001\000.\0001\000\040\000D\000i\000s\000e\000a\000s\000e\000\040\000d\000y\000n\000a\000m\000i\000c\000s}{chapter.11}% 67
\BOOKMARK [1][-]{section.11.2}{\376\377\0001\0001\000.\0002\000\040\000N\000e\000t\000w\000o\000r\000k\000\040\000d\000y\000n\000a\000m\000i\000c\000s}{chapter.11}% 68
\BOOKMARK [1][-]{section.11.3}{\376\377\0001\0001\000.\0003\000\040\000C\000o\000n\000t\000a\000g\000i\000o\000n\000\040\000d\000y\000n\000a\000m\000i\000c\000s}{chapter.11}% 69
\BOOKMARK [1][-]{section.11.4}{\376\377\0001\0001\000.\0004\000\040\000T\000i\000m\000e\000\040\000d\000y\000n\000a\000m\000i\000c\000s}{chapter.11}% 70
\BOOKMARK [1][-]{section.11.5}{\376\377\0001\0001\000.\0005\000\040\000U\000p\000d\000a\000t\000i\000n\000g\000\040\000a\000g\000e\000n\000t\000\047\000s\000\040\000s\000t\000a\000t\000u\000s}{chapter.11}% 71
\BOOKMARK [2][-]{subsection.11.5.1}{\376\377\0001\0001\000.\0005\000.\0001\000\040\000O\000t\000h\000e\000r\000\040\000p\000a\000r\000a\000m\000e\000t\000e\000r\000s}{section.11.5}% 72
\BOOKMARK [0][-]{chapter.12}{\376\377\0001\0002\000\040\000N\000a\000m\000e\000s\000p\000a\000c\000e\000\040\000I\000n\000d\000e\000x}{}% 73
\BOOKMARK [1][-]{section.12.1}{\376\377\0001\0002\000.\0001\000\040\000N\000a\000m\000e\000s\000p\000a\000c\000e\000\040\000L\000i\000s\000t}{chapter.12}% 74
\BOOKMARK [0][-]{chapter.13}{\376\377\0001\0003\000\040\000H\000i\000e\000r\000a\000r\000c\000h\000i\000c\000a\000l\000\040\000I\000n\000d\000e\000x}{}% 75
\BOOKMARK [1][-]{section.13.1}{\376\377\0001\0003\000.\0001\000\040\000C\000l\000a\000s\000s\000\040\000H\000i\000e\000r\000a\000r\000c\000h\000y}{chapter.13}% 76
\BOOKMARK [0][-]{chapter.14}{\376\377\0001\0004\000\040\000C\000l\000a\000s\000s\000\040\000I\000n\000d\000e\000x}{}% 77
\BOOKMARK [1][-]{section.14.1}{\376\377\0001\0004\000.\0001\000\040\000C\000l\000a\000s\000s\000\040\000L\000i\000s\000t}{chapter.14}% 78
\BOOKMARK [0][-]{chapter.15}{\376\377\0001\0005\000\040\000F\000i\000l\000e\000\040\000I\000n\000d\000e\000x}{}% 79
\BOOKMARK [1][-]{section.15.1}{\376\377\0001\0005\000.\0001\000\040\000F\000i\000l\000e\000\040\000L\000i\000s\000t}{chapter.15}% 80
\BOOKMARK [0][-]{chapter.16}{\376\377\0001\0006\000\040\000N\000a\000m\000e\000s\000p\000a\000c\000e\000\040\000D\000o\000c\000u\000m\000e\000n\000t\000a\000t\000i\000o\000n}{}% 81
\BOOKMARK [1][-]{section.16.1}{\376\377\0001\0006\000.\0001\000\040\000s\000a\000m\000p\000l\000e\000r\000\040\000N\000a\000m\000e\000s\000p\000a\000c\000e\000\040\000R\000e\000f\000e\000r\000e\000n\000c\000e}{chapter.16}% 82
\BOOKMARK [2][-]{subsection.16.1.1}{\376\377\0001\0006\000.\0001\000.\0001\000\040\000D\000e\000t\000a\000i\000l\000e\000d\000\040\000D\000e\000s\000c\000r\000i\000p\000t\000i\000o\000n}{section.16.1}% 83
\BOOKMARK [2][-]{subsection.16.1.2}{\376\377\0001\0006\000.\0001\000.\0002\000\040\000F\000u\000n\000c\000t\000i\000o\000n\000\040\000D\000o\000c\000u\000m\000e\000n\000t\000a\000t\000i\000o\000n}{section.16.1}% 84
\BOOKMARK [3][-]{subsubsection.16.1.2.1}{\376\377\0001\0006\000.\0001\000.\0002\000.\0001\000\040\000m\000a\000k\000e\000\137\000s\000a\000m\000p\000l\000e\000\137\000v\000i\000r\000u\000s\000\137\000n\000e\000i\000g\000h\000b\000o\000r\000s\000\050\000\051}{subsection.16.1.2}% 85
\BOOKMARK [3][-]{subsubsection.16.1.2.2}{\376\377\0001\0006\000.\0001\000.\0002\000.\0002\000\040\000m\000a\000k\000e\000\137\000u\000p\000d\000a\000t\000e\000\137\000s\000u\000s\000c\000e\000p\000t\000i\000b\000l\000e\000\050\000\051}{subsection.16.1.2}% 86
\BOOKMARK [3][-]{subsubsection.16.1.2.3}{\376\377\0001\0006\000.\0001\000.\0002\000.\0003\000\040\000s\000a\000m\000p\000l\000e\000\137\000v\000i\000r\000u\000s\000\137\000s\000i\000n\000g\000l\000e\000\050\000\051}{subsection.16.1.2}% 87
\BOOKMARK [0][-]{chapter.17}{\376\377\0001\0007\000\040\000C\000l\000a\000s\000s\000\040\000D\000o\000c\000u\000m\000e\000n\000t\000a\000t\000i\000o\000n}{}% 88
\BOOKMARK [1][-]{section.17.1}{\376\377\0001\0007\000.\0001\000\040\000A\000d\000j\000L\000i\000s\000t\000\040\000C\000l\000a\000s\000s\000\040\000R\000e\000f\000e\000r\000e\000n\000c\000e}{chapter.17}% 89
\BOOKMARK [2][-]{subsection.17.1.1}{\376\377\0001\0007\000.\0001\000.\0001\000\040\000C\000o\000n\000s\000t\000r\000u\000c\000t\000o\000r\000\040\000\046\000\040\000D\000e\000s\000t\000r\000u\000c\000t\000o\000r\000\040\000D\000o\000c\000u\000m\000e\000n\000t\000a\000t\000i\000o\000n}{section.17.1}% 90
\BOOKMARK [3][-]{subsubsection.17.1.1.1}{\376\377\0001\0007\000.\0001\000.\0001\000.\0001\000\040\000A\000d\000j\000L\000i\000s\000t\000\050\000\051}{subsection.17.1.1}% 91
\BOOKMARK [2][-]{subsection.17.1.2}{\376\377\0001\0007\000.\0001\000.\0002\000\040\000M\000e\000m\000b\000e\000r\000\040\000F\000u\000n\000c\000t\000i\000o\000n\000\040\000D\000o\000c\000u\000m\000e\000n\000t\000a\000t\000i\000o\000n}{section.17.1}% 92
\BOOKMARK [3][-]{subsubsection.17.1.2.1}{\376\377\0001\0007\000.\0001\000.\0002\000.\0001\000\040\000r\000e\000a\000d\000\137\000e\000d\000g\000e\000l\000i\000s\000t\000\050\000\051}{subsection.17.1.2}% 93
\BOOKMARK [1][-]{section.17.2}{\376\377\0001\0007\000.\0002\000\040\000A\000g\000e\000n\000t\000<\000\040\000T\000S\000e\000q\000\040\000>\000\040\000C\000l\000a\000s\000s\000\040\000T\000e\000m\000p\000l\000a\000t\000e\000\040\000R\000e\000f\000e\000r\000e\000n\000c\000e}{chapter.17}% 94
\BOOKMARK [2][-]{subsection.17.2.1}{\376\377\0001\0007\000.\0002\000.\0001\000\040\000D\000e\000t\000a\000i\000l\000e\000d\000\040\000D\000e\000s\000c\000r\000i\000p\000t\000i\000o\000n}{section.17.2}% 95
\BOOKMARK [2][-]{subsection.17.2.2}{\376\377\0001\0007\000.\0002\000.\0002\000\040\000M\000e\000m\000b\000e\000r\000\040\000F\000u\000n\000c\000t\000i\000o\000n\000\040\000D\000o\000c\000u\000m\000e\000n\000t\000a\000t\000i\000o\000n}{section.17.2}% 96
\BOOKMARK [3][-]{subsubsection.17.2.2.1}{\376\377\0001\0007\000.\0002\000.\0002\000.\0001\000\040\000o\000p\000e\000r\000a\000t\000o\000r\000\050\000\051\000\050\000\051}{subsection.17.2.2}% 97
\BOOKMARK [3][-]{subsubsection.17.2.2.2}{\376\377\0001\0007\000.\0002\000.\0002\000.\0002\000\040\000s\000w\000a\000p\000\137\000n\000e\000i\000g\000h\000b\000o\000r\000s\000\050\000\051}{subsection.17.2.2}% 98
\BOOKMARK [2][-]{subsection.17.2.3}{\376\377\0001\0007\000.\0002\000.\0003\000\040\000F\000r\000i\000e\000n\000d\000s\000\040\000A\000n\000d\000\040\000R\000e\000l\000a\000t\000e\000d\000\040\000F\000u\000n\000c\000t\000i\000o\000n\000\040\000D\000o\000c\000u\000m\000e\000n\000t\000a\000t\000i\000o\000n}{section.17.2}% 99
\BOOKMARK [3][-]{subsubsection.17.2.3.1}{\376\377\0001\0007\000.\0002\000.\0003\000.\0001\000\040\000d\000e\000f\000a\000u\000l\000t\000\137\000r\000m\000\137\000e\000n\000t\000i\000t\000y}{subsection.17.2.3}% 100
\BOOKMARK [1][-]{section.17.3}{\376\377\0001\0007\000.\0003\000\040\000A\000g\000e\000n\000t\000s\000S\000a\000m\000p\000l\000e\000<\000\040\000T\000S\000e\000q\000\040\000>\000\040\000C\000l\000a\000s\000s\000\040\000T\000e\000m\000p\000l\000a\000t\000e\000\040\000R\000e\000f\000e\000r\000e\000n\000c\000e}{chapter.17}% 101
\BOOKMARK [2][-]{subsection.17.3.1}{\376\377\0001\0007\000.\0003\000.\0001\000\040\000D\000e\000t\000a\000i\000l\000e\000d\000\040\000D\000e\000s\000c\000r\000i\000p\000t\000i\000o\000n}{section.17.3}% 102
\BOOKMARK [2][-]{subsection.17.3.2}{\376\377\0001\0007\000.\0003\000.\0002\000\040\000C\000o\000n\000s\000t\000r\000u\000c\000t\000o\000r\000\040\000\046\000\040\000D\000e\000s\000t\000r\000u\000c\000t\000o\000r\000\040\000D\000o\000c\000u\000m\000e\000n\000t\000a\000t\000i\000o\000n}{section.17.3}% 103
\BOOKMARK [3][-]{subsubsection.17.3.2.1}{\376\377\0001\0007\000.\0003\000.\0002\000.\0001\000\040\000A\000g\000e\000n\000t\000s\000S\000a\000m\000p\000l\000e\000\050\000\051}{subsection.17.3.2}% 104
\BOOKMARK [1][-]{section.17.4}{\376\377\0001\0007\000.\0004\000\040\000D\000a\000t\000a\000B\000a\000s\000e\000<\000\040\000T\000S\000e\000q\000\040\000>\000\040\000C\000l\000a\000s\000s\000\040\000T\000e\000m\000p\000l\000a\000t\000e\000\040\000R\000e\000f\000e\000r\000e\000n\000c\000e}{chapter.17}% 105
\BOOKMARK [2][-]{subsection.17.4.1}{\376\377\0001\0007\000.\0004\000.\0001\000\040\000D\000e\000t\000a\000i\000l\000e\000d\000\040\000D\000e\000s\000c\000r\000i\000p\000t\000i\000o\000n}{section.17.4}% 106
\BOOKMARK [2][-]{subsection.17.4.2}{\376\377\0001\0007\000.\0004\000.\0002\000\040\000M\000e\000m\000b\000e\000r\000\040\000F\000u\000n\000c\000t\000i\000o\000n\000\040\000D\000o\000c\000u\000m\000e\000n\000t\000a\000t\000i\000o\000n}{section.17.4}% 107
\BOOKMARK [3][-]{subsubsection.17.4.2.1}{\376\377\0001\0007\000.\0004\000.\0002\000.\0001\000\040\000g\000e\000t\000\137\000g\000e\000n\000e\000r\000a\000t\000i\000o\000n\000\137\000t\000i\000m\000e\000\050\000\051}{subsection.17.4.2}% 108
\BOOKMARK [3][-]{subsubsection.17.4.2.2}{\376\377\0001\0007\000.\0004\000.\0002\000.\0002\000\040\000g\000e\000t\000\137\000r\000e\000p\000r\000o\000d\000u\000c\000t\000i\000v\000e\000\137\000n\000u\000m\000b\000e\000r\000\050\000\051}{subsection.17.4.2}% 109
\BOOKMARK [3][-]{subsubsection.17.4.2.3}{\376\377\0001\0007\000.\0004\000.\0002\000.\0003\000\040\000g\000e\000t\000\137\000t\000r\000a\000n\000s\000i\000t\000i\000o\000n\000\137\000p\000r\000o\000b\000a\000b\000i\000l\000i\000t\000y\000\050\000\051}{subsection.17.4.2}% 110
\BOOKMARK [3][-]{subsubsection.17.4.2.4}{\376\377\0001\0007\000.\0004\000.\0002\000.\0004\000\040\000g\000e\000t\000\137\000t\000r\000a\000n\000s\000m\000i\000s\000s\000i\000o\000n\000s\000\050\000\051}{subsection.17.4.2}% 111
\BOOKMARK [3][-]{subsubsection.17.4.2.5}{\376\377\0001\0007\000.\0004\000.\0002\000.\0005\000\040\000o\000p\000e\000r\000a\000t\000o\000r\000=\000=\000\050\000\051\000\040\000[\0001\000/\0002\000]}{subsection.17.4.2}% 112
\BOOKMARK [3][-]{subsubsection.17.4.2.6}{\376\377\0001\0007\000.\0004\000.\0002\000.\0006\000\040\000o\000p\000e\000r\000a\000t\000o\000r\000=\000=\000\050\000\051\000\040\000[\0002\000/\0002\000]}{subsection.17.4.2}% 113
\BOOKMARK [3][-]{subsubsection.17.4.2.7}{\376\377\0001\0007\000.\0004\000.\0002\000.\0007\000\040\000r\000e\000c\000o\000r\000d\000\137\000v\000i\000r\000u\000s\000\050\000\051}{subsection.17.4.2}% 114
\BOOKMARK [1][-]{section.17.5}{\376\377\0001\0007\000.\0005\000\040\000E\000n\000t\000i\000t\000i\000e\000s\000<\000\040\000T\000S\000e\000q\000\040\000>\000\040\000C\000l\000a\000s\000s\000\040\000T\000e\000m\000p\000l\000a\000t\000e\000\040\000R\000e\000f\000e\000r\000e\000n\000c\000e}{chapter.17}% 115
\BOOKMARK [2][-]{subsection.17.5.1}{\376\377\0001\0007\000.\0005\000.\0001\000\040\000D\000e\000t\000a\000i\000l\000e\000d\000\040\000D\000e\000s\000c\000r\000i\000p\000t\000i\000o\000n}{section.17.5}% 116
\BOOKMARK [1][-]{section.17.6}{\376\377\0001\0007\000.\0006\000\040\000E\000n\000t\000i\000t\000i\000e\000s\000\137\000c\000o\000n\000s\000t\000<\000\040\000T\000S\000e\000q\000\040\000>\000\040\000C\000l\000a\000s\000s\000\040\000T\000e\000m\000p\000l\000a\000t\000e\000\040\000R\000e\000f\000e\000r\000e\000n\000c\000e}{chapter.17}% 117
\BOOKMARK [2][-]{subsection.17.6.1}{\376\377\0001\0007\000.\0006\000.\0001\000\040\000D\000e\000t\000a\000i\000l\000e\000d\000\040\000D\000e\000s\000c\000r\000i\000p\000t\000i\000o\000n}{section.17.6}% 118
\BOOKMARK [1][-]{section.17.7}{\376\377\0001\0007\000.\0007\000\040\000E\000n\000t\000i\000t\000y\000<\000\040\000T\000S\000e\000q\000\040\000>\000\040\000C\000l\000a\000s\000s\000\040\000T\000e\000m\000p\000l\000a\000t\000e\000\040\000R\000e\000f\000e\000r\000e\000n\000c\000e}{chapter.17}% 119
\BOOKMARK [2][-]{subsection.17.7.1}{\376\377\0001\0007\000.\0007\000.\0001\000\040\000C\000o\000n\000s\000t\000r\000u\000c\000t\000o\000r\000\040\000\046\000\040\000D\000e\000s\000t\000r\000u\000c\000t\000o\000r\000\040\000D\000o\000c\000u\000m\000e\000n\000t\000a\000t\000i\000o\000n}{section.17.7}% 120
\BOOKMARK [3][-]{subsubsection.17.7.1.1}{\376\377\0001\0007\000.\0007\000.\0001\000.\0001\000\040\000E\000n\000t\000i\000t\000y\000\050\000\051}{subsection.17.7.1}% 121
\BOOKMARK [2][-]{subsection.17.7.2}{\376\377\0001\0007\000.\0007\000.\0002\000\040\000F\000r\000i\000e\000n\000d\000s\000\040\000A\000n\000d\000\040\000R\000e\000l\000a\000t\000e\000d\000\040\000F\000u\000n\000c\000t\000i\000o\000n\000\040\000D\000o\000c\000u\000m\000e\000n\000t\000a\000t\000i\000o\000n}{section.17.7}% 122
\BOOKMARK [3][-]{subsubsection.17.7.2.1}{\376\377\0001\0007\000.\0007\000.\0002\000.\0001\000\040\000d\000e\000f\000a\000u\000l\000t\000\137\000r\000m\000\137\000e\000n\000t\000i\000t\000y}{subsection.17.7.2}% 123
\BOOKMARK [1][-]{section.17.8}{\376\377\0001\0007\000.\0008\000\040\000E\000v\000e\000n\000t\000<\000\040\000T\000S\000e\000q\000\040\000>\000\040\000S\000t\000r\000u\000c\000t\000\040\000T\000e\000m\000p\000l\000a\000t\000e\000\040\000R\000e\000f\000e\000r\000e\000n\000c\000e}{chapter.17}% 124
\BOOKMARK [2][-]{subsection.17.8.1}{\376\377\0001\0007\000.\0008\000.\0001\000\040\000D\000e\000t\000a\000i\000l\000e\000d\000\040\000D\000e\000s\000c\000r\000i\000p\000t\000i\000o\000n}{section.17.8}% 125
\BOOKMARK [2][-]{subsection.17.8.2}{\376\377\0001\0007\000.\0008\000.\0002\000\040\000C\000o\000n\000s\000t\000r\000u\000c\000t\000o\000r\000\040\000\046\000\040\000D\000e\000s\000t\000r\000u\000c\000t\000o\000r\000\040\000D\000o\000c\000u\000m\000e\000n\000t\000a\000t\000i\000o\000n}{section.17.8}% 126
\BOOKMARK [3][-]{subsubsection.17.8.2.1}{\376\377\0001\0007\000.\0008\000.\0002\000.\0001\000\040\000E\000v\000e\000n\000t\000\050\000\051}{subsection.17.8.2}% 127
\BOOKMARK [1][-]{section.17.9}{\376\377\0001\0007\000.\0009\000\040\000G\000l\000o\000b\000a\000l\000E\000v\000e\000n\000t\000<\000\040\000T\000S\000e\000q\000\040\000>\000\040\000C\000l\000a\000s\000s\000\040\000T\000e\000m\000p\000l\000a\000t\000e\000\040\000R\000e\000f\000e\000r\000e\000n\000c\000e}{chapter.17}% 128
\BOOKMARK [2][-]{subsection.17.9.1}{\376\377\0001\0007\000.\0009\000.\0001\000\040\000D\000e\000t\000a\000i\000l\000e\000d\000\040\000D\000e\000s\000c\000r\000i\000p\000t\000i\000o\000n}{section.17.9}% 129
\BOOKMARK [2][-]{subsection.17.9.2}{\376\377\0001\0007\000.\0009\000.\0002\000\040\000C\000o\000n\000s\000t\000r\000u\000c\000t\000o\000r\000\040\000\046\000\040\000D\000e\000s\000t\000r\000u\000c\000t\000o\000r\000\040\000D\000o\000c\000u\000m\000e\000n\000t\000a\000t\000i\000o\000n}{section.17.9}% 130
\BOOKMARK [3][-]{subsubsection.17.9.2.1}{\376\377\0001\0007\000.\0009\000.\0002\000.\0001\000\040\000G\000l\000o\000b\000a\000l\000E\000v\000e\000n\000t\000\050\000\051}{subsection.17.9.2}% 131
\BOOKMARK [1][-]{section.17.10}{\376\377\0001\0007\000.\0001\0000\000\040\000L\000F\000M\000C\000M\000C\000<\000\040\000T\000D\000a\000t\000a\000\040\000>\000\040\000C\000l\000a\000s\000s\000\040\000T\000e\000m\000p\000l\000a\000t\000e\000\040\000R\000e\000f\000e\000r\000e\000n\000c\000e}{chapter.17}% 132
\BOOKMARK [2][-]{subsection.17.10.1}{\376\377\0001\0007\000.\0001\0000\000.\0001\000\040\000D\000e\000t\000a\000i\000l\000e\000d\000\040\000D\000e\000s\000c\000r\000i\000p\000t\000i\000o\000n}{section.17.10}% 133
\BOOKMARK [1][-]{section.17.11}{\376\377\0001\0007\000.\0001\0001\000\040\000M\000o\000d\000e\000l\000<\000\040\000T\000S\000e\000q\000\040\000>\000\040\000C\000l\000a\000s\000s\000\040\000T\000e\000m\000p\000l\000a\000t\000e\000\040\000R\000e\000f\000e\000r\000e\000n\000c\000e}{chapter.17}% 134
\BOOKMARK [2][-]{subsection.17.11.1}{\376\377\0001\0007\000.\0001\0001\000.\0001\000\040\000D\000e\000t\000a\000i\000l\000e\000d\000\040\000D\000e\000s\000c\000r\000i\000p\000t\000i\000o\000n}{section.17.11}% 135
\BOOKMARK [2][-]{subsection.17.11.2}{\376\377\0001\0007\000.\0001\0001\000.\0002\000\040\000M\000e\000m\000b\000e\000r\000\040\000F\000u\000n\000c\000t\000i\000o\000n\000\040\000D\000o\000c\000u\000m\000e\000n\000t\000a\000t\000i\000o\000n}{section.17.11}% 136
\BOOKMARK [3][-]{subsubsection.17.11.2.1}{\376\377\0001\0007\000.\0001\0001\000.\0002\000.\0001\000\040\000a\000d\000d\000\137\000g\000l\000o\000b\000a\000l\000e\000v\000e\000n\000t\000\050\000\051}{subsection.17.11.2}% 137
\BOOKMARK [3][-]{subsubsection.17.11.2.2}{\376\377\0001\0007\000.\0001\0001\000.\0002\000.\0002\000\040\000c\000l\000o\000n\000e\000\137\000p\000t\000r\000\050\000\051}{subsection.17.11.2}% 138
\BOOKMARK [3][-]{subsubsection.17.11.2.3}{\376\377\0001\0007\000.\0001\0001\000.\0002\000.\0003\000\040\000d\000r\000a\000w\000\050\000\051}{subsection.17.11.2}% 139
\BOOKMARK [3][-]{subsubsection.17.11.2.4}{\376\377\0001\0007\000.\0001\0001\000.\0002\000.\0004\000\040\000e\000v\000e\000n\000t\000s\000\137\000a\000d\000d\000\050\000\051}{subsection.17.11.2}% 140
\BOOKMARK [3][-]{subsubsection.17.11.2.5}{\376\377\0001\0007\000.\0001\0001\000.\0002\000.\0005\000\040\000e\000v\000e\000n\000t\000s\000\137\000r\000u\000n\000\050\000\051}{subsection.17.11.2}% 141
\BOOKMARK [3][-]{subsubsection.17.11.2.6}{\376\377\0001\0007\000.\0001\0001\000.\0002\000.\0006\000\040\000l\000o\000a\000d\000\137\000a\000g\000e\000n\000t\000s\000\137\000e\000n\000t\000i\000t\000i\000e\000s\000\137\000t\000i\000e\000s\000\050\000\051}{subsection.17.11.2}% 142
\BOOKMARK [3][-]{subsubsection.17.11.2.7}{\376\377\0001\0007\000.\0001\0001\000.\0002\000.\0007\000\040\000r\000e\000s\000e\000t\000\050\000\051}{subsection.17.11.2}% 143
\BOOKMARK [3][-]{subsubsection.17.11.2.8}{\376\377\0001\0007\000.\0001\0001\000.\0002\000.\0008\000\040\000r\000u\000n\000\137\000m\000u\000l\000t\000i\000p\000l\000e\000\050\000\051}{subsection.17.11.2}% 144
\BOOKMARK [3][-]{subsubsection.17.11.2.9}{\376\377\0001\0007\000.\0001\0001\000.\0002\000.\0009\000\040\000s\000e\000t\000\137\000a\000g\000e\000n\000t\000s\000\137\000d\000a\000t\000a\000\050\000\051}{subsection.17.11.2}% 145
\BOOKMARK [3][-]{subsubsection.17.11.2.10}{\376\377\0001\0007\000.\0001\0001\000.\0002\000.\0001\0000\000\040\000s\000e\000t\000\137\000n\000a\000m\000e\000\050\000\051}{subsection.17.11.2}% 146
\BOOKMARK [3][-]{subsubsection.17.11.2.11}{\376\377\0001\0007\000.\0001\0001\000.\0002\000.\0001\0001\000\040\000w\000r\000i\000t\000e\000\137\000d\000a\000t\000a\000\050\000\051}{subsection.17.11.2}% 147
\BOOKMARK [2][-]{subsection.17.11.3}{\376\377\0001\0007\000.\0001\0001\000.\0003\000\040\000M\000e\000m\000b\000e\000r\000\040\000D\000a\000t\000a\000\040\000D\000o\000c\000u\000m\000e\000n\000t\000a\000t\000i\000o\000n}{section.17.11}% 148
\BOOKMARK [3][-]{subsubsection.17.11.3.1}{\376\377\0001\0007\000.\0001\0001\000.\0003\000.\0001\000\040\000i\000n\000i\000t\000i\000a\000l\000\137\000s\000t\000a\000t\000e\000s\000\137\000f\000u\000n}{subsection.17.11.3}% 149
\BOOKMARK [3][-]{subsubsection.17.11.3.2}{\376\377\0001\0007\000.\0001\0001\000.\0003\000.\0002\000\040\000r\000b\000i\000n\000o\000m\000d}{subsection.17.11.3}% 150
\BOOKMARK [3][-]{subsubsection.17.11.3.3}{\376\377\0001\0007\000.\0001\0001\000.\0003\000.\0003\000\040\000r\000e\000x\000p\000d}{subsection.17.11.3}% 151
\BOOKMARK [3][-]{subsubsection.17.11.3.4}{\376\377\0001\0007\000.\0001\0001\000.\0003\000.\0004\000\040\000r\000g\000a\000m\000m\000a\000d}{subsection.17.11.3}% 152
\BOOKMARK [3][-]{subsubsection.17.11.3.5}{\376\377\0001\0007\000.\0001\0001\000.\0003\000.\0005\000\040\000r\000g\000e\000o\000m\000d}{subsection.17.11.3}% 153
\BOOKMARK [3][-]{subsubsection.17.11.3.6}{\376\377\0001\0007\000.\0001\0001\000.\0003\000.\0006\000\040\000r\000l\000o\000g\000n\000o\000r\000m\000a\000l\000d}{subsection.17.11.3}% 154
\BOOKMARK [3][-]{subsubsection.17.11.3.7}{\376\377\0001\0007\000.\0001\0001\000.\0003\000.\0007\000\040\000r\000n\000b\000i\000n\000o\000m\000d}{subsection.17.11.3}% 155
\BOOKMARK [3][-]{subsubsection.17.11.3.8}{\376\377\0001\0007\000.\0001\0001\000.\0003\000.\0008\000\040\000r\000n\000o\000r\000m\000d}{subsection.17.11.3}% 156
\BOOKMARK [3][-]{subsubsection.17.11.3.9}{\376\377\0001\0007\000.\0001\0001\000.\0003\000.\0009\000\040\000r\000p\000o\000i\000s\000s\000d}{subsection.17.11.3}% 157
\BOOKMARK [3][-]{subsubsection.17.11.3.10}{\376\377\0001\0007\000.\0001\0001\000.\0003\000.\0001\0000\000\040\000r\000u\000n\000i\000f\000d}{subsection.17.11.3}% 158
\BOOKMARK [3][-]{subsubsection.17.11.3.11}{\376\377\0001\0007\000.\0001\0001\000.\0003\000.\0001\0001\000\040\000t\000i\000m\000e\000\137\000e\000l\000a\000p\000s\000e\000d}{subsection.17.11.3}% 159
\BOOKMARK [1][-]{section.17.12}{\376\377\0001\0007\000.\0001\0002\000\040\000M\000o\000d\000e\000l\000D\000i\000a\000g\000r\000a\000m\000\040\000C\000l\000a\000s\000s\000\040\000R\000e\000f\000e\000r\000e\000n\000c\000e}{chapter.17}% 160
\BOOKMARK [1][-]{section.17.13}{\376\377\0001\0007\000.\0001\0003\000\040\000M\000o\000d\000e\000l\000D\000i\000f\000f\000N\000e\000t\000<\000\040\000T\000S\000e\000q\000\040\000>\000\040\000C\000l\000a\000s\000s\000\040\000T\000e\000m\000p\000l\000a\000t\000e\000\040\000R\000e\000f\000e\000r\000e\000n\000c\000e}{chapter.17}% 161
\BOOKMARK [2][-]{subsection.17.13.1}{\376\377\0001\0007\000.\0001\0003\000.\0001\000\040\000D\000e\000t\000a\000i\000l\000e\000d\000\040\000D\000e\000s\000c\000r\000i\000p\000t\000i\000o\000n}{section.17.13}% 162
\BOOKMARK [1][-]{section.17.14}{\376\377\0001\0007\000.\0001\0004\000\040\000M\000o\000d\000e\000l\000M\000e\000a\000s\000l\000e\000s\000M\000i\000x\000i\000n\000g\000<\000\040\000T\000S\000e\000q\000\040\000>\000\040\000C\000l\000a\000s\000s\000\040\000T\000e\000m\000p\000l\000a\000t\000e\000\040\000R\000e\000f\000e\000r\000e\000n\000c\000e}{chapter.17}% 163
\BOOKMARK [2][-]{subsection.17.14.1}{\376\377\0001\0007\000.\0001\0004\000.\0001\000\040\000D\000e\000t\000a\000i\000l\000e\000d\000\040\000D\000e\000s\000c\000r\000i\000p\000t\000i\000o\000n}{section.17.14}% 164
\BOOKMARK [2][-]{subsection.17.14.2}{\376\377\0001\0007\000.\0001\0004\000.\0002\000\040\000C\000o\000n\000s\000t\000r\000u\000c\000t\000o\000r\000\040\000\046\000\040\000D\000e\000s\000t\000r\000u\000c\000t\000o\000r\000\040\000D\000o\000c\000u\000m\000e\000n\000t\000a\000t\000i\000o\000n}{section.17.14}% 165
\BOOKMARK [3][-]{subsubsection.17.14.2.1}{\376\377\0001\0007\000.\0001\0004\000.\0002\000.\0001\000\040\000M\000o\000d\000e\000l\000M\000e\000a\000s\000l\000e\000s\000M\000i\000x\000i\000n\000g\000\050\000\051\000\040\000[\0001\000/\0002\000]}{subsection.17.14.2}% 166
\BOOKMARK [3][-]{subsubsection.17.14.2.2}{\376\377\0001\0007\000.\0001\0004\000.\0002\000.\0002\000\040\000M\000o\000d\000e\000l\000M\000e\000a\000s\000l\000e\000s\000M\000i\000x\000i\000n\000g\000\050\000\051\000\040\000[\0002\000/\0002\000]}{subsection.17.14.2}% 167
\BOOKMARK [2][-]{subsection.17.14.3}{\376\377\0001\0007\000.\0001\0004\000.\0003\000\040\000M\000e\000m\000b\000e\000r\000\040\000F\000u\000n\000c\000t\000i\000o\000n\000\040\000D\000o\000c\000u\000m\000e\000n\000t\000a\000t\000i\000o\000n}{section.17.14}% 168
\BOOKMARK [3][-]{subsubsection.17.14.3.1}{\376\377\0001\0007\000.\0001\0004\000.\0003\000.\0001\000\040\000c\000l\000o\000n\000e\000\137\000p\000t\000r\000\050\000\051}{subsection.17.14.3}% 169
\BOOKMARK [3][-]{subsubsection.17.14.3.2}{\376\377\0001\0007\000.\0001\0004\000.\0003\000.\0002\000\040\000g\000e\000t\000\137\000a\000g\000e\000n\000t\000\137\000q\000u\000a\000r\000a\000n\000t\000i\000n\000e\000\137\000t\000r\000i\000g\000g\000e\000r\000e\000d\000\050\000\051}{subsection.17.14.3}% 170
\BOOKMARK [3][-]{subsubsection.17.14.3.3}{\376\377\0001\0007\000.\0001\0004\000.\0003\000.\0003\000\040\000g\000e\000t\000\137\000c\000o\000n\000t\000a\000c\000t\000\137\000m\000a\000t\000r\000i\000x\000\050\000\051}{subsection.17.14.3}% 171
\BOOKMARK [3][-]{subsubsection.17.14.3.4}{\376\377\0001\0007\000.\0001\0004\000.\0003\000.\0004\000\040\000g\000e\000t\000\137\000i\000s\000o\000l\000a\000t\000i\000o\000n\000\137\000w\000i\000l\000l\000i\000n\000g\000n\000e\000s\000s\000\050\000\051}{subsection.17.14.3}% 172
\BOOKMARK [3][-]{subsubsection.17.14.3.5}{\376\377\0001\0007\000.\0001\0004\000.\0003\000.\0005\000\040\000g\000e\000t\000\137\000q\000u\000a\000r\000a\000n\000t\000i\000n\000e\000\137\000w\000i\000l\000l\000i\000n\000g\000n\000e\000s\000s\000\050\000\051}{subsection.17.14.3}% 173
\BOOKMARK [3][-]{subsubsection.17.14.3.6}{\376\377\0001\0007\000.\0001\0004\000.\0003\000.\0006\000\040\000i\000n\000i\000t\000i\000a\000l\000\137\000s\000t\000a\000t\000e\000s\000\050\000\051}{subsection.17.14.3}% 174
\BOOKMARK [3][-]{subsubsection.17.14.3.7}{\376\377\0001\0007\000.\0001\0004\000.\0003\000.\0007\000\040\000r\000u\000n\000\050\000\051}{subsection.17.14.3}% 175
\BOOKMARK [3][-]{subsubsection.17.14.3.8}{\376\377\0001\0007\000.\0001\0004\000.\0003\000.\0008\000\040\000s\000e\000t\000\137\000c\000o\000n\000t\000a\000c\000t\000\137\000m\000a\000t\000r\000i\000x\000\050\000\051}{subsection.17.14.3}% 176
\BOOKMARK [1][-]{section.17.15}{\376\377\0001\0007\000.\0001\0005\000\040\000M\000o\000d\000e\000l\000M\000e\000a\000s\000l\000e\000s\000M\000i\000x\000i\000n\000g\000R\000i\000s\000k\000Q\000u\000a\000r\000a\000n\000t\000i\000n\000e\000<\000\040\000T\000S\000e\000q\000\040\000>\000\040\000C\000l\000a\000s\000s\000\040\000T\000e\000m\000p\000l\000a\000t\000e\000\040\000R\000e\000f\000e\000r\000e\000n\000c\000e}{chapter.17}% 177
\BOOKMARK [2][-]{subsection.17.15.1}{\376\377\0001\0007\000.\0001\0005\000.\0001\000\040\000D\000e\000t\000a\000i\000l\000e\000d\000\040\000D\000e\000s\000c\000r\000i\000p\000t\000i\000o\000n}{section.17.15}% 178
\BOOKMARK [2][-]{subsection.17.15.2}{\376\377\0001\0007\000.\0001\0005\000.\0002\000\040\000C\000o\000n\000s\000t\000r\000u\000c\000t\000o\000r\000\040\000\046\000\040\000D\000e\000s\000t\000r\000u\000c\000t\000o\000r\000\040\000D\000o\000c\000u\000m\000e\000n\000t\000a\000t\000i\000o\000n}{section.17.15}% 179
\BOOKMARK [3][-]{subsubsection.17.15.2.1}{\376\377\0001\0007\000.\0001\0005\000.\0002\000.\0001\000\040\000M\000o\000d\000e\000l\000M\000e\000a\000s\000l\000e\000s\000M\000i\000x\000i\000n\000g\000R\000i\000s\000k\000Q\000u\000a\000r\000a\000n\000t\000i\000n\000e\000\050\000\051\000\040\000[\0001\000/\0002\000]}{subsection.17.15.2}% 180
\BOOKMARK [3][-]{subsubsection.17.15.2.2}{\376\377\0001\0007\000.\0001\0005\000.\0002\000.\0002\000\040\000M\000o\000d\000e\000l\000M\000e\000a\000s\000l\000e\000s\000M\000i\000x\000i\000n\000g\000R\000i\000s\000k\000Q\000u\000a\000r\000a\000n\000t\000i\000n\000e\000\050\000\051\000\040\000[\0002\000/\0002\000]}{subsection.17.15.2}% 181
\BOOKMARK [2][-]{subsection.17.15.3}{\376\377\0001\0007\000.\0001\0005\000.\0003\000\040\000M\000e\000m\000b\000e\000r\000\040\000F\000u\000n\000c\000t\000i\000o\000n\000\040\000D\000o\000c\000u\000m\000e\000n\000t\000a\000t\000i\000o\000n}{section.17.15}% 182
\BOOKMARK [3][-]{subsubsection.17.15.3.1}{\376\377\0001\0007\000.\0001\0005\000.\0003\000.\0001\000\040\000c\000l\000o\000n\000e\000\137\000p\000t\000r\000\050\000\051}{subsection.17.15.3}% 183
\BOOKMARK [3][-]{subsubsection.17.15.3.2}{\376\377\0001\0007\000.\0001\0005\000.\0003\000.\0002\000\040\000g\000e\000t\000\137\000c\000o\000n\000t\000a\000c\000t\000\137\000m\000a\000t\000r\000i\000x\000\050\000\051}{subsection.17.15.3}% 184
\BOOKMARK [3][-]{subsubsection.17.15.3.3}{\376\377\0001\0007\000.\0001\0005\000.\0003\000.\0003\000\040\000g\000e\000t\000\137\000i\000s\000o\000l\000a\000t\000i\000o\000n\000\137\000w\000i\000l\000l\000i\000n\000g\000n\000e\000s\000s\000\050\000\051}{subsection.17.15.3}% 185
\BOOKMARK [3][-]{subsubsection.17.15.3.4}{\376\377\0001\0007\000.\0001\0005\000.\0003\000.\0004\000\040\000g\000e\000t\000\137\000q\000u\000a\000r\000a\000n\000t\000i\000n\000e\000\137\000w\000i\000l\000l\000i\000n\000g\000n\000e\000s\000s\000\050\000\051}{subsection.17.15.3}% 186
\BOOKMARK [3][-]{subsubsection.17.15.3.5}{\376\377\0001\0007\000.\0001\0005\000.\0003\000.\0005\000\040\000i\000n\000i\000t\000i\000a\000l\000\137\000s\000t\000a\000t\000e\000s\000\050\000\051}{subsection.17.15.3}% 187
\BOOKMARK [3][-]{subsubsection.17.15.3.6}{\376\377\0001\0007\000.\0001\0005\000.\0003\000.\0006\000\040\000r\000u\000n\000\050\000\051}{subsection.17.15.3}% 188
\BOOKMARK [3][-]{subsubsection.17.15.3.7}{\376\377\0001\0007\000.\0001\0005\000.\0003\000.\0007\000\040\000s\000e\000t\000\137\000c\000o\000n\000t\000a\000c\000t\000\137\000m\000a\000t\000r\000i\000x\000\050\000\051}{subsection.17.15.3}% 189
\BOOKMARK [1][-]{section.17.16}{\376\377\0001\0007\000.\0001\0006\000\040\000M\000o\000d\000e\000l\000M\000e\000a\000s\000l\000e\000s\000S\000c\000h\000o\000o\000l\000<\000\040\000T\000S\000e\000q\000\040\000>\000\040\000C\000l\000a\000s\000s\000\040\000T\000e\000m\000p\000l\000a\000t\000e\000\040\000R\000e\000f\000e\000r\000e\000n\000c\000e}{chapter.17}% 190
\BOOKMARK [2][-]{subsection.17.16.1}{\376\377\0001\0007\000.\0001\0006\000.\0001\000\040\000D\000e\000t\000a\000i\000l\000e\000d\000\040\000D\000e\000s\000c\000r\000i\000p\000t\000i\000o\000n}{section.17.16}% 191
\BOOKMARK [2][-]{subsection.17.16.2}{\376\377\0001\0007\000.\0001\0006\000.\0002\000\040\000C\000o\000n\000s\000t\000r\000u\000c\000t\000o\000r\000\040\000\046\000\040\000D\000e\000s\000t\000r\000u\000c\000t\000o\000r\000\040\000D\000o\000c\000u\000m\000e\000n\000t\000a\000t\000i\000o\000n}{section.17.16}% 192
\BOOKMARK [3][-]{subsubsection.17.16.2.1}{\376\377\0001\0007\000.\0001\0006\000.\0002\000.\0001\000\040\000M\000o\000d\000e\000l\000M\000e\000a\000s\000l\000e\000s\000S\000c\000h\000o\000o\000l\000\050\000\051}{subsection.17.16.2}% 193
\BOOKMARK [2][-]{subsection.17.16.3}{\376\377\0001\0007\000.\0001\0006\000.\0003\000\040\000M\000e\000m\000b\000e\000r\000\040\000F\000u\000n\000c\000t\000i\000o\000n\000\040\000D\000o\000c\000u\000m\000e\000n\000t\000a\000t\000i\000o\000n}{section.17.16}% 194
\BOOKMARK [3][-]{subsubsection.17.16.3.1}{\376\377\0001\0007\000.\0001\0006\000.\0003\000.\0001\000\040\000c\000l\000o\000n\000e\000\137\000p\000t\000r\000\050\000\051}{subsection.17.16.3}% 195
\BOOKMARK [3][-]{subsubsection.17.16.3.2}{\376\377\0001\0007\000.\0001\0006\000.\0003\000.\0002\000\040\000q\000u\000a\000r\000a\000n\000t\000i\000n\000e\000\137\000a\000g\000e\000n\000t\000s\000\050\000\051}{subsection.17.16.3}% 196
\BOOKMARK [3][-]{subsubsection.17.16.3.3}{\376\377\0001\0007\000.\0001\0006\000.\0003\000.\0003\000\040\000r\000e\000s\000e\000t\000\050\000\051}{subsection.17.16.3}% 197
\BOOKMARK [1][-]{section.17.17}{\376\377\0001\0007\000.\0001\0007\000\040\000M\000o\000d\000e\000l\000S\000E\000I\000R\000<\000\040\000T\000S\000e\000q\000\040\000>\000\040\000C\000l\000a\000s\000s\000\040\000T\000e\000m\000p\000l\000a\000t\000e\000\040\000R\000e\000f\000e\000r\000e\000n\000c\000e}{chapter.17}% 198
\BOOKMARK [2][-]{subsection.17.17.1}{\376\377\0001\0007\000.\0001\0007\000.\0001\000\040\000D\000e\000t\000a\000i\000l\000e\000d\000\040\000D\000e\000s\000c\000r\000i\000p\000t\000i\000o\000n}{section.17.17}% 199
\BOOKMARK [2][-]{subsection.17.17.2}{\376\377\0001\0007\000.\0001\0007\000.\0002\000\040\000M\000e\000m\000b\000e\000r\000\040\000F\000u\000n\000c\000t\000i\000o\000n\000\040\000D\000o\000c\000u\000m\000e\000n\000t\000a\000t\000i\000o\000n}{section.17.17}% 200
\BOOKMARK [3][-]{subsubsection.17.17.2.1}{\376\377\0001\0007\000.\0001\0007\000.\0002\000.\0001\000\040\000i\000n\000i\000t\000i\000a\000l\000\137\000s\000t\000a\000t\000e\000s\000\050\000\051}{subsection.17.17.2}% 201
\BOOKMARK [2][-]{subsection.17.17.3}{\376\377\0001\0007\000.\0001\0007\000.\0003\000\040\000M\000e\000m\000b\000e\000r\000\040\000D\000a\000t\000a\000\040\000D\000o\000c\000u\000m\000e\000n\000t\000a\000t\000i\000o\000n}{section.17.17}% 202
\BOOKMARK [3][-]{subsubsection.17.17.3.1}{\376\377\0001\0007\000.\0001\0007\000.\0003\000.\0001\000\040\000u\000p\000d\000a\000t\000e\000\137\000e\000x\000p\000o\000s\000e\000d\000\137\000s\000e\000i\000r}{subsection.17.17.3}% 203
\BOOKMARK [3][-]{subsubsection.17.17.3.2}{\376\377\0001\0007\000.\0001\0007\000.\0003\000.\0002\000\040\000u\000p\000d\000a\000t\000e\000\137\000i\000n\000f\000e\000c\000t\000e\000d\000\137\000s\000e\000i\000r}{subsection.17.17.3}% 204
\BOOKMARK [1][-]{section.17.18}{\376\377\0001\0007\000.\0001\0008\000\040\000M\000o\000d\000e\000l\000S\000E\000I\000R\000C\000O\000N\000N\000<\000\040\000T\000S\000e\000q\000\040\000>\000\040\000C\000l\000a\000s\000s\000\040\000T\000e\000m\000p\000l\000a\000t\000e\000\040\000R\000e\000f\000e\000r\000e\000n\000c\000e}{chapter.17}% 205
\BOOKMARK [2][-]{subsection.17.18.1}{\376\377\0001\0007\000.\0001\0008\000.\0001\000\040\000C\000o\000n\000s\000t\000r\000u\000c\000t\000o\000r\000\040\000\046\000\040\000D\000e\000s\000t\000r\000u\000c\000t\000o\000r\000\040\000D\000o\000c\000u\000m\000e\000n\000t\000a\000t\000i\000o\000n}{section.17.18}% 206
\BOOKMARK [3][-]{subsubsection.17.18.1.1}{\376\377\0001\0007\000.\0001\0008\000.\0001\000.\0001\000\040\000M\000o\000d\000e\000l\000S\000E\000I\000R\000C\000O\000N\000N\000\050\000\051}{subsection.17.18.1}% 207
\BOOKMARK [2][-]{subsection.17.18.2}{\376\377\0001\0007\000.\0001\0008\000.\0002\000\040\000M\000e\000m\000b\000e\000r\000\040\000F\000u\000n\000c\000t\000i\000o\000n\000\040\000D\000o\000c\000u\000m\000e\000n\000t\000a\000t\000i\000o\000n}{section.17.18}% 208
\BOOKMARK [3][-]{subsubsection.17.18.2.1}{\376\377\0001\0007\000.\0001\0008\000.\0002\000.\0001\000\040\000i\000n\000i\000t\000i\000a\000l\000\137\000s\000t\000a\000t\000e\000s\000\050\000\051}{subsection.17.18.2}% 209
\BOOKMARK [1][-]{section.17.19}{\376\377\0001\0007\000.\0001\0009\000\040\000M\000o\000d\000e\000l\000S\000E\000I\000R\000D\000<\000\040\000T\000S\000e\000q\000\040\000>\000\040\000C\000l\000a\000s\000s\000\040\000T\000e\000m\000p\000l\000a\000t\000e\000\040\000R\000e\000f\000e\000r\000e\000n\000c\000e}{chapter.17}% 210
\BOOKMARK [2][-]{subsection.17.19.1}{\376\377\0001\0007\000.\0001\0009\000.\0001\000\040\000D\000e\000t\000a\000i\000l\000e\000d\000\040\000D\000e\000s\000c\000r\000i\000p\000t\000i\000o\000n}{section.17.19}% 211
\BOOKMARK [2][-]{subsection.17.19.2}{\376\377\0001\0007\000.\0001\0009\000.\0002\000\040\000C\000o\000n\000s\000t\000r\000u\000c\000t\000o\000r\000\040\000\046\000\040\000D\000e\000s\000t\000r\000u\000c\000t\000o\000r\000\040\000D\000o\000c\000u\000m\000e\000n\000t\000a\000t\000i\000o\000n}{section.17.19}% 212
\BOOKMARK [3][-]{subsubsection.17.19.2.1}{\376\377\0001\0007\000.\0001\0009\000.\0002\000.\0001\000\040\000M\000o\000d\000e\000l\000S\000E\000I\000R\000D\000\050\000\051\000\040\000[\0001\000/\0002\000]}{subsection.17.19.2}% 213
\BOOKMARK [3][-]{subsubsection.17.19.2.2}{\376\377\0001\0007\000.\0001\0009\000.\0002\000.\0002\000\040\000M\000o\000d\000e\000l\000S\000E\000I\000R\000D\000\050\000\051\000\040\000[\0002\000/\0002\000]}{subsection.17.19.2}% 214
\BOOKMARK [2][-]{subsection.17.19.3}{\376\377\0001\0007\000.\0001\0009\000.\0003\000\040\000M\000e\000m\000b\000e\000r\000\040\000D\000a\000t\000a\000\040\000D\000o\000c\000u\000m\000e\000n\000t\000a\000t\000i\000o\000n}{section.17.19}% 215
\BOOKMARK [3][-]{subsubsection.17.19.3.1}{\376\377\0001\0007\000.\0001\0009\000.\0003\000.\0001\000\040\000u\000p\000d\000a\000t\000e\000\137\000e\000x\000p\000o\000s\000e\000d\000\137\000s\000e\000i\000r}{subsection.17.19.3}% 216
\BOOKMARK [1][-]{section.17.20}{\376\377\0001\0007\000.\0002\0000\000\040\000M\000o\000d\000e\000l\000S\000E\000I\000R\000D\000C\000O\000N\000N\000<\000\040\000T\000S\000e\000q\000\040\000>\000\040\000C\000l\000a\000s\000s\000\040\000T\000e\000m\000p\000l\000a\000t\000e\000\040\000R\000e\000f\000e\000r\000e\000n\000c\000e}{chapter.17}% 217
\BOOKMARK [2][-]{subsection.17.20.1}{\376\377\0001\0007\000.\0002\0000\000.\0001\000\040\000C\000o\000n\000s\000t\000r\000u\000c\000t\000o\000r\000\040\000\046\000\040\000D\000e\000s\000t\000r\000u\000c\000t\000o\000r\000\040\000D\000o\000c\000u\000m\000e\000n\000t\000a\000t\000i\000o\000n}{section.17.20}% 218
\BOOKMARK [3][-]{subsubsection.17.20.1.1}{\376\377\0001\0007\000.\0002\0000\000.\0001\000.\0001\000\040\000M\000o\000d\000e\000l\000S\000E\000I\000R\000D\000C\000O\000N\000N\000\050\000\051}{subsection.17.20.1}% 219
\BOOKMARK [2][-]{subsection.17.20.2}{\376\377\0001\0007\000.\0002\0000\000.\0002\000\040\000M\000e\000m\000b\000e\000r\000\040\000F\000u\000n\000c\000t\000i\000o\000n\000\040\000D\000o\000c\000u\000m\000e\000n\000t\000a\000t\000i\000o\000n}{section.17.20}% 220
\BOOKMARK [3][-]{subsubsection.17.20.2.1}{\376\377\0001\0007\000.\0002\0000\000.\0002\000.\0001\000\040\000i\000n\000i\000t\000i\000a\000l\000\137\000s\000t\000a\000t\000e\000s\000\050\000\051}{subsection.17.20.2}% 221
\BOOKMARK [1][-]{section.17.21}{\376\377\0001\0007\000.\0002\0001\000\040\000M\000o\000d\000e\000l\000S\000E\000I\000R\000M\000i\000x\000i\000n\000g\000<\000\040\000T\000S\000e\000q\000\040\000>\000\040\000C\000l\000a\000s\000s\000\040\000T\000e\000m\000p\000l\000a\000t\000e\000\040\000R\000e\000f\000e\000r\000e\000n\000c\000e}{chapter.17}% 222
\BOOKMARK [2][-]{subsection.17.21.1}{\376\377\0001\0007\000.\0002\0001\000.\0001\000\040\000C\000o\000n\000s\000t\000r\000u\000c\000t\000o\000r\000\040\000\046\000\040\000D\000e\000s\000t\000r\000u\000c\000t\000o\000r\000\040\000D\000o\000c\000u\000m\000e\000n\000t\000a\000t\000i\000o\000n}{section.17.21}% 223
\BOOKMARK [3][-]{subsubsection.17.21.1.1}{\376\377\0001\0007\000.\0002\0001\000.\0001\000.\0001\000\040\000M\000o\000d\000e\000l\000S\000E\000I\000R\000M\000i\000x\000i\000n\000g\000\050\000\051\000\040\000[\0001\000/\0002\000]}{subsection.17.21.1}% 224
\BOOKMARK [3][-]{subsubsection.17.21.1.2}{\376\377\0001\0007\000.\0002\0001\000.\0001\000.\0002\000\040\000M\000o\000d\000e\000l\000S\000E\000I\000R\000M\000i\000x\000i\000n\000g\000\050\000\051\000\040\000[\0002\000/\0002\000]}{subsection.17.21.1}% 225
\BOOKMARK [2][-]{subsection.17.21.2}{\376\377\0001\0007\000.\0002\0001\000.\0002\000\040\000M\000e\000m\000b\000e\000r\000\040\000F\000u\000n\000c\000t\000i\000o\000n\000\040\000D\000o\000c\000u\000m\000e\000n\000t\000a\000t\000i\000o\000n}{section.17.21}% 226
\BOOKMARK [3][-]{subsubsection.17.21.2.1}{\376\377\0001\0007\000.\0002\0001\000.\0002\000.\0001\000\040\000i\000n\000i\000t\000i\000a\000l\000\137\000s\000t\000a\000t\000e\000s\000\050\000\051}{subsection.17.21.2}% 227
\BOOKMARK [1][-]{section.17.22}{\376\377\0001\0007\000.\0002\0002\000\040\000M\000o\000d\000e\000l\000S\000E\000I\000R\000M\000i\000x\000i\000n\000g\000Q\000u\000a\000r\000a\000n\000t\000i\000n\000e\000<\000\040\000T\000S\000e\000q\000\040\000>\000\040\000C\000l\000a\000s\000s\000\040\000T\000e\000m\000p\000l\000a\000t\000e\000\040\000R\000e\000f\000e\000r\000e\000n\000c\000e}{chapter.17}% 228
\BOOKMARK [2][-]{subsection.17.22.1}{\376\377\0001\0007\000.\0002\0002\000.\0001\000\040\000D\000e\000t\000a\000i\000l\000e\000d\000\040\000D\000e\000s\000c\000r\000i\000p\000t\000i\000o\000n}{section.17.22}% 229
\BOOKMARK [2][-]{subsection.17.22.2}{\376\377\0001\0007\000.\0002\0002\000.\0002\000\040\000C\000o\000n\000s\000t\000r\000u\000c\000t\000o\000r\000\040\000\046\000\040\000D\000e\000s\000t\000r\000u\000c\000t\000o\000r\000\040\000D\000o\000c\000u\000m\000e\000n\000t\000a\000t\000i\000o\000n}{section.17.22}% 230
\BOOKMARK [3][-]{subsubsection.17.22.2.1}{\376\377\0001\0007\000.\0002\0002\000.\0002\000.\0001\000\040\000M\000o\000d\000e\000l\000S\000E\000I\000R\000M\000i\000x\000i\000n\000g\000Q\000u\000a\000r\000a\000n\000t\000i\000n\000e\000\050\000\051\000\040\000[\0001\000/\0002\000]}{subsection.17.22.2}% 231
\BOOKMARK [3][-]{subsubsection.17.22.2.2}{\376\377\0001\0007\000.\0002\0002\000.\0002\000.\0002\000\040\000M\000o\000d\000e\000l\000S\000E\000I\000R\000M\000i\000x\000i\000n\000g\000Q\000u\000a\000r\000a\000n\000t\000i\000n\000e\000\050\000\051\000\040\000[\0002\000/\0002\000]}{subsection.17.22.2}% 232
\BOOKMARK [2][-]{subsection.17.22.3}{\376\377\0001\0007\000.\0002\0002\000.\0003\000\040\000M\000e\000m\000b\000e\000r\000\040\000F\000u\000n\000c\000t\000i\000o\000n\000\040\000D\000o\000c\000u\000m\000e\000n\000t\000a\000t\000i\000o\000n}{section.17.22}% 233
\BOOKMARK [3][-]{subsubsection.17.22.3.1}{\376\377\0001\0007\000.\0002\0002\000.\0003\000.\0001\000\040\000c\000l\000o\000n\000e\000\137\000p\000t\000r\000\050\000\051}{subsection.17.22.3}% 234
\BOOKMARK [3][-]{subsubsection.17.22.3.2}{\376\377\0001\0007\000.\0002\0002\000.\0003\000.\0002\000\040\000g\000e\000t\000\137\000a\000g\000e\000n\000t\000\137\000q\000u\000a\000r\000a\000n\000t\000i\000n\000e\000\137\000t\000r\000i\000g\000g\000e\000r\000e\000d\000\050\000\051}{subsection.17.22.3}% 235
\BOOKMARK [3][-]{subsubsection.17.22.3.3}{\376\377\0001\0007\000.\0002\0002\000.\0003\000.\0003\000\040\000g\000e\000t\000\137\000c\000o\000n\000t\000a\000c\000t\000\137\000m\000a\000t\000r\000i\000x\000\050\000\051}{subsection.17.22.3}% 236
\BOOKMARK [3][-]{subsubsection.17.22.3.4}{\376\377\0001\0007\000.\0002\0002\000.\0003\000.\0004\000\040\000g\000e\000t\000\137\000i\000s\000o\000l\000a\000t\000i\000o\000n\000\137\000w\000i\000l\000l\000i\000n\000g\000n\000e\000s\000s\000\050\000\051}{subsection.17.22.3}% 237
\BOOKMARK [3][-]{subsubsection.17.22.3.5}{\376\377\0001\0007\000.\0002\0002\000.\0003\000.\0005\000\040\000g\000e\000t\000\137\000q\000u\000a\000r\000a\000n\000t\000i\000n\000e\000\137\000w\000i\000l\000l\000i\000n\000g\000n\000e\000s\000s\000\050\000\051}{subsection.17.22.3}% 238
\BOOKMARK [3][-]{subsubsection.17.22.3.6}{\376\377\0001\0007\000.\0002\0002\000.\0003\000.\0006\000\040\000i\000n\000i\000t\000i\000a\000l\000\137\000s\000t\000a\000t\000e\000s\000\050\000\051}{subsection.17.22.3}% 239
\BOOKMARK [3][-]{subsubsection.17.22.3.7}{\376\377\0001\0007\000.\0002\0002\000.\0003\000.\0007\000\040\000r\000u\000n\000\050\000\051}{subsection.17.22.3}% 240
\BOOKMARK [3][-]{subsubsection.17.22.3.8}{\376\377\0001\0007\000.\0002\0002\000.\0003\000.\0008\000\040\000s\000e\000t\000\137\000c\000o\000n\000t\000a\000c\000t\000\137\000m\000a\000t\000r\000i\000x\000\050\000\051}{subsection.17.22.3}% 241
\BOOKMARK [1][-]{section.17.23}{\376\377\0001\0007\000.\0002\0003\000\040\000M\000o\000d\000e\000l\000S\000I\000R\000<\000\040\000T\000S\000e\000q\000\040\000>\000\040\000C\000l\000a\000s\000s\000\040\000T\000e\000m\000p\000l\000a\000t\000e\000\040\000R\000e\000f\000e\000r\000e\000n\000c\000e}{chapter.17}% 242
\BOOKMARK [2][-]{subsection.17.23.1}{\376\377\0001\0007\000.\0002\0003\000.\0001\000\040\000D\000e\000t\000a\000i\000l\000e\000d\000\040\000D\000e\000s\000c\000r\000i\000p\000t\000i\000o\000n}{section.17.23}% 243
\BOOKMARK [2][-]{subsection.17.23.2}{\376\377\0001\0007\000.\0002\0003\000.\0002\000\040\000M\000e\000m\000b\000e\000r\000\040\000F\000u\000n\000c\000t\000i\000o\000n\000\040\000D\000o\000c\000u\000m\000e\000n\000t\000a\000t\000i\000o\000n}{section.17.23}% 244
\BOOKMARK [3][-]{subsubsection.17.23.2.1}{\376\377\0001\0007\000.\0002\0003\000.\0002\000.\0001\000\040\000i\000n\000i\000t\000i\000a\000l\000\137\000s\000t\000a\000t\000e\000s\000\050\000\051}{subsection.17.23.2}% 245
\BOOKMARK [1][-]{section.17.24}{\376\377\0001\0007\000.\0002\0004\000\040\000M\000o\000d\000e\000l\000S\000I\000R\000C\000O\000N\000N\000<\000\040\000T\000S\000e\000q\000\040\000>\000\040\000C\000l\000a\000s\000s\000\040\000T\000e\000m\000p\000l\000a\000t\000e\000\040\000R\000e\000f\000e\000r\000e\000n\000c\000e}{chapter.17}% 246
\BOOKMARK [2][-]{subsection.17.24.1}{\376\377\0001\0007\000.\0002\0004\000.\0001\000\040\000C\000o\000n\000s\000t\000r\000u\000c\000t\000o\000r\000\040\000\046\000\040\000D\000e\000s\000t\000r\000u\000c\000t\000o\000r\000\040\000D\000o\000c\000u\000m\000e\000n\000t\000a\000t\000i\000o\000n}{section.17.24}% 247
\BOOKMARK [3][-]{subsubsection.17.24.1.1}{\376\377\0001\0007\000.\0002\0004\000.\0001\000.\0001\000\040\000M\000o\000d\000e\000l\000S\000I\000R\000C\000O\000N\000N\000\050\000\051}{subsection.17.24.1}% 248
\BOOKMARK [2][-]{subsection.17.24.2}{\376\377\0001\0007\000.\0002\0004\000.\0002\000\040\000M\000e\000m\000b\000e\000r\000\040\000F\000u\000n\000c\000t\000i\000o\000n\000\040\000D\000o\000c\000u\000m\000e\000n\000t\000a\000t\000i\000o\000n}{section.17.24}% 249
\BOOKMARK [3][-]{subsubsection.17.24.2.1}{\376\377\0001\0007\000.\0002\0004\000.\0002\000.\0001\000\040\000g\000e\000t\000\137\000n\000\137\000i\000n\000f\000e\000c\000t\000e\000d\000\050\000\051}{subsection.17.24.2}% 250
\BOOKMARK [3][-]{subsubsection.17.24.2.2}{\376\377\0001\0007\000.\0002\0004\000.\0002\000.\0002\000\040\000i\000n\000i\000t\000i\000a\000l\000\137\000s\000t\000a\000t\000e\000s\000\050\000\051}{subsection.17.24.2}% 251
\BOOKMARK [1][-]{section.17.25}{\376\377\0001\0007\000.\0002\0005\000\040\000M\000o\000d\000e\000l\000S\000I\000R\000D\000<\000\040\000T\000S\000e\000q\000\040\000>\000\040\000C\000l\000a\000s\000s\000\040\000T\000e\000m\000p\000l\000a\000t\000e\000\040\000R\000e\000f\000e\000r\000e\000n\000c\000e}{chapter.17}% 252
\BOOKMARK [2][-]{subsection.17.25.1}{\376\377\0001\0007\000.\0002\0005\000.\0001\000\040\000D\000e\000t\000a\000i\000l\000e\000d\000\040\000D\000e\000s\000c\000r\000i\000p\000t\000i\000o\000n}{section.17.25}% 253
\BOOKMARK [2][-]{subsection.17.25.2}{\376\377\0001\0007\000.\0002\0005\000.\0002\000\040\000C\000o\000n\000s\000t\000r\000u\000c\000t\000o\000r\000\040\000\046\000\040\000D\000e\000s\000t\000r\000u\000c\000t\000o\000r\000\040\000D\000o\000c\000u\000m\000e\000n\000t\000a\000t\000i\000o\000n}{section.17.25}% 254
\BOOKMARK [3][-]{subsubsection.17.25.2.1}{\376\377\0001\0007\000.\0002\0005\000.\0002\000.\0001\000\040\000M\000o\000d\000e\000l\000S\000I\000R\000D\000\050\000\051}{subsection.17.25.2}% 255
\BOOKMARK [2][-]{subsection.17.25.3}{\376\377\0001\0007\000.\0002\0005\000.\0003\000\040\000M\000e\000m\000b\000e\000r\000\040\000F\000u\000n\000c\000t\000i\000o\000n\000\040\000D\000o\000c\000u\000m\000e\000n\000t\000a\000t\000i\000o\000n}{section.17.25}% 256
\BOOKMARK [3][-]{subsubsection.17.25.3.1}{\376\377\0001\0007\000.\0002\0005\000.\0003\000.\0001\000\040\000i\000n\000i\000t\000i\000a\000l\000\137\000s\000t\000a\000t\000e\000s\000\050\000\051}{subsection.17.25.3}% 257
\BOOKMARK [1][-]{section.17.26}{\376\377\0001\0007\000.\0002\0006\000\040\000M\000o\000d\000e\000l\000S\000I\000R\000D\000C\000O\000N\000N\000<\000\040\000T\000S\000e\000q\000\040\000>\000\040\000C\000l\000a\000s\000s\000\040\000T\000e\000m\000p\000l\000a\000t\000e\000\040\000R\000e\000f\000e\000r\000e\000n\000c\000e}{chapter.17}% 258
\BOOKMARK [2][-]{subsection.17.26.1}{\376\377\0001\0007\000.\0002\0006\000.\0001\000\040\000C\000o\000n\000s\000t\000r\000u\000c\000t\000o\000r\000\040\000\046\000\040\000D\000e\000s\000t\000r\000u\000c\000t\000o\000r\000\040\000D\000o\000c\000u\000m\000e\000n\000t\000a\000t\000i\000o\000n}{section.17.26}% 259
\BOOKMARK [3][-]{subsubsection.17.26.1.1}{\376\377\0001\0007\000.\0002\0006\000.\0001\000.\0001\000\040\000M\000o\000d\000e\000l\000S\000I\000R\000D\000C\000O\000N\000N\000\050\000\051}{subsection.17.26.1}% 260
\BOOKMARK [1][-]{section.17.27}{\376\377\0001\0007\000.\0002\0007\000\040\000M\000o\000d\000e\000l\000S\000I\000R\000L\000o\000g\000i\000t\000<\000\040\000T\000S\000e\000q\000\040\000>\000\040\000C\000l\000a\000s\000s\000\040\000T\000e\000m\000p\000l\000a\000t\000e\000\040\000R\000e\000f\000e\000r\000e\000n\000c\000e}{chapter.17}% 261
\BOOKMARK [2][-]{subsection.17.27.1}{\376\377\0001\0007\000.\0002\0007\000.\0001\000\040\000D\000e\000t\000a\000i\000l\000e\000d\000\040\000D\000e\000s\000c\000r\000i\000p\000t\000i\000o\000n}{section.17.27}% 262
\BOOKMARK [2][-]{subsection.17.27.2}{\376\377\0001\0007\000.\0002\0007\000.\0002\000\040\000C\000o\000n\000s\000t\000r\000u\000c\000t\000o\000r\000\040\000\046\000\040\000D\000e\000s\000t\000r\000u\000c\000t\000o\000r\000\040\000D\000o\000c\000u\000m\000e\000n\000t\000a\000t\000i\000o\000n}{section.17.27}% 263
\BOOKMARK [3][-]{subsubsection.17.27.2.1}{\376\377\0001\0007\000.\0002\0007\000.\0002\000.\0001\000\040\000M\000o\000d\000e\000l\000S\000I\000R\000L\000o\000g\000i\000t\000\050\000\051}{subsection.17.27.2}% 264
\BOOKMARK [1][-]{section.17.28}{\376\377\0001\0007\000.\0002\0008\000\040\000M\000o\000d\000e\000l\000S\000I\000R\000M\000i\000x\000i\000n\000g\000<\000\040\000T\000S\000e\000q\000\040\000>\000\040\000C\000l\000a\000s\000s\000\040\000T\000e\000m\000p\000l\000a\000t\000e\000\040\000R\000e\000f\000e\000r\000e\000n\000c\000e}{chapter.17}% 265
\BOOKMARK [2][-]{subsection.17.28.1}{\376\377\0001\0007\000.\0002\0008\000.\0001\000\040\000C\000o\000n\000s\000t\000r\000u\000c\000t\000o\000r\000\040\000\046\000\040\000D\000e\000s\000t\000r\000u\000c\000t\000o\000r\000\040\000D\000o\000c\000u\000m\000e\000n\000t\000a\000t\000i\000o\000n}{section.17.28}% 266
\BOOKMARK [3][-]{subsubsection.17.28.1.1}{\376\377\0001\0007\000.\0002\0008\000.\0001\000.\0001\000\040\000M\000o\000d\000e\000l\000S\000I\000R\000M\000i\000x\000i\000n\000g\000\050\000\051\000\040\000[\0001\000/\0002\000]}{subsection.17.28.1}% 267
\BOOKMARK [3][-]{subsubsection.17.28.1.2}{\376\377\0001\0007\000.\0002\0008\000.\0001\000.\0002\000\040\000M\000o\000d\000e\000l\000S\000I\000R\000M\000i\000x\000i\000n\000g\000\050\000\051\000\040\000[\0002\000/\0002\000]}{subsection.17.28.1}% 268
\BOOKMARK [2][-]{subsection.17.28.2}{\376\377\0001\0007\000.\0002\0008\000.\0002\000\040\000M\000e\000m\000b\000e\000r\000\040\000F\000u\000n\000c\000t\000i\000o\000n\000\040\000D\000o\000c\000u\000m\000e\000n\000t\000a\000t\000i\000o\000n}{section.17.28}% 269
\BOOKMARK [3][-]{subsubsection.17.28.2.1}{\376\377\0001\0007\000.\0002\0008\000.\0002\000.\0001\000\040\000i\000n\000i\000t\000i\000a\000l\000\137\000s\000t\000a\000t\000e\000s\000\050\000\051}{subsection.17.28.2}% 270
\BOOKMARK [1][-]{section.17.29}{\376\377\0001\0007\000.\0002\0009\000\040\000M\000o\000d\000e\000l\000S\000I\000S\000<\000\040\000T\000S\000e\000q\000\040\000>\000\040\000C\000l\000a\000s\000s\000\040\000T\000e\000m\000p\000l\000a\000t\000e\000\040\000R\000e\000f\000e\000r\000e\000n\000c\000e}{chapter.17}% 271
\BOOKMARK [2][-]{subsection.17.29.1}{\376\377\0001\0007\000.\0002\0009\000.\0001\000\040\000D\000e\000t\000a\000i\000l\000e\000d\000\040\000D\000e\000s\000c\000r\000i\000p\000t\000i\000o\000n}{section.17.29}% 272
\BOOKMARK [1][-]{section.17.30}{\376\377\0001\0007\000.\0003\0000\000\040\000M\000o\000d\000e\000l\000S\000I\000S\000D\000<\000\040\000T\000S\000e\000q\000\040\000>\000\040\000C\000l\000a\000s\000s\000\040\000T\000e\000m\000p\000l\000a\000t\000e\000\040\000R\000e\000f\000e\000r\000e\000n\000c\000e}{chapter.17}% 273
\BOOKMARK [2][-]{subsection.17.30.1}{\376\377\0001\0007\000.\0003\0000\000.\0001\000\040\000D\000e\000t\000a\000i\000l\000e\000d\000\040\000D\000e\000s\000c\000r\000i\000p\000t\000i\000o\000n}{section.17.30}% 274
\BOOKMARK [1][-]{section.17.31}{\376\377\0001\0007\000.\0003\0001\000\040\000M\000o\000d\000e\000l\000S\000U\000R\000V\000<\000\040\000T\000S\000e\000q\000\040\000>\000\040\000C\000l\000a\000s\000s\000\040\000T\000e\000m\000p\000l\000a\000t\000e\000\040\000R\000e\000f\000e\000r\000e\000n\000c\000e}{chapter.17}% 275
\BOOKMARK [1][-]{section.17.32}{\376\377\0001\0007\000.\0003\0002\000\040\000N\000e\000t\000w\000o\000r\000k\000<\000\040\000N\000e\000t\000t\000y\000p\000e\000,\000\040\000N\000o\000d\000e\000t\000y\000p\000e\000,\000\040\000E\000d\000g\000e\000t\000y\000p\000e\000\040\000>\000\040\000C\000l\000a\000s\000s\000\040\000T\000e\000m\000p\000l\000a\000t\000e\000\040\000R\000e\000f\000e\000r\000e\000n\000c\000e}{chapter.17}% 276
\BOOKMARK [1][-]{section.17.33}{\376\377\0001\0007\000.\0003\0003\000\040\000P\000e\000r\000s\000o\000n\000T\000o\000o\000l\000s\000<\000\040\000T\000S\000e\000q\000\040\000>\000\040\000C\000l\000a\000s\000s\000\040\000T\000e\000m\000p\000l\000a\000t\000e\000\040\000R\000e\000f\000e\000r\000e\000n\000c\000e}{chapter.17}% 277
\BOOKMARK [1][-]{section.17.34}{\376\377\0001\0007\000.\0003\0004\000\040\000P\000r\000o\000g\000r\000e\000s\000s\000\040\000C\000l\000a\000s\000s\000\040\000R\000e\000f\000e\000r\000e\000n\000c\000e}{chapter.17}% 278
\BOOKMARK [2][-]{subsection.17.34.1}{\376\377\0001\0007\000.\0003\0004\000.\0001\000\040\000D\000e\000t\000a\000i\000l\000e\000d\000\040\000D\000e\000s\000c\000r\000i\000p\000t\000i\000o\000n}{section.17.34}% 279
\BOOKMARK [1][-]{section.17.35}{\376\377\0001\0007\000.\0003\0005\000\040\000Q\000u\000e\000u\000e\000<\000\040\000T\000S\000e\000q\000\040\000>\000\040\000C\000l\000a\000s\000s\000\040\000T\000e\000m\000p\000l\000a\000t\000e\000\040\000R\000e\000f\000e\000r\000e\000n\000c\000e}{chapter.17}% 280
\BOOKMARK [2][-]{subsection.17.35.1}{\376\377\0001\0007\000.\0003\0005\000.\0001\000\040\000D\000e\000t\000a\000i\000l\000e\000d\000\040\000D\000e\000s\000c\000r\000i\000p\000t\000i\000o\000n}{section.17.35}% 281
\BOOKMARK [1][-]{section.17.36}{\376\377\0001\0007\000.\0003\0006\000\040\000R\000a\000n\000d\000G\000r\000a\000p\000h\000\040\000C\000l\000a\000s\000s\000\040\000R\000e\000f\000e\000r\000e\000n\000c\000e}{chapter.17}% 282
\BOOKMARK [1][-]{section.17.37}{\376\377\0001\0007\000.\0003\0007\000\040\000S\000A\000M\000P\000L\000E\000T\000Y\000P\000E\000\040\000C\000l\000a\000s\000s\000\040\000R\000e\000f\000e\000r\000e\000n\000c\000e}{chapter.17}% 283
\BOOKMARK [1][-]{section.17.38}{\376\377\0001\0007\000.\0003\0008\000\040\000T\000o\000o\000l\000<\000\040\000T\000S\000e\000q\000\040\000>\000\040\000C\000l\000a\000s\000s\000\040\000T\000e\000m\000p\000l\000a\000t\000e\000\040\000R\000e\000f\000e\000r\000e\000n\000c\000e}{chapter.17}% 284
\BOOKMARK [2][-]{subsection.17.38.1}{\376\377\0001\0007\000.\0003\0008\000.\0001\000\040\000D\000e\000t\000a\000i\000l\000e\000d\000\040\000D\000e\000s\000c\000r\000i\000p\000t\000i\000o\000n}{section.17.38}% 285
\BOOKMARK [1][-]{section.17.39}{\376\377\0001\0007\000.\0003\0009\000\040\000T\000o\000o\000l\000F\000u\000n\000c\000t\000i\000o\000n\000s\000<\000\040\000T\000S\000e\000q\000\040\000>\000\040\000C\000l\000a\000s\000s\000\040\000T\000e\000m\000p\000l\000a\000t\000e\000\040\000R\000e\000f\000e\000r\000e\000n\000c\000e}{chapter.17}% 286
\BOOKMARK [2][-]{subsection.17.39.1}{\376\377\0001\0007\000.\0003\0009\000.\0001\000\040\000D\000e\000t\000a\000i\000l\000e\000d\000\040\000D\000e\000s\000c\000r\000i\000p\000t\000i\000o\000n}{section.17.39}% 287
\BOOKMARK [1][-]{section.17.40}{\376\377\0001\0007\000.\0004\0000\000\040\000T\000o\000o\000l\000s\000<\000\040\000T\000S\000e\000q\000\040\000>\000\040\000C\000l\000a\000s\000s\000\040\000T\000e\000m\000p\000l\000a\000t\000e\000\040\000R\000e\000f\000e\000r\000e\000n\000c\000e}{chapter.17}% 288
\BOOKMARK [2][-]{subsection.17.40.1}{\376\377\0001\0007\000.\0004\0000\000.\0001\000\040\000D\000e\000t\000a\000i\000l\000e\000d\000\040\000D\000e\000s\000c\000r\000i\000p\000t\000i\000o\000n}{section.17.40}% 289
\BOOKMARK [1][-]{section.17.41}{\376\377\0001\0007\000.\0004\0001\000\040\000T\000o\000o\000l\000s\000\137\000c\000o\000n\000s\000t\000<\000\040\000T\000S\000e\000q\000\040\000>\000\040\000C\000l\000a\000s\000s\000\040\000T\000e\000m\000p\000l\000a\000t\000e\000\040\000R\000e\000f\000e\000r\000e\000n\000c\000e}{chapter.17}% 290
\BOOKMARK [2][-]{subsection.17.41.1}{\376\377\0001\0007\000.\0004\0001\000.\0001\000\040\000D\000e\000t\000a\000i\000l\000e\000d\000\040\000D\000e\000s\000c\000r\000i\000p\000t\000i\000o\000n}{section.17.41}% 291
\BOOKMARK [1][-]{section.17.42}{\376\377\0001\0007\000.\0004\0002\000\040\000U\000s\000e\000r\000D\000a\000t\000a\000<\000\040\000T\000S\000e\000q\000\040\000>\000\040\000C\000l\000a\000s\000s\000\040\000T\000e\000m\000p\000l\000a\000t\000e\000\040\000R\000e\000f\000e\000r\000e\000n\000c\000e}{chapter.17}% 292
\BOOKMARK [2][-]{subsection.17.42.1}{\376\377\0001\0007\000.\0004\0002\000.\0001\000\040\000D\000e\000t\000a\000i\000l\000e\000d\000\040\000D\000e\000s\000c\000r\000i\000p\000t\000i\000o\000n}{section.17.42}% 293
\BOOKMARK [2][-]{subsection.17.42.2}{\376\377\0001\0007\000.\0004\0002\000.\0002\000\040\000C\000o\000n\000s\000t\000r\000u\000c\000t\000o\000r\000\040\000\046\000\040\000D\000e\000s\000t\000r\000u\000c\000t\000o\000r\000\040\000D\000o\000c\000u\000m\000e\000n\000t\000a\000t\000i\000o\000n}{section.17.42}% 294
\BOOKMARK [3][-]{subsubsection.17.42.2.1}{\376\377\0001\0007\000.\0004\0002\000.\0002\000.\0001\000\040\000U\000s\000e\000r\000D\000a\000t\000a\000\050\000\051}{subsection.17.42.2}% 295
\BOOKMARK [1][-]{section.17.43}{\376\377\0001\0007\000.\0004\0003\000\040\000v\000e\000c\000H\000a\000s\000h\000e\000r\000<\000\040\000T\000\040\000>\000\040\000S\000t\000r\000u\000c\000t\000\040\000T\000e\000m\000p\000l\000a\000t\000e\000\040\000R\000e\000f\000e\000r\000e\000n\000c\000e}{chapter.17}% 296
\BOOKMARK [2][-]{subsection.17.43.1}{\376\377\0001\0007\000.\0004\0003\000.\0001\000\040\000D\000e\000t\000a\000i\000l\000e\000d\000\040\000D\000e\000s\000c\000r\000i\000p\000t\000i\000o\000n}{section.17.43}% 297
\BOOKMARK [1][-]{section.17.44}{\376\377\0001\0007\000.\0004\0004\000\040\000V\000i\000r\000u\000s\000<\000\040\000T\000S\000e\000q\000\040\000>\000\040\000C\000l\000a\000s\000s\000\040\000T\000e\000m\000p\000l\000a\000t\000e\000\040\000R\000e\000f\000e\000r\000e\000n\000c\000e}{chapter.17}% 298
\BOOKMARK [2][-]{subsection.17.44.1}{\376\377\0001\0007\000.\0004\0004\000.\0001\000\040\000D\000e\000t\000a\000i\000l\000e\000d\000\040\000D\000e\000s\000c\000r\000i\000p\000t\000i\000o\000n}{section.17.44}% 299
\BOOKMARK [1][-]{section.17.45}{\376\377\0001\0007\000.\0004\0005\000\040\000V\000i\000r\000u\000s\000e\000s\000<\000\040\000T\000S\000e\000q\000\040\000>\000\040\000C\000l\000a\000s\000s\000\040\000T\000e\000m\000p\000l\000a\000t\000e\000\040\000R\000e\000f\000e\000r\000e\000n\000c\000e}{chapter.17}% 300
\BOOKMARK [2][-]{subsection.17.45.1}{\376\377\0001\0007\000.\0004\0005\000.\0001\000\040\000D\000e\000t\000a\000i\000l\000e\000d\000\040\000D\000e\000s\000c\000r\000i\000p\000t\000i\000o\000n}{section.17.45}% 301
\BOOKMARK [1][-]{section.17.46}{\376\377\0001\0007\000.\0004\0006\000\040\000V\000i\000r\000u\000s\000e\000s\000\137\000c\000o\000n\000s\000t\000<\000\040\000T\000S\000e\000q\000\040\000>\000\040\000C\000l\000a\000s\000s\000\040\000T\000e\000m\000p\000l\000a\000t\000e\000\040\000R\000e\000f\000e\000r\000e\000n\000c\000e}{chapter.17}% 302
\BOOKMARK [2][-]{subsection.17.46.1}{\376\377\0001\0007\000.\0004\0006\000.\0001\000\040\000D\000e\000t\000a\000i\000l\000e\000d\000\040\000D\000e\000s\000c\000r\000i\000p\000t\000i\000o\000n}{section.17.46}% 303
\BOOKMARK [1][-]{section.17.47}{\376\377\0001\0007\000.\0004\0007\000\040\000V\000i\000r\000u\000s\000F\000u\000n\000c\000t\000i\000o\000n\000s\000<\000\040\000T\000S\000e\000q\000\040\000>\000\040\000C\000l\000a\000s\000s\000\040\000T\000e\000m\000p\000l\000a\000t\000e\000\040\000R\000e\000f\000e\000r\000e\000n\000c\000e}{chapter.17}% 304
\BOOKMARK [0][-]{chapter.18}{\376\377\0001\0008\000\040\000F\000i\000l\000e\000\040\000D\000o\000c\000u\000m\000e\000n\000t\000a\000t\000i\000o\000n}{}% 305
\BOOKMARK [1][-]{section.18.1}{\376\377\0001\0008\000.\0001\000\040\000i\000n\000c\000l\000u\000d\000e\000/\000e\000p\000i\000w\000o\000r\000l\000d\000/\000a\000g\000e\000n\000t\000-\000m\000e\000a\000t\000-\000s\000t\000a\000t\000e\000.\000h\000p\000p\000\040\000F\000i\000l\000e\000\040\000R\000e\000f\000e\000r\000e\000n\000c\000e}{chapter.18}% 306
\BOOKMARK [2][-]{subsection.18.1.1}{\376\377\0001\0008\000.\0001\000.\0001\000\040\000D\000e\000t\000a\000i\000l\000e\000d\000\040\000D\000e\000s\000c\000r\000i\000p\000t\000i\000o\000n}{section.18.1}% 307
\BOOKMARK [1][-]{section.18.2}{\376\377\0001\0008\000.\0002\000\040\000i\000n\000c\000l\000u\000d\000e\000/\000e\000p\000i\000w\000o\000r\000l\000d\000/\000m\000o\000d\000e\000l\000s\000/\000m\000e\000a\000s\000l\000e\000s\000m\000i\000x\000i\000n\000g\000.\000h\000p\000p\000\040\000F\000i\000l\000e\000\040\000R\000e\000f\000e\000r\000e\000n\000c\000e}{chapter.18}% 308
\BOOKMARK [2][-]{subsection.18.2.1}{\376\377\0001\0008\000.\0002\000.\0001\000\040\000D\000e\000t\000a\000i\000l\000e\000d\000\040\000D\000e\000s\000c\000r\000i\000p\000t\000i\000o\000n}{section.18.2}% 309
\BOOKMARK [2][-]{subsection.18.2.2}{\376\377\0001\0008\000.\0002\000.\0002\000\040\000M\000a\000c\000r\000o\000\040\000D\000e\000f\000i\000n\000i\000t\000i\000o\000n\000\040\000D\000o\000c\000u\000m\000e\000n\000t\000a\000t\000i\000o\000n}{section.18.2}% 310
\BOOKMARK [3][-]{subsubsection.18.2.2.1}{\376\377\0001\0008\000.\0002\000.\0002\000.\0001\000\040\000G\000E\000T\000\137\000M\000O\000D\000E\000L}{subsection.18.2.2}% 311
\BOOKMARK [3][-]{subsubsection.18.2.2.2}{\376\377\0001\0008\000.\0002\000.\0002\000.\0002\000\040\000S\000A\000M\000P\000L\000E\000\137\000F\000R\000O\000M\000\137\000P\000R\000O\000B\000S}{subsection.18.2.2}% 312
\BOOKMARK [1][-]{section.18.3}{\376\377\0001\0008\000.\0003\000\040\000i\000n\000c\000l\000u\000d\000e\000/\000e\000p\000i\000w\000o\000r\000l\000d\000/\000m\000o\000d\000e\000l\000s\000/\000m\000e\000a\000s\000l\000e\000s\000m\000i\000x\000i\000n\000g\000r\000i\000s\000k\000q\000u\000a\000r\000a\000n\000t\000i\000n\000e\000.\000h\000p\000p\000\040\000F\000i\000l\000e\000\040\000R\000e\000f\000e\000r\000e\000n\000c\000e}{chapter.18}% 313
\BOOKMARK [2][-]{subsection.18.3.1}{\376\377\0001\0008\000.\0003\000.\0001\000\040\000D\000e\000t\000a\000i\000l\000e\000d\000\040\000D\000e\000s\000c\000r\000i\000p\000t\000i\000o\000n}{section.18.3}% 314
\BOOKMARK [2][-]{subsection.18.3.2}{\376\377\0001\0008\000.\0003\000.\0002\000\040\000M\000a\000c\000r\000o\000\040\000D\000e\000f\000i\000n\000i\000t\000i\000o\000n\000\040\000D\000o\000c\000u\000m\000e\000n\000t\000a\000t\000i\000o\000n}{section.18.3}% 315
\BOOKMARK [3][-]{subsubsection.18.3.2.1}{\376\377\0001\0008\000.\0003\000.\0002\000.\0001\000\040\000G\000E\000T\000\137\000M\000O\000D\000E\000L}{subsection.18.3.2}% 316
\BOOKMARK [3][-]{subsubsection.18.3.2.2}{\376\377\0001\0008\000.\0003\000.\0002\000.\0002\000\040\000S\000A\000M\000P\000L\000E\000\137\000F\000R\000O\000M\000\137\000P\000R\000O\000B\000S}{subsection.18.3.2}% 317
\BOOKMARK [1][-]{section.18.4}{\376\377\0001\0008\000.\0004\000\040\000i\000n\000c\000l\000u\000d\000e\000/\000e\000p\000i\000w\000o\000r\000l\000d\000/\000m\000o\000d\000e\000l\000s\000/\000s\000e\000i\000r\000m\000i\000x\000i\000n\000g\000q\000u\000a\000r\000a\000n\000t\000i\000n\000e\000.\000h\000p\000p\000\040\000F\000i\000l\000e\000\040\000R\000e\000f\000e\000r\000e\000n\000c\000e}{chapter.18}% 318
\BOOKMARK [2][-]{subsection.18.4.1}{\376\377\0001\0008\000.\0004\000.\0001\000\040\000D\000e\000t\000a\000i\000l\000e\000d\000\040\000D\000e\000s\000c\000r\000i\000p\000t\000i\000o\000n}{section.18.4}% 319
\BOOKMARK [2][-]{subsection.18.4.2}{\376\377\0001\0008\000.\0004\000.\0002\000\040\000M\000a\000c\000r\000o\000\040\000D\000e\000f\000i\000n\000i\000t\000i\000o\000n\000\040\000D\000o\000c\000u\000m\000e\000n\000t\000a\000t\000i\000o\000n}{section.18.4}% 320
\BOOKMARK [3][-]{subsubsection.18.4.2.1}{\376\377\0001\0008\000.\0004\000.\0002\000.\0001\000\040\000G\000E\000T\000\137\000M\000O\000D\000E\000L}{subsection.18.4.2}% 321
\BOOKMARK [3][-]{subsubsection.18.4.2.2}{\376\377\0001\0008\000.\0004\000.\0002\000.\0002\000\040\000S\000A\000M\000P\000L\000E\000\137\000F\000R\000O\000M\000\137\000P\000R\000O\000B\000S}{subsection.18.4.2}% 322
\BOOKMARK [0][-]{section*.173}{\376\377\000I\000n\000d\000e\000x}{}% 323
