This is pdfTeX, Version 3.14159265-2.6-1.40.21 (TeX Live 2020/Alpine Linux) (preloaded format=pdflatex 2025.6.4)  4 JUN 2025 05:15
entering extended mode
 restricted \write18 enabled.
 %&-line parsing enabled.
**refman
(./refman.tex
LaTeX2e <2020-02-02> patch level 5
L3 programming layer <2020-06-03>
(/usr/share/texmf-dist/tex/latex/base/book.cls
Document Class: book 2019/12/20 v1.4l Standard LaTeX document class
(/usr/share/texmf-dist/tex/latex/base/bk10.clo
File: bk10.clo 2019/12/20 v1.4l Standard LaTeX file (size option)
)
\c@part=\count167
\c@chapter=\count168
\c@section=\count169
\c@subsection=\count170
\c@subsubsection=\count171
\c@paragraph=\count172
\c@subparagraph=\count173
\c@figure=\count174
\c@table=\count175
\abovecaptionskip=\skip47
\belowcaptionskip=\skip48
\bibindent=\dimen134
)
(/usr/share/texmf-dist/tex/latex/base/ifthen.sty
Package: ifthen 2014/09/29 v1.1c Standard LaTeX ifthen package (DPC)
)
(/usr/share/texmf-dist/tex/latex/tools/array.sty
Rollback for package 'array' requested -> date 2016-10-06.
         Best approximation is the release introduced on 2016-10-06.

(/usr/share/texmf-dist/tex/latex/tools/array-2016-10-06.sty
Package: array 2016/10/06 v2.4d Tabular extension package (FMi)
\col@sep=\dimen135
\extrarowheight=\dimen136
\NC@list=\toks15
\extratabsurround=\skip49
\backup@length=\skip50
))
(/usr/share/texmf-dist/tex/latex/base/fixltx2e.sty
Package: fixltx2e 2016/12/29 v2.1a fixes to LaTeX (obsolete)
Applying: [2015/01/01] Old fixltx2e package on input line 46.


Package fixltx2e Warning: fixltx2e is not required with releases after 2015
(fixltx2e)                All fixes are now in the LaTeX kernel.
(fixltx2e)                See the latexrelease package for details.

Already applied: [0000/00/00] Old fixltx2e package on input line 53.
) (./doxygen.sty
Package: doxygen 
 (/usr/share/texmf-dist/tex/latex/base/alltt.sty
Package: alltt 1997/06/16 v2.0g defines alltt environment
)
(/usr/share/texmf-dist/tex/latex/tools/calc.sty
Package: calc 2017/05/25 v4.3 Infix arithmetic (KKT,FJ)
\calc@Acount=\count176
\calc@Bcount=\count177
\calc@Adimen=\dimen137
\calc@Bdimen=\dimen138
\calc@Askip=\skip51
\calc@Bskip=\skip52
LaTeX Info: Redefining \setlength on input line 80.
LaTeX Info: Redefining \addtolength on input line 81.
\calc@Ccount=\count178
\calc@Cskip=\skip53
)
(/usr/share/texmf-dist/tex/latex/float/float.sty
Package: float 2001/11/08 v1.3d Float enhancements (AL)
\c@float@type=\count179
\float@exts=\toks16
\float@box=\box45
\@float@everytoks=\toks17
\@floatcapt=\box46
)
(/usr/share/texmf-dist/tex/latex/tools/verbatim.sty
Package: verbatim 2019/11/10 v1.5r LaTeX2e package for verbatim enhancements
\every@verbatim=\toks18
\verbatim@line=\toks19
\verbatim@in@stream=\read2
)
(/usr/share/texmf-dist/tex/latex/xcolor/xcolor.sty
Package: xcolor 2016/05/11 v2.12 LaTeX color extensions (UK)

(/usr/share/texmf-dist/tex/latex/graphics-cfg/color.cfg
File: color.cfg 2016/01/02 v1.6 sample color configuration
)
Package xcolor Info: Driver file: pdftex.def on input line 225.

(/usr/share/texmf-dist/tex/latex/graphics-def/pdftex.def
File: pdftex.def 2018/01/08 v1.0l Graphics/color driver for pdftex
)
(/usr/share/texmf-dist/tex/latex/colortbl/colortbl.sty
Package: colortbl 2020/01/04 v1.0e Color table columns (DPC)
\everycr=\toks20
\minrowclearance=\skip54
)
\rownum=\count180
Package xcolor Info: Model `cmy' substituted by `cmy0' on input line 1348.
Package xcolor Info: Model `hsb' substituted by `rgb' on input line 1352.
Package xcolor Info: Model `RGB' extended on input line 1364.
Package xcolor Info: Model `HTML' substituted by `rgb' on input line 1366.
Package xcolor Info: Model `Hsb' substituted by `hsb' on input line 1367.
Package xcolor Info: Model `tHsb' substituted by `hsb' on input line 1368.
Package xcolor Info: Model `HSB' substituted by `hsb' on input line 1369.
Package xcolor Info: Model `Gray' substituted by `gray' on input line 1370.
Package xcolor Info: Model `wave' substituted by `hsb' on input line 1371.
)
(./longtable_doxygen.sty
Package: longtable_doxygen 2014/10/28 v4.11 Multi-page Table package (DPC) - fr
ozen version for doxygen
\LTleft=\skip55
\LTright=\skip56
\LTpre=\skip57
\LTpost=\skip58
\LTchunksize=\count181
\LTcapwidth=\dimen139
\LT@head=\box47
\LT@firsthead=\box48
\LT@foot=\box49
\LT@lastfoot=\box50
\LT@cols=\count182
\LT@rows=\count183
\c@LT@tables=\count184
\c@LT@chunks=\count185
\LT@p@ftn=\toks21
) (./tabu_doxygen.sty
Package: tabu_doxygen 2011/02/26 v2.8 - flexible LaTeX tabulars (FC), frozen ve
rsion for doxygen

(/usr/share/texmf-dist/tex/latex/varwidth/varwidth.sty
Package: varwidth 2009/03/30 ver 0.92;  Variable-width minipages
\@vwid@box=\box51
\sift@deathcycles=\count186
\@vwid@loff=\dimen140
\@vwid@roff=\dimen141
)
\c@taburow=\count187
\tabu@nbcols=\count188
\tabu@cnt=\count189
\tabu@Xcol=\count190
\tabu@alloc=\count191
\tabu@nested=\count192
\tabu@target=\dimen142
\tabu@spreadtarget=\dimen143
\tabu@naturalX=\dimen144
\tabucolX=\dimen145
\tabu@Xsum=\dimen146
\extrarowdepth=\dimen147
\abovetabulinesep=\dimen148
\belowtabulinesep=\dimen149
\tabustrutrule=\dimen150
\tabu@thebody=\toks22
\tabu@footnotes=\toks23
\tabu@box=\box52
\tabu@arstrutbox=\box53
\tabu@hleads=\box54
\tabu@vleads=\box55
\tabu@cellskip=\skip59
)
(/usr/share/texmf-dist/tex/latex/fancyvrb/fancyvrb.sty
Package: fancyvrb 2020/05/03 v3.6 verbatim text (tvz,hv)

(/usr/share/texmf-dist/tex/latex/graphics/keyval.sty
Package: keyval 2014/10/28 v1.15 key=value parser (DPC)
\KV@toks@=\toks24
)
\FV@CodeLineNo=\count193
\FV@InFile=\read3
\FV@TabBox=\box56
\c@FancyVerbLine=\count194
\FV@StepNumber=\count195
\FV@OutFile=\write3
)
(/usr/share/texmf-dist/tex/latex/tools/tabularx.sty
Package: tabularx 2020/01/15 v2.11c `tabularx' package (DPC)
\TX@col@width=\dimen151
\TX@old@table=\dimen152
\TX@old@col=\dimen153
\TX@target=\dimen154
\TX@delta=\dimen155
\TX@cols=\count196
\TX@ftn=\toks25
)
(/usr/share/texmf-dist/tex/latex/tools/multicol.sty
Package: multicol 2019/12/09 v1.8y multicolumn formatting (FMi)
\c@tracingmulticols=\count197
\mult@box=\box57
\multicol@leftmargin=\dimen156
\c@unbalance=\count198
\c@collectmore=\count199
\doublecol@number=\count266
\multicoltolerance=\count267
\multicolpretolerance=\count268
\full@width=\dimen157
\page@free=\dimen158
\premulticols=\dimen159
\postmulticols=\dimen160
\multicolsep=\skip60
\multicolbaselineskip=\skip61
\partial@page=\box58
\last@line=\box59
\maxbalancingoverflow=\dimen161
\mult@rightbox=\box60
\mult@grightbox=\box61
\mult@gfirstbox=\box62
\mult@firstbox=\box63
\@tempa=\box64
\@tempa=\box65
\@tempa=\box66
\@tempa=\box67
\@tempa=\box68
\@tempa=\box69
\@tempa=\box70
\@tempa=\box71
\@tempa=\box72
\@tempa=\box73
\@tempa=\box74
\@tempa=\box75
\@tempa=\box76
\@tempa=\box77
\@tempa=\box78
\@tempa=\box79
\@tempa=\box80
\@tempa=\box81
\@tempa=\box82
\@tempa=\box83
\@tempa=\box84
\@tempa=\box85
\@tempa=\box86
\@tempa=\box87
\@tempa=\box88
\@tempa=\box89
\@tempa=\box90
\@tempa=\box91
\@tempa=\box92
\@tempa=\box93
\@tempa=\box94
\@tempa=\box95
\@tempa=\box96
\@tempa=\box97
\@tempa=\box98
\@tempa=\box99
\@tempa=\box100
\c@minrows=\count269
\c@columnbadness=\count270
\c@finalcolumnbadness=\count271
\last@try=\dimen162
\multicolovershoot=\dimen163
\multicolundershoot=\dimen164
\mult@nat@firstbox=\box101
\colbreak@box=\box102
\mc@col@check@num=\count272
)
(/usr/share/texmf-dist/tex/latex/multirow/multirow.sty
Package: multirow 2019/05/31 v2.5 Span multiple rows of a table
\multirow@colwidth=\skip62
\multirow@cntb=\count273
\multirow@dima=\skip63
\bigstrutjot=\dimen165
)
(/usr/share/texmf-dist/tex/latex/hanging/hanging.sty
Package: hanging 2009/09/02 v1.2b hanging paragraphs and punctuation
\h@ngcommawd=\skip64
\h@ngfstopwd=\skip65
\h@ngquotewd=\skip66
\h@ngdquotewd=\skip67
\h@ngquerywd=\skip68
\h@ngexclwd=\skip69
\h@ngcolonwd=\skip70
\h@ngscolonwd=\skip71
)
(/usr/share/texmf-dist/tex/generic/iftex/ifpdf.sty
Package: ifpdf 2019/10/25 v3.4 ifpdf legacy package. Use iftex instead.

(/usr/share/texmf-dist/tex/generic/iftex/iftex.sty
Package: iftex 2020/03/06 v1.0d TeX engine tests
))
(/usr/share/texmf-dist/tex/latex/adjustbox/adjustbox.sty
Package: adjustbox 2019/01/04 v1.2 Adjusting TeX boxes (trim, clip, ...)

(/usr/share/texmf-dist/tex/latex/xkeyval/xkeyval.sty
Package: xkeyval 2014/12/03 v2.7a package option processing (HA)

(/usr/share/texmf-dist/tex/generic/xkeyval/xkeyval.tex
(/usr/share/texmf-dist/tex/generic/xkeyval/xkvutils.tex
\XKV@toks=\toks26
\XKV@tempa@toks=\toks27
)
\XKV@depth=\count274
File: xkeyval.tex 2014/12/03 v2.7a key=value parser (HA)
))
(/usr/share/texmf-dist/tex/latex/adjustbox/adjcalc.sty
Package: adjcalc 2012/05/16 v1.1 Provides advanced setlength with multiple back
-ends (calc, etex, pgfmath)
)
(/usr/share/texmf-dist/tex/latex/adjustbox/trimclip.sty
Package: trimclip 2018/04/08 v1.1 Trim and clip general TeX material

(/usr/share/texmf-dist/tex/latex/graphics/graphicx.sty
Package: graphicx 2019/11/30 v1.2a Enhanced LaTeX Graphics (DPC,SPQR)

(/usr/share/texmf-dist/tex/latex/graphics/graphics.sty
Package: graphics 2019/11/30 v1.4a Standard LaTeX Graphics (DPC,SPQR)

(/usr/share/texmf-dist/tex/latex/graphics/trig.sty
Package: trig 2016/01/03 v1.10 sin cos tan (DPC)
)
(/usr/share/texmf-dist/tex/latex/graphics-cfg/graphics.cfg
File: graphics.cfg 2016/06/04 v1.11 sample graphics configuration
)
Package graphics Info: Driver file: pdftex.def on input line 105.
)
\Gin@req@height=\dimen166
\Gin@req@width=\dimen167
)
(/usr/share/texmf-dist/tex/latex/collectbox/collectbox.sty
Package: collectbox 2012/05/17 v0.4b Collect macro arguments as boxes
\collectedbox=\box103
)
\tc@llx=\dimen168
\tc@lly=\dimen169
\tc@urx=\dimen170
\tc@ury=\dimen171
Package trimclip Info: Using driver 'tc-pdftex.def'.

(/usr/share/texmf-dist/tex/latex/adjustbox/tc-pdftex.def
File: tc-pdftex.def 2019/01/04 v2.2 Clipping driver for pdftex
))
\adjbox@Width=\dimen172
\adjbox@Height=\dimen173
\adjbox@Depth=\dimen174
\adjbox@Totalheight=\dimen175
\adjbox@pwidth=\dimen176
\adjbox@pheight=\dimen177
\adjbox@pdepth=\dimen178
\adjbox@ptotalheight=\dimen179

(/usr/share/texmf-dist/tex/latex/ifoddpage/ifoddpage.sty
Package: ifoddpage 2016/04/23 v1.1 Conditionals for odd/even page detection
\c@checkoddpage=\count275
))
(/usr/share/texmf-dist/tex/latex/amsfonts/amssymb.sty
Package: amssymb 2013/01/14 v3.01 AMS font symbols

(/usr/share/texmf-dist/tex/latex/amsfonts/amsfonts.sty
Package: amsfonts 2013/01/14 v3.01 Basic AMSFonts support
\@emptytoks=\toks28
\symAMSa=\mathgroup4
\symAMSb=\mathgroup5
LaTeX Font Info:    Redeclaring math symbol \hbar on input line 98.
LaTeX Font Info:    Overwriting math alphabet `\mathfrak' in version `bold'
(Font)                  U/euf/m/n --> U/euf/b/n on input line 106.
))
(/usr/share/texmf-dist/tex/latex/stackengine/stackengine.sty
Package: stackengine 2017/02/13 v4.01\ Stacking text and objects in convenient 
ways

(/usr/share/texmf-dist/tex/latex/etoolbox/etoolbox.sty
Package: etoolbox 2019/09/21 v2.5h e-TeX tools for LaTeX (JAW)
\etb@tempcnta=\count276
)
(/usr/share/texmf-dist/tex/generic/listofitems/listofitems.sty
(/usr/share/texmf-dist/tex/generic/listofitems/listofitems.tex
\loi_cnt_foreach_nest=\count277
\loi_nestcnt=\count278
)
Package: listofitems 2019/08/21 v1.63 Grab items in lists using user-specified 
sep char (CT)
)
\c@@stackindex=\count279
\@boxshift=\skip72
\stack@tmplength=\skip73
\temp@stkl=\skip74
\@stackedboxwidth=\skip75
\@addedbox=\box104
\@anchorbox=\box105
\stackedbox=\box106
\@centerbox=\box107
\c@ROWcellindex@=\count280
)
(/usr/share/texmf-dist/tex/generic/ulem/ulem.sty
\UL@box=\box108
\UL@hyphenbox=\box109
\UL@skip=\skip76
\UL@hook=\toks29
\UL@height=\dimen180
\UL@pe=\count281
\UL@pixel=\dimen181
\ULC@box=\box110
Package: ulem 2019/11/18
\ULdepth=\dimen182
)
\xrefbox=\box111
\xreflength=\skip77
\CodeWidthChar=\skip78
\CodeHeightChar=\skip79
\DoxyCodeWidth=\skip80
)
(/usr/share/texmf-dist/tex/latex/base/inputenc.sty
Package: inputenc 2018/08/11 v1.3c Input encoding file
\inpenc@prehook=\toks30
\inpenc@posthook=\toks31
)
(/usr/share/texmf-dist/tex/latex/base/makeidx.sty
Package: makeidx 2014/09/29 v1.0m Standard LaTeX package
)
(/usr/share/texmf-dist/tex/latex/base/textcomp.sty
Package: textcomp 2020/02/02 v2.0n Standard LaTeX package
)
(/usr/share/texmf-dist/tex/latex/wasysym/wasysym.sty
Package: wasysym 2020/01/19 v2.4 Wasy-2 symbol support package
\symwasy=\mathgroup6
LaTeX Font Info:    Overwriting symbol font `wasy' in version `bold'
(Font)                  U/wasy/m/n --> U/wasy/b/n on input line 93.
)
(/usr/share/texmf-dist/tex/generic/iftex/ifxetex.sty
Package: ifxetex 2019/10/25 v0.7 ifxetex legacy package. Use iftex instead.
)
(/usr/share/texmf-dist/tex/latex/base/fontenc.sty
Package: fontenc 2020/02/11 v2.0o Standard LaTeX package
)
(/usr/share/texmf-dist/tex/latex/psnfss/helvet.sty
Package: helvet 2020/03/25 PSNFSS-v9.3 (WaS) 
)
(/usr/share/texmf-dist/tex/latex/psnfss/courier.sty
Package: courier 2020/03/25 PSNFSS-v9.3 (WaS) 
)
(/usr/share/texmf-dist/tex/latex/sectsty/sectsty.sty
Package: sectsty 2002/02/25 v2.0.2 Commands to change all sectional heading sty
les


LaTeX Warning: Command \underbar  has changed.
               Check if current package is valid.


LaTeX Warning: Command \underline  has changed.
               Check if current package is valid.

) (/usr/share/texmf-dist/tex/latex/geometry/geometry.sty
Package: geometry 2020/01/02 v5.9 Page Geometry

(/usr/share/texmf-dist/tex/generic/iftex/ifvtex.sty
Package: ifvtex 2019/10/25 v1.7 ifvtex legacy package. Use iftex instead.
)
\Gm@cnth=\count282
\Gm@cntv=\count283
\c@Gm@tempcnt=\count284
\Gm@bindingoffset=\dimen183
\Gm@wd@mp=\dimen184
\Gm@odd@mp=\dimen185
\Gm@even@mp=\dimen186
\Gm@layoutwidth=\dimen187
\Gm@layoutheight=\dimen188
\Gm@layouthoffset=\dimen189
\Gm@layoutvoffset=\dimen190
\Gm@dimlist=\toks32
)
(/usr/share/texmf-dist/tex/latex/fancyhdr/fancyhdr.sty
Package: fancyhdr 2019/01/31 v3.10 Extensive control of page headers and footer
s
\f@nch@headwidth=\skip81
\f@nch@O@elh=\skip82
\f@nch@O@erh=\skip83
\f@nch@O@olh=\skip84
\f@nch@O@orh=\skip85
\f@nch@O@elf=\skip86
\f@nch@O@erf=\skip87
\f@nch@O@olf=\skip88
\f@nch@O@orf=\skip89
)
(/usr/share/texmf-dist/tex/latex/natbib/natbib.sty
Package: natbib 2010/09/13 8.31b (PWD, AO)
\bibhang=\skip90
\bibsep=\skip91
LaTeX Info: Redefining \cite on input line 694.
\c@NAT@ctr=\count285
)
(/usr/share/texmf-dist/tex/latex/tocloft/tocloft.sty
Package: tocloft 2017/08/31 v2.3i parameterised ToC, etc., typesetting
Package tocloft Info: The document has chapter divisions on input line 51.
\cftparskip=\skip92
\cftbeforetoctitleskip=\skip93
\cftaftertoctitleskip=\skip94
\cftbeforepartskip=\skip95
\cftpartnumwidth=\skip96
\cftpartindent=\skip97
\cftbeforechapskip=\skip98
\cftchapindent=\skip99
\cftchapnumwidth=\skip100
\cftbeforesecskip=\skip101
\cftsecindent=\skip102
\cftsecnumwidth=\skip103
\cftbeforesubsecskip=\skip104
\cftsubsecindent=\skip105
\cftsubsecnumwidth=\skip106
\cftbeforesubsubsecskip=\skip107
\cftsubsubsecindent=\skip108
\cftsubsubsecnumwidth=\skip109
\cftbeforeparaskip=\skip110
\cftparaindent=\skip111
\cftparanumwidth=\skip112
\cftbeforesubparaskip=\skip113
\cftsubparaindent=\skip114
\cftsubparanumwidth=\skip115
\cftbeforeloftitleskip=\skip116
\cftafterloftitleskip=\skip117
\cftbeforefigskip=\skip118
\cftfigindent=\skip119
\cftfignumwidth=\skip120
\c@lofdepth=\count286
\c@lotdepth=\count287
\cftbeforelottitleskip=\skip121
\cftafterlottitleskip=\skip122
\cftbeforetabskip=\skip123
\cfttabindent=\skip124
\cfttabnumwidth=\skip125
)
\@indexfile=\write4
\openout4 = `refman.idx'.


Writing index file refman.idx
(/usr/share/texmf-dist/tex/latex/newunicodechar/newunicodechar.sty
Package: newunicodechar 2018/04/08 v1.2 Defining Unicode characters
)

Package newunicodechar Warning: Redefining Unicode character on input line 115.



Package newunicodechar Warning: Redefining Unicode character on input line 116.


(/usr/share/texmf-dist/tex/latex/hyperref/hyperref.sty
Package: hyperref 2020-05-15 v7.00e Hypertext links for LaTeX

(/usr/share/texmf-dist/tex/generic/ltxcmds/ltxcmds.sty
Package: ltxcmds 2019/12/15 v1.24 LaTeX kernel commands for general use (HO)
)
(/usr/share/texmf-dist/tex/latex/pdftexcmds/pdftexcmds.sty
Package: pdftexcmds 2020-06-04 v0.32 Utility functions of pdfTeX for LuaTeX (HO
)

(/usr/share/texmf-dist/tex/generic/infwarerr/infwarerr.sty
Package: infwarerr 2019/12/03 v1.5 Providing info/warning/error messages (HO)
)
Package pdftexcmds Info: \pdf@primitive is available.
Package pdftexcmds Info: \pdf@ifprimitive is available.
Package pdftexcmds Info: \pdfdraftmode found.
)
(/usr/share/texmf-dist/tex/generic/kvsetkeys/kvsetkeys.sty
Package: kvsetkeys 2019/12/15 v1.18 Key value parser (HO)
)
(/usr/share/texmf-dist/tex/generic/kvdefinekeys/kvdefinekeys.sty
Package: kvdefinekeys 2019-12-19 v1.6 Define keys (HO)
)
(/usr/share/texmf-dist/tex/generic/pdfescape/pdfescape.sty
Package: pdfescape 2019/12/09 v1.15 Implements pdfTeX's escape features (HO)
)
(/usr/share/texmf-dist/tex/latex/hycolor/hycolor.sty
Package: hycolor 2020-01-27 v1.10 Color options for hyperref/bookmark (HO)
)
(/usr/share/texmf-dist/tex/latex/letltxmacro/letltxmacro.sty
Package: letltxmacro 2019/12/03 v1.6 Let assignment for LaTeX macros (HO)
)
(/usr/share/texmf-dist/tex/latex/auxhook/auxhook.sty
Package: auxhook 2019-12-17 v1.6 Hooks for auxiliary files (HO)
)
(/usr/share/texmf-dist/tex/latex/kvoptions/kvoptions.sty
Package: kvoptions 2019/11/29 v3.13 Key value format for package options (HO)
)
\@linkdim=\dimen191
\Hy@linkcounter=\count288
\Hy@pagecounter=\count289

(/usr/share/texmf-dist/tex/latex/hyperref/pd1enc.def
File: pd1enc.def 2020-05-15 v7.00e Hyperref: PDFDocEncoding definition (HO)
Now handling font encoding PD1 ...
... no UTF-8 mapping file for font encoding PD1
)
(/usr/share/texmf-dist/tex/generic/intcalc/intcalc.sty
Package: intcalc 2019/12/15 v1.3 Expandable calculations with integers (HO)
)
(/usr/share/texmf-dist/tex/generic/etexcmds/etexcmds.sty
Package: etexcmds 2019/12/15 v1.7 Avoid name clashes with e-TeX commands (HO)
)
\Hy@SavedSpaceFactor=\count290
Package hyperref Info: Hyper figures OFF on input line 4464.
Package hyperref Info: Link nesting OFF on input line 4469.
Package hyperref Info: Hyper index ON on input line 4472.
Package hyperref Info: Plain pages OFF on input line 4479.
Package hyperref Info: Backreferencing ON on input line 4482.
Package hyperref Info: Implicit mode ON; LaTeX internals redefined.
Package hyperref Info: Bookmarks ON on input line 4717.

(/usr/share/texmf-dist/tex/latex/hyperref/backref.sty
Package: backref 2020/01/14 v1.40 Bibliographical back referencing

(/usr/share/texmf-dist/tex/latex/rerunfilecheck/rerunfilecheck.sty
Package: rerunfilecheck 2019/12/05 v1.9 Rerun checks for auxiliary files (HO)

(/usr/share/texmf-dist/tex/latex/atveryend/atveryend.sty
Package: atveryend 2019-12-11 v1.11 Hooks at the very end of document (HO)
)
(/usr/share/texmf-dist/tex/generic/uniquecounter/uniquecounter.sty
Package: uniquecounter 2019/12/15 v1.4 Provide unlimited unique counter (HO)

(/usr/share/texmf-dist/tex/generic/bigintcalc/bigintcalc.sty
Package: bigintcalc 2019/12/15 v1.5 Expandable calculations on big integers (HO
)
))
Package uniquecounter Info: New unique counter `rerunfilecheck' on input line 2
86.
))
\c@Hy@tempcnt=\count291

(/usr/share/texmf-dist/tex/latex/url/url.sty
\Urlmuskip=\muskip16
Package: url 2013/09/16  ver 3.4  Verb mode for urls, etc.
)
LaTeX Info: Redefining \url on input line 5076.
\XeTeXLinkMargin=\dimen192

(/usr/share/texmf-dist/tex/generic/bitset/bitset.sty
Package: bitset 2019/12/09 v1.3 Handle bit-vector datatype (HO)
)
\Fld@menulength=\count292
\Field@Width=\dimen193
\Fld@charsize=\dimen194
Package hyperref Info: Hyper figures OFF on input line 6347.
Package hyperref Info: Link nesting OFF on input line 6352.
Package hyperref Info: Hyper index ON on input line 6355.
Package hyperref Info: backreferencing ON on input line 6360.
Package hyperref Info: Link coloring OFF on input line 6367.
Package hyperref Info: Link coloring with OCG OFF on input line 6372.
Package hyperref Info: PDF/A mode OFF on input line 6377.
LaTeX Info: Redefining \ref on input line 6417.
LaTeX Info: Redefining \pageref on input line 6421.

(/usr/share/texmf-dist/tex/generic/atbegshi/atbegshi.sty
Package: atbegshi 2019/12/05 v1.19 At begin shipout hook (HO)
)
\Hy@abspage=\count293
\c@Item=\count294
\c@Hfootnote=\count295
)
Package hyperref Info: Driver: hpdftex.

(/usr/share/texmf-dist/tex/latex/hyperref/hpdftex.def
File: hpdftex.def 2020-05-15 v7.00e Hyperref driver for pdfTeX
\Fld@listcount=\count296
\c@bookmark@seq@number=\count297
\Hy@SectionHShift=\skip126
)
Package hyperref Info: Option `colorlinks' set `true' on input line 134.
Package hyperref Info: Option `unicode' set `true' on input line 134.

(/usr/share/texmf-dist/tex/latex/hyperref/puenc.def
File: puenc.def 2020-05-15 v7.00e Hyperref: PDF Unicode definition (HO)
Now handling font encoding PU ...
... no UTF-8 mapping file for font encoding PU
)
(/usr/share/texmf-dist/tex/latex/caption/caption.sty
Package: caption 2020/05/10 v3.4j Customizing captions (AR)

(/usr/share/texmf-dist/tex/latex/caption/caption3.sty
Package: caption3 2020/05/10 v1.11 caption3 kernel (AR)
Package caption3 Info: TeX engine: e-TeX on input line 61.
\captionmargin=\dimen195
\captionmargin@=\dimen196
\captionwidth=\dimen197
\caption@tempdima=\dimen198
\caption@indent=\dimen199
\caption@parindent=\dimen256
\caption@hangindent=\dimen257
Package caption Info: Standard document class detected.
)
\c@caption@flags=\count298
\c@continuedfloat=\count299
Package caption Info: float package is loaded.
Package caption Info: hyperref package is loaded.
Package caption Info: longtable package is loaded.

(/usr/share/texmf-dist/tex/latex/caption/ltcaption.sty
Package: ltcaption 2018/08/26 v1.4a longtable captions (AR)
))
(/usr/share/texmf-dist/tex/latex/etoc/etoc.sty
Package: etoc 2020/05/15 v1.09c Completely customisable TOCs (JFB)
\Etoc@toctoks=\toks33
\c@etoc@tocid=\count300
\c@etoc@tocdepth=\count301
\etoc@framed@titlebox=\box112
\etoc@framed@contentsbox=\box113
)
(/usr/share/texmf-dist/tex/latex/l3backend/l3backend-pdfmode.def
File: l3backend-pdfmode.def 2020-06-03 L3 backend support: PDF mode
\l__kernel_color_stack_int=\count302
\l__pdf_internal_box=\box114
) (./refman.aux)
\openout1 = `refman.aux'.

LaTeX Font Info:    Checking defaults for OML/cmm/m/it on input line 149.
LaTeX Font Info:    ... okay on input line 149.
LaTeX Font Info:    Checking defaults for OMS/cmsy/m/n on input line 149.
LaTeX Font Info:    ... okay on input line 149.
LaTeX Font Info:    Checking defaults for OT1/cmr/m/n on input line 149.
LaTeX Font Info:    ... okay on input line 149.
LaTeX Font Info:    Checking defaults for T1/cmr/m/n on input line 149.
LaTeX Font Info:    ... okay on input line 149.
LaTeX Font Info:    Checking defaults for TS1/cmr/m/n on input line 149.
LaTeX Font Info:    ... okay on input line 149.
LaTeX Font Info:    Checking defaults for OMX/cmex/m/n on input line 149.
LaTeX Font Info:    ... okay on input line 149.
LaTeX Font Info:    Checking defaults for U/cmr/m/n on input line 149.
LaTeX Font Info:    ... okay on input line 149.
LaTeX Font Info:    Checking defaults for PD1/pdf/m/n on input line 149.
LaTeX Font Info:    ... okay on input line 149.
LaTeX Font Info:    Checking defaults for PU/pdf/m/n on input line 149.
LaTeX Font Info:    ... okay on input line 149.
LaTeX Font Info:    Trying to load font information for T1+phv on input line 14
9.
 (/usr/share/texmf-dist/tex/latex/psnfss/t1phv.fd
File: t1phv.fd 2020/03/25 scalable font definitions for T1/phv.
)
LaTeX Font Info:    Font shape `T1/phv/m/n' will be
(Font)              scaled to size 8.99994pt on input line 149.

(/usr/share/texmf-dist/tex/context/base/mkii/supp-pdf.mkii
[Loading MPS to PDF converter (version 2006.09.02).]
\scratchcounter=\count303
\scratchdimen=\dimen258
\scratchbox=\box115
\nofMPsegments=\count304
\nofMParguments=\count305
\everyMPshowfont=\toks34
\MPscratchCnt=\count306
\MPscratchDim=\dimen259
\MPnumerator=\count307
\makeMPintoPDFobject=\count308
\everyMPtoPDFconversion=\toks35
) (/usr/share/texmf-dist/tex/latex/epstopdf-pkg/epstopdf-base.sty
Package: epstopdf-base 2020-01-24 v2.11 Base part for package epstopdf
Package epstopdf-base Info: Redefining graphics rule for `.eps' on input line 4
85.

(/usr/share/texmf-dist/tex/latex/latexconfig/epstopdf-sys.cfg
File: epstopdf-sys.cfg 2010/07/13 v1.3 Configuration of (r)epstopdf for TeX Liv
e
))
*geometry* driver: auto-detecting
*geometry* detected driver: pdftex
*geometry* verbose mode - [ preamble ] result:
* driver: pdftex
* paper: a4paper
* layout: <same size as paper>
* layoutoffset:(h,v)=(0.0pt,0.0pt)
* modes: twoside 
* h-part:(L,W,R)=(71.13188pt, 455.24411pt, 71.13188pt)
* v-part:(T,H,B)=(71.13188pt, 702.78308pt, 71.13188pt)
* \paperwidth=597.50787pt
* \paperheight=845.04684pt
* \textwidth=455.24411pt
* \textheight=702.78308pt
* \oddsidemargin=-1.1381pt
* \evensidemargin=-1.1381pt
* \topmargin=-31.2056pt
* \headheight=12.0pt
* \headsep=18.06749pt
* \topskip=10.0pt
* \footskip=25.29494pt
* \marginparwidth=125.0pt
* \marginparsep=7.0pt
* \columnsep=10.0pt
* \skip\footins=9.0pt plus 4.0pt minus 2.0pt
* \hoffset=0.0pt
* \voffset=0.0pt
* \mag=1000
* \@twocolumnfalse
* \@twosidetrue
* \@mparswitchtrue
* \@reversemarginfalse
* (1in=72.27pt=25.4mm, 1cm=28.453pt)

Package backref Info: ** backref set up for natbib ** on input line 149.
\AtBeginShipoutBox=\box116
Package hyperref Info: Link coloring ON on input line 149.
(/usr/share/texmf-dist/tex/latex/hyperref/nameref.sty
Package: nameref 2019/09/16 v2.46 Cross-referencing by name of section

(/usr/share/texmf-dist/tex/latex/refcount/refcount.sty
Package: refcount 2019/12/15 v3.6 Data extraction from label references (HO)
)
(/usr/share/texmf-dist/tex/generic/gettitlestring/gettitlestring.sty
Package: gettitlestring 2019/12/15 v1.6 Cleanup title references (HO)
)
\c@section@level=\count309
)
LaTeX Info: Redefining \ref on input line 149.
LaTeX Info: Redefining \pageref on input line 149.
LaTeX Info: Redefining \nameref on input line 149.

(./refman.out) (./refman.out)
\@outlinefile=\write5
\openout5 = `refman.out'.

Package caption Info: Begin \AtBeginDocument code.
Package caption Info: End \AtBeginDocument code.
\Etoc@tf=\read4
Package hyperref Info: Option `pageanchor' set `false' on input line 156.
Package hyperref Info: Option `bookmarksnumbered' set `true' on input line 156.

Package hyperref Info: Option `unicode' set `true' on input line 156.
LaTeX Font Info:    Font shape `T1/phv/m/n' will be
(Font)              scaled to size 12.9599pt on input line 161.
LaTeX Font Info:    Font shape `T1/phv/m/n' will be
(Font)              scaled to size 10.79993pt on input line 161.
LaTeX Font Info:    Font shape `T1/phv/m/n' will be
(Font)              scaled to size 6.29996pt on input line 161.
LaTeX Font Info:    Trying to load font information for U+msa on input line 161
.
 (/usr/share/texmf-dist/tex/latex/amsfonts/umsa.fd
File: umsa.fd 2013/01/14 v3.01 AMS symbols A
)
LaTeX Font Info:    Trying to load font information for U+msb on input line 161
.
 (/usr/share/texmf-dist/tex/latex/amsfonts/umsb.fd
File: umsb.fd 2013/01/14 v3.01 AMS symbols B
)
LaTeX Font Info:    Trying to load font information for U+wasy on input line 16
1.

(/usr/share/texmf-dist/tex/latex/wasysym/uwasy.fd
File: uwasy.fd 2020/01/19 v2.4 Wasy-2 symbol font definitions
) [1


{/usr/share/texmf-dist/fonts/map/pdftex/updmap/pdftex.map}] [2

]
\tf@toc=\write6
\openout6 = `refman.toc'.

LaTeX Font Info:    Font shape `T1/phv/b/n' will be
(Font)              scaled to size 8.99994pt on input line 169.
LaTeX Font Info:    Font shape `T1/phv/b/n' will be
(Font)              scaled to size 6.29996pt on input line 169.
LaTeX Font Info:    Trying to load font information for TS1+phv on input line 1
69.

(/usr/share/texmf-dist/tex/latex/psnfss/ts1phv.fd
File: ts1phv.fd 2020/03/25 scalable font definitions for TS1/phv.
)
LaTeX Font Info:    Font shape `TS1/phv/m/n' will be
(Font)              scaled to size 8.99994pt on input line 169.
 [1]
LaTeX Font Info:    Font shape `T1/phv/m/n' will be
(Font)              scaled to size 7.19995pt on input line 169.
LaTeX Font Info:    Trying to load font information for T1+pcr on input line 16
9.

(/usr/share/texmf-dist/tex/latex/psnfss/t1pcr.fd
File: t1pcr.fd 2001/06/04 font definitions for T1/pcr.
) [2] [3] [4] [5] [6]
Package hyperref Info: Option `pageanchor' set `true' on input line 171.

Chapter 1.
LaTeX Font Info:    Font shape `T1/phv/m/n' will be
(Font)              scaled to size 18.66588pt on input line 174.
LaTeX Font Info:    Font shape `T1/phv/b/n' will be
(Font)              scaled to size 18.66588pt on input line 174.
LaTeX Font Info:    Font shape `T1/phv/bc/n' will be
(Font)              scaled to size 18.66588pt on input line 174.
LaTeX Font Info:    Font shape `T1/phv/m/n' will be
(Font)              scaled to size 22.39185pt on input line 174.
LaTeX Font Info:    Font shape `T1/phv/b/n' will be
(Font)              scaled to size 22.39185pt on input line 174.
LaTeX Font Info:    Font shape `T1/phv/bc/n' will be
(Font)              scaled to size 22.39185pt on input line 174.
LaTeX Font Info:    Font shape `T1/phv/bc/n' will be
(Font)              scaled to size 6.29996pt on input line 174.
(./index.tex
Overfull \hbox (187.35542pt too wide) in paragraph at lines 9--9
\T1/pcr/m/n/7 |||||||||||||||||||||||||||||||||||||||||||||||||||||||||||||||||
||||||||_______________________________________________________________________
_________  
 []

) [1


] [2

]
Chapter 2.
(./md_benchmark__r_e_a_m_e.tex) [3] [4

]
Chapter 3.
(./md__c_o_d_e__o_f__c_o_n_d_u_c_t.tex) [5] [6

]
Chapter 4.
(./md_examples_07_surveillance_07_surveillance.tex
LaTeX Font Info:    Font shape `T1/phv/b/n' will be
(Font)              scaled to size 12.9599pt on input line 1.
 [7]
LaTeX Font Info:    Font shape `T1/phv/b/n' will be
(Font)              scaled to size 10.79993pt on input line 103.
 [8] [9]) [10]
Chapter 5.
(./md_examples_09_sir_connected_09_sir_connected.tex [11

] [12] [13]) [14]
Chapter 6.
(./md__l_i_c_e_n_s_e.tex) [15

] [16

]
Chapter 7.
(./md_model1.tex [17]) [18]
Chapter 8.
(./md_paper_mixing.tex [19

]) [20]
Chapter 9.
(./md__r_e_a_d_m_e_old.tex
LaTeX Font Info:    Font shape `TS1/phv/b/n' will be
(Font)              scaled to size 12.9599pt on input line 10.
 [21

]) [22]
Chapter 10.
(./namespaces.tex) [23

] [24

]
Chapter 11.
(./hierarchy.tex [25]) [26]
Chapter 12.
(./annotated.tex [27

]) [28]
Chapter 13.
(./files.tex

LaTeX Warning: Reference `epiworld_8hpp' on page 29 undefined on input line 3.


LaTeX Warning: Reference `adjlist-bones_8hpp' on page 29 undefined on input lin
e 4.


LaTeX Warning: Reference `adjlist-meat_8hpp' on page 29 undefined on input line
 5.


LaTeX Warning: Reference `agent-bones_8hpp' on page 29 undefined on input line 
6.


LaTeX Warning: Reference `agent-events-meat_8hpp' on page 29 undefined on input
 line 7.


LaTeX Warning: Reference `agent-meat-virus-sampling_8hpp' on page 29 undefined 
on input line 9.


LaTeX Warning: Reference `agent-meat_8hpp' on page 29 undefined on input line 1
0.


LaTeX Warning: Reference `agentssample-bones_8hpp' on page 29 undefined on inpu
t line 11.


LaTeX Warning: Reference `config_8hpp' on page 29 undefined on input line 12.


LaTeX Warning: Reference `database-bones_8hpp' on page 29 undefined on input li
ne 13.


LaTeX Warning: Reference `database-meat_8hpp' on page 29 undefined on input lin
e 14.


LaTeX Warning: Reference `entities-bones_8hpp' on page 29 undefined on input li
ne 15.


LaTeX Warning: Reference `entity-bones_8hpp' on page 29 undefined on input line
 16.


LaTeX Warning: Reference `entity-distribute-meat_8hpp' on page 29 undefined on 
input line 17.


LaTeX Warning: Reference `entity-meat_8hpp' on page 29 undefined on input line 
18.


LaTeX Warning: Reference `epiworld-macros_8hpp' on page 29 undefined on input l
ine 19.


LaTeX Warning: Reference `include_2epiworld_2epiworld_8hpp' on page 29 undefine
d on input line 20.


LaTeX Warning: Reference `globalevent-bones_8hpp' on page 29 undefined on input
 line 21.


LaTeX Warning: Reference `globalevent-meat_8hpp' on page 29 undefined on input 
line 22.


LaTeX Warning: Reference `misc_8hpp' on page 29 undefined on input line 23.


LaTeX Warning: Reference `model-bones_8hpp' on page 29 undefined on input line 
24.


LaTeX Warning: Reference `model-meat-print_8hpp' on page 29 undefined on input 
line 25.


LaTeX Warning: Reference `model-meat_8hpp' on page 29 undefined on input line 2
6.


LaTeX Warning: Reference `modeldiagram-bones_8hpp' on page 29 undefined on inpu
t line 27.


LaTeX Warning: Reference `modeldiagram-meat_8hpp' on page 29 undefined on input
 line 28.


LaTeX Warning: Reference `network-bones_8hpp' on page 29 undefined on input lin
e 29.


LaTeX Warning: Reference `progress_8hpp' on page 29 undefined on input line 30.



LaTeX Warning: Reference `queue-bones_8hpp' on page 29 undefined on input line 
31.


LaTeX Warning: Reference `randgraph_8hpp' on page 29 undefined on input line 32
.


LaTeX Warning: Reference `random__graph_8hpp' on page 29 undefined on input lin
e 33.


LaTeX Warning: Reference `seq__processing_8hpp' on page 29 undefined on input l
ine 34.


LaTeX Warning: Reference `tool-bones_8hpp' on page 29 undefined on input line 3
5.


LaTeX Warning: Reference `tool-distribute-meat_8hpp' on page 29 undefined on in
put line 36.


LaTeX Warning: Reference `tool-meat_8hpp' on page 29 undefined on input line 37
.


LaTeX Warning: Reference `tools-bones_8hpp' on page 29 undefined on input line 
38.


LaTeX Warning: Reference `userdata-bones_8hpp' on page 29 undefined on input li
ne 39.


LaTeX Warning: Reference `userdata-meat_8hpp' on page 29 undefined on input lin
e 40.

[29

]

LaTeX Warning: Reference `virus-bones_8hpp' on page 30 undefined on input line 
41.


LaTeX Warning: Reference `virus-distribute-meat_8hpp' on page 30 undefined on i
nput line 42.


LaTeX Warning: Reference `virus-meat_8hpp' on page 30 undefined on input line 4
3.


LaTeX Warning: Reference `viruses-bones_8hpp' on page 30 undefined on input lin
e 44.


LaTeX Warning: Reference `distributions_8hpp' on page 30 undefined on input lin
e 45.


LaTeX Warning: Reference `lfmcmc_8hpp' on page 30 undefined on input line 46.


LaTeX Warning: Reference `lfmcmc-bones_8hpp' on page 30 undefined on input line
 47.


LaTeX Warning: Reference `lfmcmc-meat-print_8hpp' on page 30 undefined on input
 line 48.


LaTeX Warning: Reference `lfmcmc-meat_8hpp' on page 30 undefined on input line 
49.


LaTeX Warning: Reference `diffnet_8hpp' on page 30 undefined on input line 50.


LaTeX Warning: Reference `globalevents_8hpp' on page 30 undefined on input line
 51.


LaTeX Warning: Reference `init-functions_8hpp' on page 30 undefined on input li
ne 52.


LaTeX Warning: Reference `measlesquarantine_8hpp' on page 30 undefined on input
 line 53.


LaTeX Warning: Reference `models_8hpp' on page 30 undefined on input line 54.


LaTeX Warning: Reference `seir_8hpp' on page 30 undefined on input line 55.


LaTeX Warning: Reference `seirconnected_8hpp' on page 30 undefined on input lin
e 56.


LaTeX Warning: Reference `seird_8hpp' on page 30 undefined on input line 57.


LaTeX Warning: Reference `seirdconnected_8hpp' on page 30 undefined on input li
ne 58.


LaTeX Warning: Reference `seirmixing_8hpp' on page 30 undefined on input line 5
9.


LaTeX Warning: Reference `sir_8hpp' on page 30 undefined on input line 60.


LaTeX Warning: Reference `sirconnected_8hpp' on page 30 undefined on input line
 61.


LaTeX Warning: Reference `sird_8hpp' on page 30 undefined on input line 62.


LaTeX Warning: Reference `sirdconnected_8hpp' on page 30 undefined on input lin
e 63.


LaTeX Warning: Reference `sirlogit_8hpp' on page 30 undefined on input line 64.



LaTeX Warning: Reference `sirmixing_8hpp' on page 30 undefined on input line 65
.


LaTeX Warning: Reference `sis_8hpp' on page 30 undefined on input line 66.


LaTeX Warning: Reference `sisd_8hpp' on page 30 undefined on input line 67.


LaTeX Warning: Reference `surveillance_8hpp' on page 30 undefined on input line
 68.


LaTeX Warning: Reference `tests_8hpp' on page 30 undefined on input line 69.

) [30]
Chapter 14.
(./namespacesampler.tex
LaTeX Font Info:    Font shape `T1/phv/m/n' will be
(Font)              scaled to size 8.09995pt on input line 12.
LaTeX Font Info:    Font shape `T1/phv/m/it' in size <9> not available
(Font)              Font shape `T1/phv/m/sl' tried instead on input line 12.
LaTeX Font Info:    Font shape `T1/phv/m/sl' will be
(Font)              scaled to size 8.09995pt on input line 12.
LaTeX Font Info:    Font shape `T1/pcr/m/it' in size <8> not available
(Font)              Font shape `T1/pcr/m/sl' tried instead on input line 28.

Underfull \hbox (badness 10000) in paragraph at lines 27--29
\T1/pcr/m/n/8 std[]::function$\OML/cmm/m/it/8 <$[]$<$\T1/pcr/m/n/8 TSeq$\OML/cm
m/m/it/8 >$$\OMS/cmsy/m/n/8 ^^C$\T1/pcr/m/n/8 ([]$\OML/cmm/m/it/8 <$\T1/pcr/m/n
/8 TSeq$\OML/cmm/m/it/8 >$$\OMS/cmsy/m/n/8 ^^C$\T1/pcr/m/n/8 , []$\OML/cmm/m/it
/8 <$\T1/pcr/m/n/8 TSeq$\OML/cmm/m/it/8 >$$\OMS/cmsy/m/n/8 ^^C$\T1/pcr/m/n/8 )$
\OML/cmm/m/it/8 >$ \T1/pcr/m/n/8 sampler[]::make[]_[]sample[]_[]virus[]_[]neigh
bors
 []

[31

]
Underfull \hbox (badness 10000) detected at line 46
[][][]
 []


Underfull \hbox (badness 10000) detected at line 72
[][][]
 []

[32] [33]
Underfull \hbox (badness 10000) detected at line 102
[][][]
 []

) [34]
Chapter 15.
(./class_adj_list.tex
LaTeX Font Info:    Font shape `T1/pcr/m/it' in size <9> not available
(Font)              Font shape `T1/pcr/m/sl' tried instead on input line 36.
 [35

]) (./class_agent.tex

Package hyperref Warning: Token not allowed in a PDF string (Unicode):
(hyperref)                removing `math shift' on input line 1.


Package hyperref Warning: Token not allowed in a PDF string (Unicode):
(hyperref)                removing `math shift' on input line 1.


Package hyperref Warning: Token not allowed in a PDF string (Unicode):
(hyperref)                removing `math shift' on input line 1.


Package hyperref Warning: Token not allowed in a PDF string (Unicode):
(hyperref)                removing `math shift' on input line 1.

[36] [37]
Underfull \hbox (badness 10000) detected at line 172
[][][]
 []

LaTeX Font Info:    Font shape `T1/phv/m/it' in size <7> not available
(Font)              Font shape `T1/phv/m/sl' tried instead on input line 173.
LaTeX Font Info:    Font shape `T1/phv/m/sl' will be
(Font)              scaled to size 6.29996pt on input line 173.
[38]
Underfull \hbox (badness 10000) detected at line 288
[][][]
 []

LaTeX Font Info:    Font shape `T1/pcr/m/it' in size <7> not available
(Font)              Font shape `T1/pcr/m/sl' tried instead on input line 296.
[39]) (./class_agents_sample.tex

Package hyperref Warning: Token not allowed in a PDF string (Unicode):
(hyperref)                removing `math shift' on input line 1.


Package hyperref Warning: Token not allowed in a PDF string (Unicode):
(hyperref)                removing `math shift' on input line 1.


Package hyperref Warning: Token not allowed in a PDF string (Unicode):
(hyperref)                removing `math shift' on input line 1.


Package hyperref Warning: Token not allowed in a PDF string (Unicode):
(hyperref)                removing `math shift' on input line 1.

LaTeX Font Info:    Font shape `TS1/phv/m/it' in size <9> not available
(Font)              Font shape `TS1/phv/m/sl' tried instead on input line 31.
LaTeX Font Info:    Font shape `TS1/phv/m/sl' will be
(Font)              scaled to size 8.09995pt on input line 31.
[40]) (./class_data_base.tex

Package hyperref Warning: Token not allowed in a PDF string (Unicode):
(hyperref)                removing `math shift' on input line 1.


Package hyperref Warning: Token not allowed in a PDF string (Unicode):
(hyperref)                removing `math shift' on input line 1.


Package hyperref Warning: Token not allowed in a PDF string (Unicode):
(hyperref)                removing `math shift' on input line 1.


Package hyperref Warning: Token not allowed in a PDF string (Unicode):
(hyperref)                removing `math shift' on input line 1.

[41]
Underfull \hbox (badness 10000) detected at line 86
[][][]
 []

LaTeX Font Info:    Font shape `T1/pcr/m/it' in size <10> not available
(Font)              Font shape `T1/pcr/m/sl' tried instead on input line 87.
[42] [43] [44]
Underfull \hbox (badness 10000) detected at line 248
[][][]
 []

LaTeX Font Info:    Font shape `T1/phv/b/n' will be
(Font)              scaled to size 7.19995pt on input line 278.
[45]) (./class_entities.tex

Package hyperref Warning: Token not allowed in a PDF string (Unicode):
(hyperref)                removing `math shift' on input line 1.


Package hyperref Warning: Token not allowed in a PDF string (Unicode):
(hyperref)                removing `math shift' on input line 1.


Package hyperref Warning: Token not allowed in a PDF string (Unicode):
(hyperref)                removing `math shift' on input line 1.


Package hyperref Warning: Token not allowed in a PDF string (Unicode):
(hyperref)                removing `math shift' on input line 1.

[46]) (./class_entities__const.tex

Package hyperref Warning: Token not allowed in a PDF string (Unicode):
(hyperref)                removing `math shift' on input line 1.


Package hyperref Warning: Token not allowed in a PDF string (Unicode):
(hyperref)                removing `math shift' on input line 1.


Package hyperref Warning: Token not allowed in a PDF string (Unicode):
(hyperref)                removing `math shift' on input line 1.


Package hyperref Warning: Token not allowed in a PDF string (Unicode):
(hyperref)                removing `math shift' on input line 1.

[47]) (./class_entity.tex

Package hyperref Warning: Token not allowed in a PDF string (Unicode):
(hyperref)                removing `math shift' on input line 1.


Package hyperref Warning: Token not allowed in a PDF string (Unicode):
(hyperref)                removing `math shift' on input line 1.


Package hyperref Warning: Token not allowed in a PDF string (Unicode):
(hyperref)                removing `math shift' on input line 1.


Package hyperref Warning: Token not allowed in a PDF string (Unicode):
(hyperref)                removing `math shift' on input line 1.

[48]) (./struct_event.tex

Package hyperref Warning: Token not allowed in a PDF string (Unicode):
(hyperref)                removing `math shift' on input line 1.


Package hyperref Warning: Token not allowed in a PDF string (Unicode):
(hyperref)                removing `math shift' on input line 1.


Package hyperref Warning: Token not allowed in a PDF string (Unicode):
(hyperref)                removing `math shift' on input line 1.


Package hyperref Warning: Token not allowed in a PDF string (Unicode):
(hyperref)                removing `math shift' on input line 1.

[49] <./struct_event__coll__graph.pdf

pdfTeX warning: pdflatex (file ./struct_event__coll__graph.pdf): PDF inclusion:
 multiple pdfs with page group included in a single page
>
<struct_event__coll__graph.pdf, id=2069, 331.2375pt x 178.6675pt>
File: struct_event__coll__graph.pdf Graphic file (type pdf)
<use struct_event__coll__graph.pdf>
Package pdftex.def Info: struct_event__coll__graph.pdf  used on input line 19.
(pdftex.def)             Requested size: 330.0pt x 178.0073pt.
 [50]) (./class_global_event.tex

Package hyperref Warning: Token not allowed in a PDF string (Unicode):
(hyperref)                removing `math shift' on input line 1.


Package hyperref Warning: Token not allowed in a PDF string (Unicode):
(hyperref)                removing `math shift' on input line 1.


Package hyperref Warning: Token not allowed in a PDF string (Unicode):
(hyperref)                removing `math shift' on input line 1.


Package hyperref Warning: Token not allowed in a PDF string (Unicode):
(hyperref)                removing `math shift' on input line 1.

[51] [52]) (./class_l_f_m_c_m_c.tex

Package hyperref Warning: Token not allowed in a PDF string (Unicode):
(hyperref)                removing `math shift' on input line 1.


Package hyperref Warning: Token not allowed in a PDF string (Unicode):
(hyperref)                removing `math shift' on input line 1.


Package hyperref Warning: Token not allowed in a PDF string (Unicode):
(hyperref)                removing `math shift' on input line 1.


Package hyperref Warning: Token not allowed in a PDF string (Unicode):
(hyperref)                removing `math shift' on input line 1.

[53]) (./class_model.tex

Package hyperref Warning: Token not allowed in a PDF string (Unicode):
(hyperref)                removing `math shift' on input line 1.


Package hyperref Warning: Token not allowed in a PDF string (Unicode):
(hyperref)                removing `math shift' on input line 1.


Package hyperref Warning: Token not allowed in a PDF string (Unicode):
(hyperref)                removing `math shift' on input line 1.


Package hyperref Warning: Token not allowed in a PDF string (Unicode):
(hyperref)                removing `math shift' on input line 1.

 <./class_model__coll__graph.pdf

pdfTeX warning: pdflatex (file ./class_model__coll__graph.pdf): PDF inclusion: 
multiple pdfs with page group included in a single page
>
<class_model__coll__graph.pdf, id=2191, 163.61125pt x 167.62625pt>
File: class_model__coll__graph.pdf Graphic file (type pdf)
<use class_model__coll__graph.pdf>
Package pdftex.def Info: class_model__coll__graph.pdf  used on input line 19.
(pdftex.def)             Requested size: 163.0pt x 166.99916pt.
 [54] [55] [56] [57]
Underfull \hbox (badness 10000) detected at line 375
[][][]
 []


Underfull \hbox (badness 808) in paragraph at lines 380--383
[][] \T1/phv/m/n/10 void \T1/phv/b/n/10 set[]_[]rewire[]_[]fun \T1/phv/m/n/10 (
std[]::function$\OML/cmm/m/it/10 <$ \T1/phv/m/n/10 void(std[]::vector$\OML/cmm/
m/it/10 <$ []$<$ \T1/phv/m/n/10 TSeq $\OML/cmm/m/it/10 >$$>$ $\OMS/cmsy/m/n/10 
^^C$\T1/phv/m/n/10 , []$\OML/cmm/m/it/10 <$ \T1/phv/m/n/10 TSeq $\OML/cmm/m/it/
10 >$ $\OMS/cmsy/m/n/10 ^^C$\T1/phv/m/n/10 ,
 []


Underfull \hbox (badness 10000) detected at line 420
[][][]
 []

[58]
Overfull \hbox (3.9776pt too wide) in paragraph at lines 1--1
[]\T1/phv/m/n/10 proportions[] 
 []


Underfull \hbox (badness 10000) detected at line 483
[][][]
 []

[59]
Underfull \hbox (badness 10000) detected at line 550
[][][]
 []

[60] [61] [62] [63]
Overfull \hbox (3.9776pt too wide) in paragraph at lines 1--1
[]\T1/phv/m/sl/10 model[] 
 []

[64] [65]
Overfull \hbox (3.9776pt too wide) in paragraph at lines 3--3
[]\T1/phv/m/sl/10 ncols[] 
 []

[66] [67]) (./class_model_diagram.tex) (./class_model_diff_net.tex

Package hyperref Warning: Token not allowed in a PDF string (Unicode):
(hyperref)                removing `math shift' on input line 1.


Package hyperref Warning: Token not allowed in a PDF string (Unicode):
(hyperref)                removing `math shift' on input line 1.


Package hyperref Warning: Token not allowed in a PDF string (Unicode):
(hyperref)                removing `math shift' on input line 1.


Package hyperref Warning: Token not allowed in a PDF string (Unicode):
(hyperref)                removing `math shift' on input line 1.

[68] <./class_model_diff_net__inherit__graph.pdf

pdfTeX warning: pdflatex (file ./class_model_diff_net__inherit__graph.pdf): PDF
 inclusion: multiple pdfs with page group included in a single page
>
<class_model_diff_net__inherit__graph.pdf, id=2663, 193.72375pt x 167.62625pt>
File: class_model_diff_net__inherit__graph.pdf Graphic file (type pdf)
<use class_model_diff_net__inherit__graph.pdf>
Package pdftex.def Info: class_model_diff_net__inherit__graph.pdf  used on inpu
t line 19.
(pdftex.def)             Requested size: 193.0pt x 167.00172pt.
 <./class_model_diff_net__coll__graph.pdf

pdfTeX warning: pdflatex (file ./class_model_diff_net__coll__graph.pdf): PDF in
clusion: multiple pdfs with page group included in a single page
>
<class_model_diff_net__coll__graph.pdf, id=2678, 193.72375pt x 167.62625pt>
File: class_model_diff_net__coll__graph.pdf Graphic file (type pdf)
<use class_model_diff_net__coll__graph.pdf>
Package pdftex.def Info: class_model_diff_net__coll__graph.pdf  used on input l
ine 29.
(pdftex.def)             Requested size: 193.0pt x 167.00172pt.
 [69]) (./class_model_measles_quarantine.tex

Package hyperref Warning: Token not allowed in a PDF string (Unicode):
(hyperref)                removing `math shift' on input line 1.


Package hyperref Warning: Token not allowed in a PDF string (Unicode):
(hyperref)                removing `math shift' on input line 1.


Package hyperref Warning: Token not allowed in a PDF string (Unicode):
(hyperref)                removing `math shift' on input line 1.


Package hyperref Warning: Token not allowed in a PDF string (Unicode):
(hyperref)                removing `math shift' on input line 1.

 <./class_model_measles_quarantine__inherit__graph.pdf>
<class_model_measles_quarantine__inherit__graph.pdf, id=2707, 207.77625pt x 178
.6675pt>
File: class_model_measles_quarantine__inherit__graph.pdf Graphic file (type pdf
)
<use class_model_measles_quarantine__inherit__graph.pdf>
Package pdftex.def Info: class_model_measles_quarantine__inherit__graph.pdf  us
ed on input line 19.
(pdftex.def)             Requested size: 207.0pt x 178.0073pt.
 [70] <./class_model_measles_quarantine__coll__graph.pdf

pdfTeX warning: pdflatex (file ./class_model_measles_quarantine__coll__graph.pd
f): PDF inclusion: multiple pdfs with page group included in a single page
>
<class_model_measles_quarantine__coll__graph.pdf, id=2731, 207.77625pt x 178.66
75pt>
File: class_model_measles_quarantine__coll__graph.pdf Graphic file (type pdf)
<use class_model_measles_quarantine__coll__graph.pdf>
Package pdftex.def Info: class_model_measles_quarantine__coll__graph.pdf  used 
on input line 29.
(pdftex.def)             Requested size: 207.0pt x 178.0073pt.

Underfull \hbox (badness 931) in paragraph at lines 47--49
\T1/phv/m/n/10 _[]double hospitalization[]_[]rate, epiworld[]_[]double hospital
ization[]_[]period, epiworld[]_[]double prop[]_[]vaccinated,
 []


Underfull \hbox (badness 1436) in paragraph at lines 49--51
\T1/phv/m/n/10 rash[]_[]period, epiworld[]_[]double days[]_[]undetected, epiwor
ld[]_[]double hospitalization[]_[]rate, epiworld[]_[]double
 []

[71] [72] [73] [74]) (./class_model_s_e_i_r.tex

Package hyperref Warning: Token not allowed in a PDF string (Unicode):
(hyperref)                removing `math shift' on input line 1.


Package hyperref Warning: Token not allowed in a PDF string (Unicode):
(hyperref)                removing `math shift' on input line 1.


Package hyperref Warning: Token not allowed in a PDF string (Unicode):
(hyperref)                removing `math shift' on input line 1.


Package hyperref Warning: Token not allowed in a PDF string (Unicode):
(hyperref)                removing `math shift' on input line 1.

 <./class_model_s_e_i_r__inherit__graph.pdf

pdfTeX warning: pdflatex (file ./class_model_s_e_i_r__inherit__graph.pdf): PDF 
inclusion: multiple pdfs with page group included in a single page
>
<class_model_s_e_i_r__inherit__graph.pdf, id=2808, 187.70125pt x 167.62625pt>
File: class_model_s_e_i_r__inherit__graph.pdf Graphic file (type pdf)
<use class_model_s_e_i_r__inherit__graph.pdf>
Package pdftex.def Info: class_model_s_e_i_r__inherit__graph.pdf  used on input
 line 19.
(pdftex.def)             Requested size: 187.0pt x 167.0094pt.
 <./class_model_s_e_i_r__coll__graph.pdf

pdfTeX warning: pdflatex (file ./class_model_s_e_i_r__coll__graph.pdf): PDF inc
lusion: multiple pdfs with page group included in a single page
>
<class_model_s_e_i_r__coll__graph.pdf, id=2816, 187.70125pt x 167.62625pt>
File: class_model_s_e_i_r__coll__graph.pdf Graphic file (type pdf)
<use class_model_s_e_i_r__coll__graph.pdf>
Package pdftex.def Info: class_model_s_e_i_r__coll__graph.pdf  used on input li
ne 29.
(pdftex.def)             Requested size: 187.0pt x 167.0094pt.
 [75]
Underfull \hbox (badness 870) in paragraph at lines 35--38
[][] \T1/phv/b/n/10 Model[]SEIR \T1/phv/m/n/10 ([]$\OML/cmm/m/it/10 <$ \T1/phv/
m/n/10 TSeq $\OML/cmm/m/it/10 >$ \T1/phv/m/n/10 &model, const std[]::string &vn
ame, epiworld[]_[]double preva-lence,
 []


Overfull \vbox (67.21513pt too high) has occurred while \output is active []


[76]
Overfull \hbox (3.9776pt too wide) in paragraph at lines 1--1
[]\T1/phv/m/sl/10 proportions[] 
 []

) (./class_model_s_e_i_r_c_o_n_n.tex

Package hyperref Warning: Token not allowed in a PDF string (Unicode):
(hyperref)                removing `math shift' on input line 1.


Package hyperref Warning: Token not allowed in a PDF string (Unicode):
(hyperref)                removing `math shift' on input line 1.


Package hyperref Warning: Token not allowed in a PDF string (Unicode):
(hyperref)                removing `math shift' on input line 1.


Package hyperref Warning: Token not allowed in a PDF string (Unicode):
(hyperref)                removing `math shift' on input line 1.

 <./class_model_s_e_i_r_c_o_n_n__inherit__graph.pdf>
<class_model_s_e_i_r_c_o_n_n__inherit__graph.pdf, id=2857, 214.8025pt x 167.626
25pt>
File: class_model_s_e_i_r_c_o_n_n__inherit__graph.pdf Graphic file (type pdf)
<use class_model_s_e_i_r_c_o_n_n__inherit__graph.pdf>
Package pdftex.def Info: class_model_s_e_i_r_c_o_n_n__inherit__graph.pdf  used 
on input line 10.
(pdftex.def)             Requested size: 214.0pt x 167.00172pt.
 [77] <./class_model_s_e_i_r_c_o_n_n__coll__graph.pdf

pdfTeX warning: pdflatex (file ./class_model_s_e_i_r_c_o_n_n__coll__graph.pdf):
 PDF inclusion: multiple pdfs with page group included in a single page
>
<class_model_s_e_i_r_c_o_n_n__coll__graph.pdf, id=2873, 214.8025pt x 167.62625p
t>
File: class_model_s_e_i_r_c_o_n_n__coll__graph.pdf Graphic file (type pdf)
<use class_model_s_e_i_r_c_o_n_n__coll__graph.pdf>
Package pdftex.def Info: class_model_s_e_i_r_c_o_n_n__coll__graph.pdf  used on 
input line 20.
(pdftex.def)             Requested size: 214.0pt x 167.00172pt.
 [78]
Overfull \hbox (3.9776pt too wide) in paragraph at lines 1--1
[]\T1/phv/m/sl/10 proportions[] 
 []

[79]) (./class_model_s_e_i_r_d.tex

Package hyperref Warning: Token not allowed in a PDF string (Unicode):
(hyperref)                removing `math shift' on input line 1.


Package hyperref Warning: Token not allowed in a PDF string (Unicode):
(hyperref)                removing `math shift' on input line 1.


Package hyperref Warning: Token not allowed in a PDF string (Unicode):
(hyperref)                removing `math shift' on input line 1.


Package hyperref Warning: Token not allowed in a PDF string (Unicode):
(hyperref)                removing `math shift' on input line 1.

 <./class_model_s_e_i_r_d__inherit__graph.pdf

pdfTeX warning: pdflatex (file ./class_model_s_e_i_r_d__inherit__graph.pdf): PD
F inclusion: multiple pdfs with page group included in a single page
>
<class_model_s_e_i_r_d__inherit__graph.pdf, id=2918, 192.72pt x 167.62625pt>
File: class_model_s_e_i_r_d__inherit__graph.pdf Graphic file (type pdf)
<use class_model_s_e_i_r_d__inherit__graph.pdf>
Package pdftex.def Info: class_model_s_e_i_r_d__inherit__graph.pdf  used on inp
ut line 19.
(pdftex.def)             Requested size: 192.0pt x 166.99916pt.
 <./class_model_s_e_i_r_d__coll__graph.pdf

pdfTeX warning: pdflatex (file ./class_model_s_e_i_r_d__coll__graph.pdf): PDF i
nclusion: multiple pdfs with page group included in a single page
>
<class_model_s_e_i_r_d__coll__graph.pdf, id=2926, 192.72pt x 167.62625pt>
File: class_model_s_e_i_r_d__coll__graph.pdf Graphic file (type pdf)
<use class_model_s_e_i_r_d__coll__graph.pdf>
Package pdftex.def Info: class_model_s_e_i_r_d__coll__graph.pdf  used on input 
line 29.
(pdftex.def)             Requested size: 192.0pt x 166.99916pt.
 [80] [81] [82]) (./class_model_s_e_i_r_d_c_o_n_n.tex

Package hyperref Warning: Token not allowed in a PDF string (Unicode):
(hyperref)                removing `math shift' on input line 1.


Package hyperref Warning: Token not allowed in a PDF string (Unicode):
(hyperref)                removing `math shift' on input line 1.


Package hyperref Warning: Token not allowed in a PDF string (Unicode):
(hyperref)                removing `math shift' on input line 1.


Package hyperref Warning: Token not allowed in a PDF string (Unicode):
(hyperref)                removing `math shift' on input line 1.

 <./class_model_s_e_i_r_d_c_o_n_n__inherit__graph.pdf

pdfTeX warning: pdflatex (file ./class_model_s_e_i_r_d_c_o_n_n__inherit__graph.
pdf): PDF inclusion: multiple pdfs with page group included in a single page
>
<class_model_s_e_i_r_d_c_o_n_n__inherit__graph.pdf, id=2979, 221.82875pt x 167.
62625pt>
File: class_model_s_e_i_r_d_c_o_n_n__inherit__graph.pdf Graphic file (type pdf)

<use class_model_s_e_i_r_d_c_o_n_n__inherit__graph.pdf>
Package pdftex.def Info: class_model_s_e_i_r_d_c_o_n_n__inherit__graph.pdf  use
d on input line 10.
(pdftex.def)             Requested size: 221.0pt x 166.99916pt.
 <./class_model_s_e_i_r_d_c_o_n_n__coll__graph.pdf

pdfTeX warning: pdflatex (file ./class_model_s_e_i_r_d_c_o_n_n__coll__graph.pdf
): PDF inclusion: multiple pdfs with page group included in a single page
>
<class_model_s_e_i_r_d_c_o_n_n__coll__graph.pdf, id=2987, 221.82875pt x 167.626
25pt>
File: class_model_s_e_i_r_d_c_o_n_n__coll__graph.pdf Graphic file (type pdf)
<use class_model_s_e_i_r_d_c_o_n_n__coll__graph.pdf>
Package pdftex.def Info: class_model_s_e_i_r_d_c_o_n_n__coll__graph.pdf  used o
n input line 20.
(pdftex.def)             Requested size: 221.0pt x 166.99916pt.
 [83]
Overfull \vbox (44.8036pt too high) has occurred while \output is active []


[84]
Overfull \hbox (3.9776pt too wide) in paragraph at lines 1--1
[]\T1/phv/m/sl/10 proportions[] 
 []

) (./class_model_s_e_i_r_mixing.tex

Package hyperref Warning: Token not allowed in a PDF string (Unicode):
(hyperref)                removing `math shift' on input line 1.


Package hyperref Warning: Token not allowed in a PDF string (Unicode):
(hyperref)                removing `math shift' on input line 1.


Package hyperref Warning: Token not allowed in a PDF string (Unicode):
(hyperref)                removing `math shift' on input line 1.


Package hyperref Warning: Token not allowed in a PDF string (Unicode):
(hyperref)                removing `math shift' on input line 1.

 <./class_model_s_e_i_r_mixing__inherit__graph.pdf

pdfTeX warning: pdflatex (file ./class_model_s_e_i_r_mixing__inherit__graph.pdf
): PDF inclusion: multiple pdfs with page group included in a single page
>
<class_model_s_e_i_r_mixing__inherit__graph.pdf, id=3033, 213.79875pt x 167.626
25pt>
File: class_model_s_e_i_r_mixing__inherit__graph.pdf Graphic file (type pdf)
<use class_model_s_e_i_r_mixing__inherit__graph.pdf>
Package pdftex.def Info: class_model_s_e_i_r_mixing__inherit__graph.pdf  used o
n input line 10.
(pdftex.def)             Requested size: 213.0pt x 166.99916pt.
 <./class_model_s_e_i_r_mixing__coll__graph.pdf

pdfTeX warning: pdflatex (file ./class_model_s_e_i_r_mixing__coll__graph.pdf): 
PDF inclusion: multiple pdfs with page group included in a single page
>
<class_model_s_e_i_r_mixing__coll__graph.pdf, id=3041, 213.79875pt x 167.62625p
t>
File: class_model_s_e_i_r_mixing__coll__graph.pdf Graphic file (type pdf)
<use class_model_s_e_i_r_mixing__coll__graph.pdf>
Package pdftex.def Info: class_model_s_e_i_r_mixing__coll__graph.pdf  used on i
nput line 20.
(pdftex.def)             Requested size: 213.0pt x 166.99916pt.
 [85] [86] [87]
Overfull \hbox (3.9776pt too wide) in paragraph at lines 1--1
[]\T1/phv/m/sl/10 proportions[] 
 []

) (./class_model_s_i_r.tex

Package hyperref Warning: Token not allowed in a PDF string (Unicode):
(hyperref)                removing `math shift' on input line 1.


Package hyperref Warning: Token not allowed in a PDF string (Unicode):
(hyperref)                removing `math shift' on input line 1.


Package hyperref Warning: Token not allowed in a PDF string (Unicode):
(hyperref)                removing `math shift' on input line 1.


Package hyperref Warning: Token not allowed in a PDF string (Unicode):
(hyperref)                removing `math shift' on input line 1.

 <./class_model_s_i_r__inherit__graph.pdf

pdfTeX warning: pdflatex (file ./class_model_s_i_r__inherit__graph.pdf): PDF in
clusion: multiple pdfs with page group included in a single page
>
<class_model_s_i_r__inherit__graph.pdf, id=3108, 187.70125pt x 167.62625pt>
File: class_model_s_i_r__inherit__graph.pdf Graphic file (type pdf)
<use class_model_s_i_r__inherit__graph.pdf>
Package pdftex.def Info: class_model_s_i_r__inherit__graph.pdf  used on input l
ine 19.
(pdftex.def)             Requested size: 187.0pt x 167.0094pt.
 [88] <./class_model_s_i_r__coll__graph.pdf

pdfTeX warning: pdflatex (file ./class_model_s_i_r__coll__graph.pdf): PDF inclu
sion: multiple pdfs with page group included in a single page
>
<class_model_s_i_r__coll__graph.pdf, id=3122, 187.70125pt x 167.62625pt>
File: class_model_s_i_r__coll__graph.pdf Graphic file (type pdf)
<use class_model_s_i_r__coll__graph.pdf>
Package pdftex.def Info: class_model_s_i_r__coll__graph.pdf  used on input line
 29.
(pdftex.def)             Requested size: 187.0pt x 167.0094pt.
 [89]
Overfull \hbox (3.9776pt too wide) in paragraph at lines 1--1
[]\T1/phv/m/sl/10 proportions[] 
 []

) (./class_model_s_i_r_c_o_n_n.tex

Package hyperref Warning: Token not allowed in a PDF string (Unicode):
(hyperref)                removing `math shift' on input line 1.


Package hyperref Warning: Token not allowed in a PDF string (Unicode):
(hyperref)                removing `math shift' on input line 1.


Package hyperref Warning: Token not allowed in a PDF string (Unicode):
(hyperref)                removing `math shift' on input line 1.


Package hyperref Warning: Token not allowed in a PDF string (Unicode):
(hyperref)                removing `math shift' on input line 1.

 <./class_model_s_i_r_c_o_n_n__inherit__graph.pdf>
<class_model_s_i_r_c_o_n_n__inherit__graph.pdf, id=3148, 208.78pt x 167.62625pt
>
File: class_model_s_i_r_c_o_n_n__inherit__graph.pdf Graphic file (type pdf)
<use class_model_s_i_r_c_o_n_n__inherit__graph.pdf>
Package pdftex.def Info: class_model_s_i_r_c_o_n_n__inherit__graph.pdf  used on
 input line 10.
(pdftex.def)             Requested size: 208.0pt x 167.0094pt.
 <./class_model_s_i_r_c_o_n_n__coll__graph.pdf

pdfTeX warning: pdflatex (file ./class_model_s_i_r_c_o_n_n__coll__graph.pdf): P
DF inclusion: multiple pdfs with page group included in a single page
>
<class_model_s_i_r_c_o_n_n__coll__graph.pdf, id=3156, 208.78pt x 167.62625pt>
File: class_model_s_i_r_c_o_n_n__coll__graph.pdf Graphic file (type pdf)
<use class_model_s_i_r_c_o_n_n__coll__graph.pdf>
Package pdftex.def Info: class_model_s_i_r_c_o_n_n__coll__graph.pdf  used on in
put line 20.
(pdftex.def)             Requested size: 208.0pt x 167.0094pt.
 [90] [91]
Underfull \hbox (badness 10000) detected at line 102
[][][]
 []


Overfull \hbox (3.9776pt too wide) in paragraph at lines 1--1
[]\T1/phv/m/sl/10 proportions[] 
 []

[92]) (./class_model_s_i_r_d.tex

Package hyperref Warning: Token not allowed in a PDF string (Unicode):
(hyperref)                removing `math shift' on input line 1.


Package hyperref Warning: Token not allowed in a PDF string (Unicode):
(hyperref)                removing `math shift' on input line 1.


Package hyperref Warning: Token not allowed in a PDF string (Unicode):
(hyperref)                removing `math shift' on input line 1.


Package hyperref Warning: Token not allowed in a PDF string (Unicode):
(hyperref)                removing `math shift' on input line 1.

 <./class_model_s_i_r_d__inherit__graph.pdf

pdfTeX warning: pdflatex (file ./class_model_s_i_r_d__inherit__graph.pdf): PDF 
inclusion: multiple pdfs with page group included in a single page
>
<class_model_s_i_r_d__inherit__graph.pdf, id=3210, 187.70125pt x 167.62625pt>
File: class_model_s_i_r_d__inherit__graph.pdf Graphic file (type pdf)
<use class_model_s_i_r_d__inherit__graph.pdf>
Package pdftex.def Info: class_model_s_i_r_d__inherit__graph.pdf  used on input
 line 19.
(pdftex.def)             Requested size: 187.0pt x 167.0094pt.
 <./class_model_s_i_r_d__coll__graph.pdf

pdfTeX warning: pdflatex (file ./class_model_s_i_r_d__coll__graph.pdf): PDF inc
lusion: multiple pdfs with page group included in a single page
>
<class_model_s_i_r_d__coll__graph.pdf, id=3218, 187.70125pt x 167.62625pt>
File: class_model_s_i_r_d__coll__graph.pdf Graphic file (type pdf)
<use class_model_s_i_r_d__coll__graph.pdf>
Package pdftex.def Info: class_model_s_i_r_d__coll__graph.pdf  used on input li
ne 29.
(pdftex.def)             Requested size: 187.0pt x 167.0094pt.

Underfull \hbox (badness 1540) in paragraph at lines 40--41
[][] \T1/phv/m/n/10 ([]$\OML/cmm/m/it/10 <$ \T1/phv/m/n/10 TSeq $\OML/cmm/m/it/
10 >$ \T1/phv/m/n/10 &model, const std[]::string &vname, epiworld[]_[]double pr
eva-lence,
 []

[93] [94]
Overfull \hbox (3.9776pt too wide) in paragraph at lines 1--1
[]\T1/phv/m/sl/10 proportions[] 
 []

) (./class_model_s_i_r_d_c_o_n_n.tex

Package hyperref Warning: Token not allowed in a PDF string (Unicode):
(hyperref)                removing `math shift' on input line 1.


Package hyperref Warning: Token not allowed in a PDF string (Unicode):
(hyperref)                removing `math shift' on input line 1.


Package hyperref Warning: Token not allowed in a PDF string (Unicode):
(hyperref)                removing `math shift' on input line 1.


Package hyperref Warning: Token not allowed in a PDF string (Unicode):
(hyperref)                removing `math shift' on input line 1.

 <./class_model_s_i_r_d_c_o_n_n__inherit__graph.pdf

pdfTeX warning: pdflatex (file ./class_model_s_i_r_d_c_o_n_n__inherit__graph.pd
f): PDF inclusion: multiple pdfs with page group included in a single page
>
<class_model_s_i_r_d_c_o_n_n__inherit__graph.pdf, id=3253, 215.80624pt x 167.62
625pt>
File: class_model_s_i_r_d_c_o_n_n__inherit__graph.pdf Graphic file (type pdf)
<use class_model_s_i_r_d_c_o_n_n__inherit__graph.pdf>
Package pdftex.def Info: class_model_s_i_r_d_c_o_n_n__inherit__graph.pdf  used 
on input line 10.
(pdftex.def)             Requested size: 215.0pt x 167.00427pt.
 <./class_model_s_i_r_d_c_o_n_n__coll__graph.pdf

pdfTeX warning: pdflatex (file ./class_model_s_i_r_d_c_o_n_n__coll__graph.pdf):
 PDF inclusion: multiple pdfs with page group included in a single page
>
<class_model_s_i_r_d_c_o_n_n__coll__graph.pdf, id=3261, 215.80624pt x 167.62625
pt>
File: class_model_s_i_r_d_c_o_n_n__coll__graph.pdf Graphic file (type pdf)
<use class_model_s_i_r_d_c_o_n_n__coll__graph.pdf>
Package pdftex.def Info: class_model_s_i_r_d_c_o_n_n__coll__graph.pdf  used on 
input line 20.
(pdftex.def)             Requested size: 215.0pt x 167.00427pt.
 [95] [96]) (./class_model_s_i_r_logit.tex

Package hyperref Warning: Token not allowed in a PDF string (Unicode):
(hyperref)                removing `math shift' on input line 1.


Package hyperref Warning: Token not allowed in a PDF string (Unicode):
(hyperref)                removing `math shift' on input line 1.


Package hyperref Warning: Token not allowed in a PDF string (Unicode):
(hyperref)                removing `math shift' on input line 1.


Package hyperref Warning: Token not allowed in a PDF string (Unicode):
(hyperref)                removing `math shift' on input line 1.

 <./class_model_s_i_r_logit__inherit__graph.pdf>
<class_model_s_i_r_logit__inherit__graph.pdf, id=3302, 201.75375pt x 167.62625p
t>
File: class_model_s_i_r_logit__inherit__graph.pdf Graphic file (type pdf)
<use class_model_s_i_r_logit__inherit__graph.pdf>
Package pdftex.def Info: class_model_s_i_r_logit__inherit__graph.pdf  used on i
nput line 19.
(pdftex.def)             Requested size: 201.0pt x 167.00172pt.
 <./class_model_s_i_r_logit__coll__graph.pdf

pdfTeX warning: pdflatex (file ./class_model_s_i_r_logit__coll__graph.pdf): PDF
 inclusion: multiple pdfs with page group included in a single page
>
<class_model_s_i_r_logit__coll__graph.pdf, id=3310, 201.75375pt x 167.62625pt>
File: class_model_s_i_r_logit__coll__graph.pdf Graphic file (type pdf)
<use class_model_s_i_r_logit__coll__graph.pdf>
Package pdftex.def Info: class_model_s_i_r_logit__coll__graph.pdf  used on inpu
t line 29.
(pdftex.def)             Requested size: 201.0pt x 167.00172pt.
 [97] [98]) (./class_model_s_i_r_mixing.tex

Package hyperref Warning: Token not allowed in a PDF string (Unicode):
(hyperref)                removing `math shift' on input line 1.


Package hyperref Warning: Token not allowed in a PDF string (Unicode):
(hyperref)                removing `math shift' on input line 1.


Package hyperref Warning: Token not allowed in a PDF string (Unicode):
(hyperref)                removing `math shift' on input line 1.


Package hyperref Warning: Token not allowed in a PDF string (Unicode):
(hyperref)                removing `math shift' on input line 1.

 <./class_model_s_i_r_mixing__inherit__graph.pdf

pdfTeX warning: pdflatex (file ./class_model_s_i_r_mixing__inherit__graph.pdf):
 PDF inclusion: multiple pdfs with page group included in a single page
>
<class_model_s_i_r_mixing__inherit__graph.pdf, id=3353, 207.77625pt x 167.62625
pt>
File: class_model_s_i_r_mixing__inherit__graph.pdf Graphic file (type pdf)
<use class_model_s_i_r_mixing__inherit__graph.pdf>
Package pdftex.def Info: class_model_s_i_r_mixing__inherit__graph.pdf  used on 
input line 10.
(pdftex.def)             Requested size: 207.0pt x 167.00684pt.
 [99] <./class_model_s_i_r_mixing__coll__graph.pdf

pdfTeX warning: pdflatex (file ./class_model_s_i_r_mixing__coll__graph.pdf): PD
F inclusion: multiple pdfs with page group included in a single page
>
<class_model_s_i_r_mixing__coll__graph.pdf, id=3366, 207.77625pt x 167.62625pt>

File: class_model_s_i_r_mixing__coll__graph.pdf Graphic file (type pdf)
<use class_model_s_i_r_mixing__coll__graph.pdf>
Package pdftex.def Info: class_model_s_i_r_mixing__coll__graph.pdf  used on inp
ut line 20.
(pdftex.def)             Requested size: 207.0pt x 167.00684pt.
 [100] [101]
Overfull \hbox (3.9776pt too wide) in paragraph at lines 1--1
[]\T1/phv/m/sl/10 proportions[] 
 []

) (./class_model_s_i_s.tex

Package hyperref Warning: Token not allowed in a PDF string (Unicode):
(hyperref)                removing `math shift' on input line 1.


Package hyperref Warning: Token not allowed in a PDF string (Unicode):
(hyperref)                removing `math shift' on input line 1.


Package hyperref Warning: Token not allowed in a PDF string (Unicode):
(hyperref)                removing `math shift' on input line 1.


Package hyperref Warning: Token not allowed in a PDF string (Unicode):
(hyperref)                removing `math shift' on input line 1.

 <./class_model_s_i_s__inherit__graph.pdf

pdfTeX warning: pdflatex (file ./class_model_s_i_s__inherit__graph.pdf): PDF in
clusion: multiple pdfs with page group included in a single page
>
<class_model_s_i_s__inherit__graph.pdf, id=3428, 187.70125pt x 167.62625pt>
File: class_model_s_i_s__inherit__graph.pdf Graphic file (type pdf)
<use class_model_s_i_s__inherit__graph.pdf>
Package pdftex.def Info: class_model_s_i_s__inherit__graph.pdf  used on input l
ine 19.
(pdftex.def)             Requested size: 187.0pt x 167.0094pt.
 [102] <./class_model_s_i_s__coll__graph.pdf

pdfTeX warning: pdflatex (file ./class_model_s_i_s__coll__graph.pdf): PDF inclu
sion: multiple pdfs with page group included in a single page
>
<class_model_s_i_s__coll__graph.pdf, id=3442, 187.70125pt x 167.62625pt>
File: class_model_s_i_s__coll__graph.pdf Graphic file (type pdf)
<use class_model_s_i_s__coll__graph.pdf>
Package pdftex.def Info: class_model_s_i_s__coll__graph.pdf  used on input line
 29.
(pdftex.def)             Requested size: 187.0pt x 167.0094pt.
 [103]) (./class_model_s_i_s_d.tex

Package hyperref Warning: Token not allowed in a PDF string (Unicode):
(hyperref)                removing `math shift' on input line 1.


Package hyperref Warning: Token not allowed in a PDF string (Unicode):
(hyperref)                removing `math shift' on input line 1.


Package hyperref Warning: Token not allowed in a PDF string (Unicode):
(hyperref)                removing `math shift' on input line 1.


Package hyperref Warning: Token not allowed in a PDF string (Unicode):
(hyperref)                removing `math shift' on input line 1.

 <./class_model_s_i_s_d__inherit__graph.pdf>
<class_model_s_i_s_d__inherit__graph.pdf, id=3465, 187.70125pt x 167.62625pt>
File: class_model_s_i_s_d__inherit__graph.pdf Graphic file (type pdf)
<use class_model_s_i_s_d__inherit__graph.pdf>
Package pdftex.def Info: class_model_s_i_s_d__inherit__graph.pdf  used on input
 line 19.
(pdftex.def)             Requested size: 187.0pt x 167.0094pt.
 <./class_model_s_i_s_d__coll__graph.pdf

pdfTeX warning: pdflatex (file ./class_model_s_i_s_d__coll__graph.pdf): PDF inc
lusion: multiple pdfs with page group included in a single page
>
<class_model_s_i_s_d__coll__graph.pdf, id=3473, 187.70125pt x 167.62625pt>
File: class_model_s_i_s_d__coll__graph.pdf Graphic file (type pdf)
<use class_model_s_i_s_d__coll__graph.pdf>
Package pdftex.def Info: class_model_s_i_s_d__coll__graph.pdf  used on input li
ne 29.
(pdftex.def)             Requested size: 187.0pt x 167.0094pt.

Underfull \hbox (badness 870) in paragraph at lines 35--38
[][] \T1/phv/b/n/10 Model[]SISD \T1/phv/m/n/10 ([]$\OML/cmm/m/it/10 <$ \T1/phv/
m/n/10 TSeq $\OML/cmm/m/it/10 >$ \T1/phv/m/n/10 &model, const std[]::string &vn
ame, epiworld[]_[]double preva-lence,
 []

[104]) (./class_model_s_u_r_v.tex

Package hyperref Warning: Token not allowed in a PDF string (Unicode):
(hyperref)                removing `math shift' on input line 1.


Package hyperref Warning: Token not allowed in a PDF string (Unicode):
(hyperref)                removing `math shift' on input line 1.


Package hyperref Warning: Token not allowed in a PDF string (Unicode):
(hyperref)                removing `math shift' on input line 1.


Package hyperref Warning: Token not allowed in a PDF string (Unicode):
(hyperref)                removing `math shift' on input line 1.

 <./class_model_s_u_r_v__inherit__graph.pdf>
<class_model_s_u_r_v__inherit__graph.pdf, id=3490, 190.7125pt x 167.62625pt>
File: class_model_s_u_r_v__inherit__graph.pdf Graphic file (type pdf)
<use class_model_s_u_r_v__inherit__graph.pdf>
Package pdftex.def Info: class_model_s_u_r_v__inherit__graph.pdf  used on input
 line 10.
(pdftex.def)             Requested size: 190.0pt x 167.00684pt.
 <./class_model_s_u_r_v__coll__graph.pdf

pdfTeX warning: pdflatex (file ./class_model_s_u_r_v__coll__graph.pdf): PDF inc
lusion: multiple pdfs with page group included in a single page
>
<class_model_s_u_r_v__coll__graph.pdf, id=3498, 190.7125pt x 167.62625pt>
File: class_model_s_u_r_v__coll__graph.pdf Graphic file (type pdf)
<use class_model_s_u_r_v__coll__graph.pdf>
Package pdftex.def Info: class_model_s_u_r_v__coll__graph.pdf  used on input li
ne 20.
(pdftex.def)             Requested size: 190.0pt x 167.00684pt.
 [105] [106]
Underfull \hbox (badness 10000) in paragraph at lines 72--73

 []


Underfull \hbox (badness 10000) detected at line 76
[][][]
 []


Underfull \hbox (badness 2103) in paragraph at lines 84--87
\T1/phv/m/n/10 _[]double prop[]_[]vax[]_[]redux[]_[]transm=0.[]5, epiworld[]_[]
double prop[]_[]vax[]_[]redux[]_[]infect=0.[]5, epiworld[]_[]double
 []

) (./class_network.tex

Package hyperref Warning: Token not allowed in a PDF string (Unicode):
(hyperref)                removing `math shift' on input line 1.


Package hyperref Warning: Token not allowed in a PDF string (Unicode):
(hyperref)                removing `math shift' on input line 1.


Package hyperref Warning: Token not allowed in a PDF string (Unicode):
(hyperref)                removing `math shift' on input line 1.


Package hyperref Warning: Token not allowed in a PDF string (Unicode):
(hyperref)                removing `math shift' on input line 1.

) (./class_person_tools.tex

Package hyperref Warning: Token not allowed in a PDF string (Unicode):
(hyperref)                removing `math shift' on input line 1.


Package hyperref Warning: Token not allowed in a PDF string (Unicode):
(hyperref)                removing `math shift' on input line 1.


Package hyperref Warning: Token not allowed in a PDF string (Unicode):
(hyperref)                removing `math shift' on input line 1.


Package hyperref Warning: Token not allowed in a PDF string (Unicode):
(hyperref)                removing `math shift' on input line 1.

) (./class_progress.tex [107]) (./class_queue.tex

Package hyperref Warning: Token not allowed in a PDF string (Unicode):
(hyperref)                removing `math shift' on input line 1.


Package hyperref Warning: Token not allowed in a PDF string (Unicode):
(hyperref)                removing `math shift' on input line 1.


Package hyperref Warning: Token not allowed in a PDF string (Unicode):
(hyperref)                removing `math shift' on input line 1.


Package hyperref Warning: Token not allowed in a PDF string (Unicode):
(hyperref)                removing `math shift' on input line 1.

[108]) (./class_rand_graph.tex) (./class_s_a_m_p_l_e_t_y_p_e.tex [109])
(./class_tool.tex

Package hyperref Warning: Token not allowed in a PDF string (Unicode):
(hyperref)                removing `math shift' on input line 1.


Package hyperref Warning: Token not allowed in a PDF string (Unicode):
(hyperref)                removing `math shift' on input line 1.


Package hyperref Warning: Token not allowed in a PDF string (Unicode):
(hyperref)                removing `math shift' on input line 1.


Package hyperref Warning: Token not allowed in a PDF string (Unicode):
(hyperref)                removing `math shift' on input line 1.


Overfull \vbox (17.67445pt too high) has occurred while \output is active []


[110]
Underfull \hbox (badness 10000) detected at line 92
[][][]
 []

) (./class_tool_functions.tex

Package hyperref Warning: Token not allowed in a PDF string (Unicode):
(hyperref)                removing `math shift' on input line 1.


Package hyperref Warning: Token not allowed in a PDF string (Unicode):
(hyperref)                removing `math shift' on input line 1.


Package hyperref Warning: Token not allowed in a PDF string (Unicode):
(hyperref)                removing `math shift' on input line 1.


Package hyperref Warning: Token not allowed in a PDF string (Unicode):
(hyperref)                removing `math shift' on input line 1.

[111]) (./class_tools.tex

Package hyperref Warning: Token not allowed in a PDF string (Unicode):
(hyperref)                removing `math shift' on input line 1.


Package hyperref Warning: Token not allowed in a PDF string (Unicode):
(hyperref)                removing `math shift' on input line 1.


Package hyperref Warning: Token not allowed in a PDF string (Unicode):
(hyperref)                removing `math shift' on input line 1.


Package hyperref Warning: Token not allowed in a PDF string (Unicode):
(hyperref)                removing `math shift' on input line 1.

[112]) (./class_tools__const.tex

Package hyperref Warning: Token not allowed in a PDF string (Unicode):
(hyperref)                removing `math shift' on input line 1.


Package hyperref Warning: Token not allowed in a PDF string (Unicode):
(hyperref)                removing `math shift' on input line 1.


Package hyperref Warning: Token not allowed in a PDF string (Unicode):
(hyperref)                removing `math shift' on input line 1.


Package hyperref Warning: Token not allowed in a PDF string (Unicode):
(hyperref)                removing `math shift' on input line 1.

) (./class_user_data.tex

Package hyperref Warning: Token not allowed in a PDF string (Unicode):
(hyperref)                removing `math shift' on input line 1.


Package hyperref Warning: Token not allowed in a PDF string (Unicode):
(hyperref)                removing `math shift' on input line 1.


Package hyperref Warning: Token not allowed in a PDF string (Unicode):
(hyperref)                removing `math shift' on input line 1.


Package hyperref Warning: Token not allowed in a PDF string (Unicode):
(hyperref)                removing `math shift' on input line 1.

[113]
Underfull \hbox (badness 10000) detected at line 72
[][][]
 []

[114]) (./structvec_hasher.tex

Package hyperref Warning: Token not allowed in a PDF string (Unicode):
(hyperref)                removing `math shift' on input line 1.


Package hyperref Warning: Token not allowed in a PDF string (Unicode):
(hyperref)                removing `math shift' on input line 1.


Package hyperref Warning: Token not allowed in a PDF string (Unicode):
(hyperref)                removing `math shift' on input line 1.


Package hyperref Warning: Token not allowed in a PDF string (Unicode):
(hyperref)                removing `math shift' on input line 1.

[115]) (./class_virus.tex

Package hyperref Warning: Token not allowed in a PDF string (Unicode):
(hyperref)                removing `math shift' on input line 1.


Package hyperref Warning: Token not allowed in a PDF string (Unicode):
(hyperref)                removing `math shift' on input line 1.


Package hyperref Warning: Token not allowed in a PDF string (Unicode):
(hyperref)                removing `math shift' on input line 1.


Package hyperref Warning: Token not allowed in a PDF string (Unicode):
(hyperref)                removing `math shift' on input line 1.


Underfull \hbox (badness 10000) detected at line 80
[][][]
 []

[116] [117]) (./class_viruses.tex

Package hyperref Warning: Token not allowed in a PDF string (Unicode):
(hyperref)                removing `math shift' on input line 1.


Package hyperref Warning: Token not allowed in a PDF string (Unicode):
(hyperref)                removing `math shift' on input line 1.


Package hyperref Warning: Token not allowed in a PDF string (Unicode):
(hyperref)                removing `math shift' on input line 1.


Package hyperref Warning: Token not allowed in a PDF string (Unicode):
(hyperref)                removing `math shift' on input line 1.

[118]) (./class_viruses__const.tex

Package hyperref Warning: Token not allowed in a PDF string (Unicode):
(hyperref)                removing `math shift' on input line 1.


Package hyperref Warning: Token not allowed in a PDF string (Unicode):
(hyperref)                removing `math shift' on input line 1.


Package hyperref Warning: Token not allowed in a PDF string (Unicode):
(hyperref)                removing `math shift' on input line 1.


Package hyperref Warning: Token not allowed in a PDF string (Unicode):
(hyperref)                removing `math shift' on input line 1.

) (./class_virus_functions.tex

Package hyperref Warning: Token not allowed in a PDF string (Unicode):
(hyperref)                removing `math shift' on input line 1.


Package hyperref Warning: Token not allowed in a PDF string (Unicode):
(hyperref)                removing `math shift' on input line 1.


Package hyperref Warning: Token not allowed in a PDF string (Unicode):
(hyperref)                removing `math shift' on input line 1.


Package hyperref Warning: Token not allowed in a PDF string (Unicode):
(hyperref)                removing `math shift' on input line 1.

[119]) [120]
Chapter 16.
(./agent-meat-state_8hpp.tex <./agent-meat-state_8hpp__incl.pdf

pdfTeX warning: pdflatex (file ./agent-meat-state_8hpp__incl.pdf): PDF inclusio
n: multiple pdfs with page group included in a single page
>
<agent-meat-state_8hpp__incl.pdf, id=3887, 229.85875pt x 167.62625pt>
File: agent-meat-state_8hpp__incl.pdf Graphic file (type pdf)
<use agent-meat-state_8hpp__incl.pdf>
Package pdftex.def Info: agent-meat-state_8hpp__incl.pdf  used on input line 14
.
(pdftex.def)             Requested size: 229.0pt x 167.0094pt.
 <./agent-meat-state_8hpp__dep__incl.pdf

pdfTeX warning: pdflatex (file ./agent-meat-state_8hpp__dep__incl.pdf): PDF inc
lusion: multiple pdfs with page group included in a single page
>
<agent-meat-state_8hpp__dep__incl.pdf, id=3895, 223.83624pt x 223.83624pt>
File: agent-meat-state_8hpp__dep__incl.pdf Graphic file (type pdf)
<use agent-meat-state_8hpp__dep__incl.pdf>
Package pdftex.def Info: agent-meat-state_8hpp__dep__incl.pdf  used on input li
ne 22.
(pdftex.def)             Requested size: 223.0pt x 223.00572pt.
 [121

]
Underfull \hbox (badness 10000) detected at line 39
[][][]
 []


Underfull \hbox (badness 10000) detected at line 42
[][][]
 []


Underfull \hbox (badness 10000) detected at line 45
[][][]
 []


Underfull \hbox (badness 10000) detected at line 48
[][][]
 []

) [122] (./refman.ind [123



] [124] [125

])
Package atveryend Info: Empty hook `BeforeClearDocument' on input line 275.
Package atveryend Info: Empty hook `AfterLastShipout' on input line 275.
 (./refman.aux)
Package atveryend Info: Executing hook `AtVeryEndDocument' on input line 275.
Package atveryend Info: Executing hook `AtEndAfterFileList' on input line 275.
Package rerunfilecheck Info: File `refman.out' has not changed.
(rerunfilecheck)             Checksum: C1FDA679E3F153A9D1D8340E8E17A749;52544.


LaTeX Warning: There were undefined references.

 ) 
Here is how much of TeX's memory you used:
 19637 strings out of 480478
 347674 string characters out of 5905925
 624773 words of memory out of 5000000
 33751 multiletter control sequences out of 15000+600000
 603446 words of font info for 114 fonts, out of 8000000 for 9000
 1141 hyphenation exceptions out of 8191
 55i,16n,96p,1354b,710s stack positions out of 5000i,500n,10000p,200000b,80000s
{/usr/share/texmf-dist/fonts/enc/dvips/base/8r.enc}</usr/share/texmf-dist/fon
ts/type1/public/amsfonts/cm/cmex10.pfb></usr/share/texmf-dist/fonts/type1/publi
c/amsfonts/cm/cmmi10.pfb></usr/share/texmf-dist/fonts/type1/public/amsfonts/cm/
cmmi12.pfb></usr/share/texmf-dist/fonts/type1/public/amsfonts/cm/cmmi7.pfb></us
r/share/texmf-dist/fonts/type1/public/amsfonts/cm/cmmi8.pfb></usr/share/texmf-d
ist/fonts/type1/public/amsfonts/cm/cmr10.pfb></usr/share/texmf-dist/fonts/type1
/public/amsfonts/cm/cmr7.pfb></usr/share/texmf-dist/fonts/type1/public/amsfonts
/cm/cmsy10.pfb></usr/share/texmf-dist/fonts/type1/public/amsfonts/cm/cmsy7.pfb>
</usr/share/texmf-dist/fonts/type1/public/amsfonts/cm/cmsy8.pfb></usr/share/tex
mf-dist/fonts/type1/urw/courier/ucrb8a.pfb></usr/share/texmf-dist/fonts/type1/u
rw/courier/ucrr8a.pfb></usr/share/texmf-dist/fonts/type1/urw/courier/ucrro8a.pf
b></usr/share/texmf-dist/fonts/type1/urw/helvetic/uhvb8a.pfb></usr/share/texmf-
dist/fonts/type1/urw/helvetic/uhvb8ac.pfb></usr/share/texmf-dist/fonts/type1/ur
w/helvetic/uhvbo8ac.pfb></usr/share/texmf-dist/fonts/type1/urw/helvetic/uhvr8a.
pfb></usr/share/texmf-dist/fonts/type1/urw/helvetic/uhvro8a.pfb>
Output written on refman.pdf (133 pages, 684715 bytes).
PDF statistics:
 4481 PDF objects out of 5155 (max. 8388607)
 4115 compressed objects within 42 object streams
 1467 named destinations out of 1728 (max. 500000)
 1973 words of extra memory for PDF output out of 10000 (max. 10000000)

